30
1 73 2
2 88 6
3 60 10 63 6 69 2
4 66 8 67 6
5 93 3
6 94 6
7 98 2
8 3 10 4 10 5 3
9 58 7
10 72 1 97 5 99 8
11 53 7 55 10 57 10 61 10 62 10
12 69 8 70 7
13 92 4
14 95 2
15 58 3 65 10 70 3 91 10
16 94 3
17 72 9 92 6
18 19 1 23 10 50 7 52 10 77 10 96 10 97 5
19 19 9 20 10 75 6 80 10 85 3
20 93 7 95 2
21 83 10 84 10 85 7 86 7 87 10 88 4 89 10 90 10
22 28 4 54 10 56 3 59 10 76 10 78 10
23 73 8 86 3
24 64 1 66 2
25 98 2
26 99 2
27 63 4 67 4 68 10
28 53 3 56 7 71 10
29 28 6 30 10 74 10 75 4 79 10
30 64 9
