200
1 2875 50 2877 50 2882 50 2944 50 2955 50 2956 50 2957 50 2971 50 2974 50 3004 50 3104 22
2 4347 50 4450 48 4483 50 4565 50 4585 41
3 4378 50 4418 31 4420 50 4431 50 4454 50
4 3184 3 3216 50 3227 50 3235 50 3550 50 3627 50 3955 40 4010 50 4064 50 4071 50 4121 50 4123 40 4151 50 4162 50 4176 30 4195 50 4199 50 4201 50 4223 50 4256 50 4285 50 4309 50 4311 50 4315 50 4316 50 4324 50 4335 50 4348 50 4351 50 4356 50 4359 50 4366 50 4379 50 4381 28 4399 50 4407 50 4409 50 4437 50 4453 50 4457 50 4470 50 4530 50 4543 50 4564 50 4574 50 4580 50 4590 50
5 2723 50 3020 47 3114 50 3172 50 3173 50 3193 50 3206 50 3210 50 3211 50 3218 50 3219 50 3239 50 3244 50 3268 50 3269 50 3272 50 3275 20 3285 50 3293 50 3312 50 3329 50 3332 50 3349 50 3368 50 3375 50 3388 50 3391 50 3395 50 3402 50 3403 50 3407 50 3424 50 3475 50 3507 39 3558 50 3572 50 3809 50
6 4229 32 4294 50 4295 50 4306 50 4327 50 4336 50 4339 50
7 2809 11 2831 40 2853 10 2854 50 2868 50 2925 50 2931 50 2933 50 2936 50 2937 50 2961 50 2976 50 2998 50 3017 50 3072 50 3077 50 3086 50 3107 50 3112 50 3121 50 3125 50 3178 50
8 4227 50 4229 18 4241 50 4269 48 4271 50
9 4626 50 4642 50 4666 32
10 4375 50 4466 31 4513 50 4538 17 4571 50 4577 50 4594 29 4636 50 4640 50 4712 50
11 4517 50 4537 50 4554 50 4558 36
12 4418 19 4441 50 4452 50 4478 36 4540 50 4551 50 4553 50 4563 50 4581 50 4585 9 4588 50 4598 50 4606 50 4615 50 4627 50 4635 50 4660 50 4667 50 4679 50 4701 50 4752 50
13 3144 50 3152 50 3166 50 3185 50 3188 50 3191 50 3241 50 3246 20 3274 50 3278 50 3290 50 3310 50 3347 50 3353 50 3381 50 3404 50 3410 50 3506 50 3512 50 3549 50 3622 50 3673 50 3691 50 3697 50 3748 50 3849 50 3868 50 3892 40 4088 50 4173 50 4185 50 4188 50 4189 49 4213 50 4219 50 4226 50 4255 50 4259 50 4333 50 4334 50 4337 50 4343 50 4352 50 4361 50 4381 2 4400 50 4444 50 4458 50 4507 50 4512 50 4556 50 4607 50 4614 50 4632 50 4651 50 4700 50 4735 33 4747 50 4762 50 4773 50 4776 50 4779 50 4798 50 4801 50 4813 50 4829 50 4834 50
14 4402 40 4424 50 4440 50 4450 2 4476 50 4500 50 4586 50
15 4455 50 4480 50 4484 50 4504 50 4509 50 4520 50 4526 50 4528 50 4538 33 4558 14 4573 32 4610 33
16 996 50 1042 50 1076 50 1108 50 1116 50 1164 50 1172 50 1187 50 1194 50 1222 50 1246 50 1272 50 1283 50 1288 43 1298 50 1327 50 1331 50 1343 50 1365 50
17 4573 18 4575 50 4578 50 4601 50
18 2700 40 2738 50 2798 50 2863 50 2873 50 2891 50 2893 50 2896 50 2903 50 2914 40 2915 50 2954 50 2978 50 3000 4 3028 50 3059 50 3060 50 3081 50 3083 50 3085 50 3119 50 3134 50 3170 50 3194 27
19 4018 50 4092 12 4153 50 4184 50
20 2722 50 2754 50 2814 49 2855 50 2872 50 2879 50 2883 50 2887 50 2895 50 2906 50 2912 50 2941 50 2942 50 2960 50 2975 50 2981 50 2986 50 2992 50 3009 50 3010 50 3015 50 3018 50 3025 50 3040 50 3043 50 3045 50 3047 50 3057 50 3076 50 3128 50 3133 50 3136 50 3143 50 3149 50 3154 50 3155 50 3164 46 3183 50 3214 50
21 4466 19
22 2750 50 2862 40 2888 50 2940 50 3044 50 3067 50 3284 50 4305 50 4308 50 4389 39 4460 44 4468 50 4489 50 4549 50 4593 50 4630 50 4652 50 4678 50 4726 50 4753 50 4768 50 4777 50 4778 50
23 4396 50 4398 50 4427 50 4474 50 4478 14 4519 50 4529 50 4594 21 4596 50 4600 50 4603 50 4621 50 4680 50 4770 50
24 2681 50 2830 50 2836 50 2866 50 2928 50 2946 15 3167 50 3181 50 3267 50 3323 50 3480 11 3751 50 3909 50 4124 50 4143 50 4206 50 4207 50 4210 50 4214 50 4235 50 4239 40 4243 50 4248 50 4250 50 4252 50 4261 50 4265 50 4272 50 4273 50 4278 50 4279 50 4282 50 4284 50 4287 50 4296 50 4301 50 4312 50 4319 50 4323 50 4325 50 4344 50 4350 50 4358 50 4362 50 4363 50 4370 50 4380 50 4384 50 4387 50 4403 50 4404 50 4410 50 4414 50 4421 50 4439 50 4443 50 4465 50 4467 50 4486 50 4490 50 4492 50 4501 50 4502 50 4506 50 4531 50 4539 50 4545 50 4561 50 4572 50 4618 50 4668 50 4674 50 4684 50 4685 50 4702 50 4705 50 4748 50 4774 50 4803 50
25 2946 15 2966 50 3068 50 3135 50 3507 11 3573 50 3660 50 3682 50 3734 50 3856 50 3861 50 3912 50 3929 50 3972 50 3983 50 4019 50 4020 50 4032 50 4035 50 4082 50 4084 50 4094 50 4105 50 4129 50 4130 50 4133 50 4135 50 4139 50 4149 50 4150 50 4165 50 4167 50 4169 50
26 43 50 46 40 59 50 66 30 77 30 86 50 87 50 112 50 145 20 169 20 2673 50 2716 50 2724 50 2726 50 2767 50 2773 50 2799 50 2802 50 2808 50 2821 50 2828 50 2840 50 2841 50 2850 50 2851 50 2907 50 2921 50 2932 50 2947 50 2958 50 2973 50 2987 50 2988 50 2989 50 3002 50 3003 50 3007 50 3020 3 3023 50 3029 50 3030 50 3035 50 3055 50 3058 50 3061 50 3062 50 3070 50 3089 50 3100 50 3108 50 3116 50 3120 50 3127 50 3130 50 3131 50
27 288 50 293 50 1004 50 1005 50 1026 37 1045 50 1095 50 1148 50 1155 50 1171 50 1180 50 1188 50 1202 50 1216 50 1232 50 1235 50 1248 50 1274 50 1295 50 1328 50 1390 13 1413 50 1421 50 1424 50 1463 50
28 2720 40 3117 18 3157 50 3168 50 3194 3 3197 50 3204 50
29 4610 17 4619 50 4666 18 4698 50
30 2788 50 2853 30 2859 50 2860 50 2874 50 2884 50 2892 50 2911 50 2948 50 2963 50 2965 50 2967 50 2983 50 2984 50 2994 50 3021 50 3031 50 3071 50 3079 50 3104 28 3105 50 3141 50 3165 50 3171 50
31 328 50 340 50 341 50 345 50 360 50 366 50 379 50 396 50 398 50 460 50 476 10 545 50
32 3637 50 3649 50 4299 50 4326 50 4340 50 4353 50 4369 50 4372 50 4390 50 4394 50 4402 10 4419 50 4422 50 4434 50 4461 50 4469 50 4479 50 4488 50 4534 50 4536 50 4599 50 4609 50 4611 50 4625 50 4669 50 4681 15 4742 50 4785 50
33 2880 36 3113 50 3182 34 3927 50 4043 50 4052 50 4092 18 4145 50 4224 50 4228 50 4242 50 4244 50 4260 50 4268 50 4269 2 4274 50 4283 50 4293 50 4297 50 4303 50 4313 50 4314 50 4321 50 4331 50 4341 50 4355 50 4365 50 4373 50 4382 50 4389 11 4391 50 4397 50 4430 50 4432 50 4433 50 4436 50 4445 50 4446 50 4451 50 4459 50 4464 50 4475 50 4477 50 4481 50 4482 50 4508 50 4514 50 4523 50 4532 50 4535 50 4541 50 4548 50 4569 50
34 2741 40 2755 50 2796 40 2801 50 2803 50 2815 50 2824 50 2829 50 2869 50 2886 50 2910 50 2916 50 2935 50 2972 50 2979 40 2993 50 2996 50 3078 50 3090 50 3092 50 3095 50 3117 32 3118 50 3179 50 3192 50 3198 50 3199 50 3209 50 3226 50 3240 50 3335 50 3398 50 4310 26 4411 50 4442 50 4460 6 4462 50 4544 50 4568 50 4587 50
35 4584 50 4595 50 4613 50 4633 50 4643 50 4661 50 4687 50 4704 50 4715 50 4735 17 4789 50
36 3158 50 3236 50 3245 30 3250 30 3286 50 4050 50 4137 50 4164 50 4168 50 4183 50 4190 50 4205 50 4208 50 4220 21 4322 50 4328 50 4364 50 4388 50 4428 50 4487 50 4493 50 4546 50 4623 50 4664 50 4690 50 4804 50 4874 50
37 3215 50 3221 50 3224 50 3232 50 3238 50 3251 50 3259 50 3262 50 3266 50 3282 50 3291 50 3492 50 3519 50 4310 24 4368 50 4423 50 4552 50 4681 35 4692 50 4706 50 4718 50 4795 50
38 2672 50 2730 50 2742 40 2765 50 2768 50 2775 50 2781 50 2817 50 2825 50 2826 50 2842 16 2849 10 2856 50 2858 50 2870 50 2881 50 2904 50 2918 50 2922 50 2934 50 2943 50 2949 50 2953 50 2995 50 3019 50 3022 50 3024 50 3032 50 3033 50 3075 50 3099 50 3106 50 3124 50 3126 50 3132 50 3137 50 3140 50 3147 50 3159 50 3161 50 3180 50 3201 50 3205 50 3223 50 3249 50 3252 50 3257 50 3263 50 3280 50 3295 50 3339 50 3342 50 3348 50 3433 50 3530 50 3577 50 3589 50 3599 50 3692 50
39 2733 50 2736 50 2763 34 2766 50 2782 50 2791 50 2792 50 2844 50 2848 50 2865 50 2901 50 2927 50 2939 50 2959 50 2999 50 3038 50 3051 50 3064 50 3102 50 3110 50 3122 50 3146 50 3160 50 3163 50 3184 7 3195 50 3277 50 3311 50 3319 50 3343 50 3344 50 3431 50
40 133 50 2696 50 2740 50 2760 50 2772 50 2786 50 2812 50 2864 50 2952 50 2985 50 3012 50 3053 50 3056 50 3069 50 3101 50 3103 50 3138 39 3200 50 3207 50 3212 50 3234 50 3254 50 3255 50 3261 50 3283 50 3328 50 3341 50 3345 50 3356 49 3363 50 3393 50 3397 50 3399 50 3412 50 3413 50 3466 50 3469 50 3473 50 3524 50 3534 50 3564 50 3621 50 3624 50 3646 50 3663 50 3741 50 3813 50 3882 50 3891 50 3940 50 3986 50 4001 50 4006 50 4049 50 4090 50 4116 50 4138 50 4144 50 4277 50 4281 50 4286 50 4300 50 4338 50
41 3182 10
42 3049 10
43 3049 10
44 3000 6 3164 4
45 4176 10
46 4330 10
47 1173 10
48 4542 10
49 2809 10
50 4449 10
51 1058 10
52 4866 10
53 1390 10
54 4220 10
55 3184 10
56 2914 10
57 16 10
58 3605 10
59 2513 10
60 4806 10
61 4220 10
62 2763 10
63 4449 10
64 4662 10
65 3605 10
66 4330 10
67 169 10
68 4381 10
69 4449 10
70 2741 10
71 4662 10
72 2853 10
73 3892 10
74 2513 10
75 1390 10
76 3605 10
77 3275 10
78 2834 10
79 4542 10
80 2834 10
81 145 10
82 2742 10
83 3480 10
84 4176 10
85 3049 10
86 4395 10
87 2862 10
88 3955 10
89 3246 10
90 2809 9 2814 1
91 252 10
92 169 10
93 4449 10
94 3000 10
95 2849 10
96 3000 10
97 2880 10
98 2831 10
99 2763 6 2880 4
100 3605 10
101 2541 10
102 3275 10
103 1173 10
104 1390 10
105 2796 10
106 3194 10
107 2700 10
108 4092 10
109 3245 10
110 3480 10
111 4806 10
112 16 10
113 4395 10
114 4820 10
115 4449 10
116 3250 10
117 2834 10
118 4330 10
119 4820 10
120 4239 10
121 3194 10
122 145 10
123 1058 10
124 2842 10
125 2809 10
126 4820 10
127 4092 10
128 4123 10
129 52 10
130 4330 10
131 3245 10
132 221 10
133 4381 10
134 4330 10
135 2842 4 3182 6
136 3000 10
137 3 10
138 1026 3 1288 7
139 4866 10
140 2849 10
141 4395 10
142 2849 10
143 3049 10
144 2834 10
145 2809 10
146 3049 10
147 2842 10
148 2849 10
149 3246 10
150 22 10
151 3184 10
152 4820 10
153 4405 10
154 169 10
155 1173 3 1390 7
156 16 10
157 77 10
158 3605 10
159 221 10
160 4395 10
161 4542 10
162 16 10
163 3246 10
164 3184 10
165 3184 10
166 4820 10
167 1173 10
168 66 10
169 2979 10
170 3356 1 3480 9
171 2842 10
172 2720 10
173 252 10
174 4662 10
175 3480 10
176 2834 10
177 2946 10
178 4395 10
179 4806 10
180 3250 10
181 1058 10
182 2556 10
183 1058 3 1173 7
184 77 10
185 22 10
186 1026 10
187 2577 10
188 3275 10
189 4189 1 4220 9
190 1173 10
191 66 10
192 4806 10
193 52 10
194 4806 10
195 145 10
196 2946 10
197 3000 10
198 31 10
199 46 10
200 16 10
