200
1 2974 50 2955 50 3004 50 2944 50 2877 50 2956 50 2882 50 2875 50 2971 50 2957 50 3104 22
2 4517 50 4626 50 4554 50 4537 50 4558 39
3 4455 50 4339 50 4306 50 4375 50 4336 31
4 3105 50 2984 50 3079 50 3031 50 2963 50 2965 50 2884 50 4480 50 2911 50 4520 50 4578 50 2892 50 3071 50 3165 50 4575 50 4526 50 2994 50 3021 50 2967 50 4509 50 4601 50 4504 50 2859 50 3171 50 2788 50 4573 50 4484 50 4610 50 4528 50 2948 50 2983 50 4538 50 2860 50 3141 50 4577 50 2874 50 4466 50 2853 50 3232 50 2961 50 3086 50 4513 50 2831 50 2998 50 3104 28 4558 11 3121 2
5 2937 50 2925 50 2854 50 3125 50 3072 50 2976 50 2936 50 2933 50 3017 50 3178 50 3112 50 2868 50 2931 50 3107 50 3077 50 2809 50 2814 50 3128 50 2872 50 2879 50 3076 50 3143 50 2986 50 2975 50 3149 50 3015 50 3010 50 2960 50 2883 50 2855 50 2912 50 3047 50 3133 50 2942 50 2722 50 3121 48 2981 8
6 4327 50 4294 50 4295 50 4229 50 4347 50 4299 50 4336 19 4326 13
7 4396 50 4398 50 2941 50 2906 50 3009 50 3183 50 4420 50 3043 50 3262 50 3136 50 3045 50 3018 50 3025 50 4378 50 4418 50 3040 50 3155 50 3214 50 3259 50 2981 42 2992 19
8 4271 50 4153 50 4241 50 4018 50 4184 16
9 4642 50 4666 50 4698 32
10 4619 50 4636 50 4640 50 4712 50 4571 50 4594 50 4680 50 4474 50 4698 18 4519 9
11 4770 50 4529 50 4603 45 4519 41
12 4427 50 4596 50 4600 50 4621 50 4478 50 4615 50 4701 50 4752 50 4667 50 4635 50 4553 50 4660 50 4551 50 4588 50 4431 50 4606 50 4679 50 4454 50 4598 50 4627 9 4603 5
13 4581 50 4452 50 4441 50 4563 50 4540 50 2895 50 4585 50 3154 50 3057 50 2754 50 4483 50 4565 50 2887 50 3164 50 4450 50 4500 50 4424 50 3000 50 4586 50 3119 50 3060 50 4440 50 2914 50 2798 50 4476 50 4402 50 3134 50 4434 50 4372 50 2893 50 2903 50 3083 50 4609 50 3081 50 4461 50 2896 50 3085 50 4534 50 2891 50 2738 50 4419 50 3282 50 4479 50 2954 50 4353 50 3170 50 2873 50 3649 50 4340 50 4422 50 4536 50 4488 50 2863 50 3059 50 3637 50 2700 50 4599 50 3238 50 3224 50 4611 50 2915 50 4469 50 4627 41 4326 37 3028 35 2992 31
14 4394 50 4390 50 4369 50 4669 50 4625 50 4681 42
15 4742 50 4785 50 4423 50 4692 50 4795 50 4718 50 4552 50 4706 50 4411 50 4726 50 4681 8 4652 4
16 1172 50 1108 50 1298 50 1365 50 1187 50 1283 50 1246 50 1222 50 1042 50 1194 50 1343 50 996 50 1164 50 1076 50 1327 50 1272 50 1116 50 1331 50 1288 43
17 4630 50 4777 50 4652 46 4568 22
18 2978 50 3194 50 3197 50 2720 50 3204 50 3157 50 3251 50 3168 50 3117 50 2979 50 3266 50 3215 50 3198 50 3519 50 3291 50 2815 50 3221 50 2829 50 2993 50 2996 50 2824 50 3199 46 3028 15
19 4092 50 3927 50 4184 34 4043 28
20 2796 50 2741 50 3492 50 3118 50 3092 50 3192 50 3090 50 3226 50 2972 50 3179 50 3335 50 3209 50 2869 50 2935 50 3095 50 2755 50 2803 50 2886 50 2916 50 3240 50 3078 50 2910 50 3398 50 2801 50 2834 50 2862 50 3067 50 2940 50 2888 50 3284 50 2750 50 3044 50 3049 50 2849 50 2904 50 2765 50 3433 50 2922 50 3205 41 3199 4
21 4368 19
22 4310 50 4544 50 4778 50 4753 50 4678 50 4768 50 4442 50 4587 50 4462 50 4460 50 4468 50 4593 50 4308 50 4489 50 4305 50 4549 50 4389 50 4633 50 4482 50 4227 50 4341 50 4368 31 4568 28 4269 14
23 4475 50 4397 50 4595 50 4430 50 4541 50 4569 50 4268 50 4532 50 4584 50 4715 50 4293 50 4704 49 4269 36
24 2870 50 3124 50 2943 50 3161 50 3342 50 3252 50 2817 50 2934 50 3530 50 3099 50 3599 50 3137 50 3348 50 2949 50 3075 50 3147 50 2826 50 2742 50 2775 50 2768 50 2825 50 3132 50 3223 50 4789 50 3126 50 2953 50 3257 50 2881 50 3140 50 4373 50 4432 50 4523 50 4514 50 4274 50 4382 50 2672 50 4687 50 3022 50 2918 50 3032 50 4535 50 4331 50 4508 50 3033 50 4314 50 4643 50 3263 50 3295 50 3180 50 4297 50 4244 50 4459 50 4661 50 4283 50 3577 50 3024 50 4145 50 4321 50 3106 50 3280 50 3339 50 3201 50 4446 50 4224 50 3019 50 4548 50 2995 50 4242 50 4433 50 4481 50 3692 50 4303 50 4613 50 2858 50 4365 50 4445 50 4260 34 4043 22 3205 9 4704 1
25 4052 50 2856 50 3249 50 3159 50 2730 50 2781 50 3589 50 2842 50 3182 50 3113 50 2880 50 2763 50 2791 50 2959 50 2733 50 2782 50 4151 50 3311 50 2939 50 3064 50 3122 50 3102 50 3110 50 2766 50 2927 50 4123 50 3344 50 2999 50 3195 50 2736 50 3146 50 3605 26
26 46 50 66 50 59 50 3038 50 3051 50 2848 50 2844 50 2865 50 2792 50 2901 50 3002 50 2808 50 2973 50 2716 50 2821 50 2850 50 2987 50 43 50 2921 50 2989 50 77 50 2947 50 3070 50 3131 50 2932 50 3058 50 145 50 2840 50 3062 50 2726 50 3023 50 2907 50 2799 50 3130 50 2724 50 2841 50 2828 50 3061 50 2673 50 3100 50 2802 50 3116 50 3127 50 2767 50 3035 50 3007 50 87 50 2988 50 2851 50 3120 50 3108 50 2773 43
27 366 50 1026 50 1295 50 293 50 1463 50 1155 50 1202 50 396 50 288 50 1216 50 1421 50 340 50 1004 50 1232 50 1045 50 1095 50 460 50 398 50 1188 50 1274 50 545 50 1005 50 1148 50 1248 43 1288 7
28 4121 50 3955 50 3277 50 4071 50 3160 37 3605 24
29 4735 50 4801 50 4762 35
30 3343 50 4064 50 3163 50 3431 50 3319 50 3184 50 3627 50 3550 50 3227 50 4010 50 3235 50 3216 50 3892 50 3246 50 3404 50 3512 50 3506 50 3274 50 3622 50 3673 50 3849 50 3549 50 3278 45 3160 13
31 341 50 328 50 379 50 360 50 345 50 476 50 991 50 474 50 551 50 477 50 368 50 952 10
32 4436 50 4464 50 4313 50 4391 50 4355 50 4228 50 4477 50 4451 50 4176 50 4457 50 4201 50 4223 50 4453 50 4564 50 4776 50 4829 50 4356 50 4351 50 4324 50 4256 50 4590 50 4399 50 4813 50 4379 50 4470 50 4316 44 4260 16 4762 15
33 4348 50 4543 50 4409 50 4335 50 4199 50 4162 50 4574 50 4580 50 4195 50 4285 50 4530 50 4359 50 4407 50 4311 50 4309 50 4366 50 4437 50 4315 50 4381 50 4343 50 4512 50 4352 50 4400 50 4213 50 4333 50 3868 50 4088 50 4185 50 3144 50 3310 50 4334 50 4255 50 4507 50 3748 50 3697 50 3353 50 3191 50 3188 50 4361 50 3691 50 4458 50 4219 50 4226 50 4337 50 4444 50 3290 50 3152 50 3185 50 3241 50 3347 40 4316 6 3278 5
34 3166 50 3381 50 3410 50 4173 50 4259 50 4188 50 4556 50 4189 50 4220 50 4428 50 4388 50 3245 50 4164 50 4322 50 4493 50 4183 50 4328 50 3236 50 3286 50 4364 50 3158 50 4205 50 4487 50 4137 50 4050 50 4208 50 4190 50 4168 50 4546 50 3250 50 3275 50 4330 50 4395 50 3375 50 4139 50 3239 50 4239 50 4561 24 3347 10
35 4747 50 4773 50 4798 50 4779 50 4700 50 4834 50 4614 50 4632 50 4651 50 4607 50 4804 17
36 4664 50 4623 50 4690 50 4874 50 4806 50 3312 50 4531 50 4439 50 4803 50 4421 50 3272 50 3424 50 4387 50 4265 50 4545 50 4685 50 4165 50 4380 50 4702 50 3407 50 4020 50 4572 50 3332 50 3349 50 4804 33 4561 26 4135 22
37 4319 50 3403 50 3929 50 4501 50 4363 50 4384 50 4820 50 3572 50 4296 50 4490 50 3268 50 4370 50 3329 50 3388 50 3861 50 3219 50 3368 50 4362 50 3395 50 3912 50 4443 31 4135 28
38 3173 50 3193 50 3206 50 3172 50 3285 50 3218 50 3402 50 3210 50 3244 50 3211 50 3029 50 3055 50 3089 50 3475 50 3558 50 3003 50 3030 50 2958 50 3020 50 3293 50 2723 50 3391 50 3114 50 3269 50 3507 50 2966 50 3135 50 3573 50 3734 50 3682 50 3068 50 3660 50 2946 50 3181 50 3751 50 2681 50 2866 50 3323 50 3267 50 2830 50 2836 50 3167 50 2928 50 3480 50 3356 50 3663 50 3207 50 3328 50 3012 50 3534 50 3341 50 3397 50 3469 50 3564 50 3254 50 2696 50 3283 50 3234 9 2773 7
39 3363 50 3413 50 2786 50 3069 50 3261 50 2740 50 2952 50 3399 50 3212 50 3393 50 2812 50 2864 50 3053 50 3101 50 3200 50 3412 50 2985 50 3345 50 3255 50 2760 50 3056 50 2772 50 3103 50 3138 50 2905 50 2909 50 3289 50 3231 50 3098 50 3462 50 3234 41
40 4312 50 4323 50 4301 50 4287 50 4284 50 4129 50 4282 50 4084 50 3983 50 4278 50 4325 50 3972 50 4149 50 169 50 3809 50 4032 50 112 50 4210 50 4105 50 4272 50 4279 50 4035 50 4206 50 4207 50 4243 50 4019 50 4133 50 4252 50 4082 50 3856 50 4130 50 4248 50 4094 50 4167 50 4150 50 4273 50 4169 50 4250 50 4124 50 4235 50 3909 50 4143 50 4261 50 4214 50 3986 50 4049 50 4338 50 4300 50 3940 50 3891 50 4006 50 3646 50 3473 50 3524 50 3466 50 3621 50 133 50 4277 50 3882 50 4144 50 3813 50 4090 50 4116 38
41 3581 10
42 3581 10
43 3624 10
44 3096 10
45 4443 10
46 4443 9 4465 1
47 1248 7 1328 3
48 4465 10
49 3005 10
50 4465 10
51 1328 10
52 4358 10
53 1328 10
54 4358 10
55 3624 10
56 2725 10
57 16 10
58 4116 10
59 2513 10
60 4358 10
61 4344 10
62 3624 10
63 4344 10
64 4344 10
65 4001 10
66 4414 10
67 221 10
68 4414 10
69 4414 10
70 2725 10
71 4684 10
72 2725 10
73 3741 10
74 2513 10
75 1180 10
76 3581 10
77 4001 10
78 3096 10
79 4350 10
80 3096 10
81 221 10
82 2693 10
83 4001 8 4116 2
84 4350 10
85 3741 10
86 4684 10
87 3741 10
88 3715 10
89 3715 10
90 2793 10
91 252 10
92 221 10
93 4684 10
94 3005 10
95 3374 10
96 3005 10
97 3374 10
98 2793 10
99 3374 10
100 3129 10
101 2541 10
102 86 10
103 1180 10
104 1180 10
105 2793 10
106 3129 10
107 2693 10
108 4045 10
109 86 10
110 4045 10
111 4350 10
112 16 10
113 4492 10
114 4492 10
115 4492 10
116 4539 10
117 2693 10
118 4539 10
119 4539 10
120 4506 10
121 3129 10
122 197 10
123 1171 10
124 2980 10
125 2774 10
126 4506 10
127 4045 10
128 4075 10
129 86 10
130 4506 10
131 4075 10
132 252 10
133 4486 10
134 4486 10
135 3715 10
136 2980 10
137 3 10
138 1171 10
139 4486 10
140 3893 10
141 4674 10
142 3666 10
143 2980 10
144 3042 10
145 2924 10
146 3094 10
147 3367 10
148 3893 10
149 3367 10
150 22 10
151 3094 10
152 4674 10
153 4404 10
154 197 10
155 1171 10
156 16 10
157 84 10
158 3367 10
159 252 10
160 4467 10
161 4467 10
162 18 10
163 3445 10
164 3445 10
165 3893 10
166 4674 10
167 1413 10
168 70 10
169 3094 10
170 4138 10
171 3777 10
172 2924 10
173 266 10
174 4467 10
175 4502 10
176 3228 10
177 4075 10
178 4404 10
179 4866 10
180 4866 10
181 1413 10
182 2556 10
183 1413 10
184 84 10
185 22 10
186 1235 10
187 2577 10
188 3777 10
189 4404 10
190 1235 10
191 52 10
192 4866 10
193 52 10
194 4502 10
195 197 10
196 3777 10
197 3228 10
198 31 10
199 22 10
200 18 10
