30
1 73 2
2 64 6
3 64 4 66 4 60 10
4 66 6 67 8
5 94 3
6 94 6
7 98 2
8 94 1 67 2 68 10 63 10
9 58 7
10 93 6 98 8
11 58 3 62 4 69 10 70 10 65 10 57 10
12 62 5 72 10
13 92 4
14 93 2
15 93 2 92 6 91 8 95 10
16 99 3
17 91 2 73 3 88 10
18 62 1 73 5 99 7 97 10 86 10 61 10 76 10
19 84 8 55 10 89 10 71 10
20 90 9
21 90 1 84 2 79 5 53 10 83 10 56 10 78 10 87 10 59 10
22 75 7 54 10 28 10 30 10 74 10
23 79 5 85 6
24 85 3
25 96 2
26 96 2
27 85 1 75 3 77 4 80 10
28 20 10 52 10
29 82 4 77 6 23 10 50 10 48 10
30 
