100
1 279 50 294 47
2 797 50 805 50 826 40
3 249 50 323 50 245 31 294 3
4 734 50 729 11
5 9 50 18 32
6 675 50 667 50 634 50 662 50 674 50 653 50 671 50 636 5
7 754 8
8 698 50 694 50 707 50 680 50 689 50 709 50 700 50 683 50 710 50 704 50 677 38
9 706 50 713 50 701 50 714 27
10 993 5
11 677 7
12 636 45 624 34
13 589 50 587 50 579 50 581 50 591 4
14 963 23
15 817 44 826 10
16 682 50 691 26
17 283 50 306 50 293 50 298 50 308 49 245 19
18 695 50 651 50 656 50 691 24 714 23 624 16 654 13 677 5
19 708 50 668 50 673 50 658 50 644 50 681 50 641 41 729 39 654 37
20 825 50 861 50 821 10 817 6
21 641 9 622 1
22 712 10
23 712 10
24 712 10
25 622 10
26 622 10
27 595 10
28 258 9 308 1
29 723 10
30 723 10
31 723 10
32 665 10
33 64 10
34 665 10
35 556 10
36 665 10
37 722 10
38 722 10
39 722 10
40 258 10
41 608 10
42 739 10
43 64 10
44 258 10
45 626 10
46 739 10
47 606 10
48 35 10
49 608 10
50 507 10
51 490 10
52 490 10
53 686 10
54 90 10
55 739 10
56 686 10
57 686 10
58 699 10
59 64 10
60 699 10
61 4 10
62 340 10
63 699 10
64 626 10
65 18 10
66 716 10
67 626 10
68 716 10
69 650 10
70 104 10
71 340 10
72 18 8 13 2
73 90 10
74 716 10
75 56 10
76 650 10
77 340 10
78 650 10
79 726 10
80 726 10
81 726 10
82 90 10
83 532 10
84 608 10
85 35 10
86 696 10
87 507 10
88 696 10
89 507 10
90 696 10
91 721 10
92 290 10
93 631 10
94 721 10
95 721 10
96 631 10
97 490 10
98 748 10
99 748 10
100 13 10
