3000
1 5907 600 5987 600 5886 600 6155 600 8778 600 5975 600 5836 600 9095 600 8996 600 8948 576
2 8929 357 8948 24
3 6156 600 6201 600 5842 596
4 9152 255
5 8825 600 9152 345 8929 243 8881 172
6 6297 600 6102 600 6123 600 6142 450 8881 428 5842 4
7 8977 364
8 8977 236 9221 165
9 6040 600 6022 600 6035 600 6354 600 6192 600 5812 600 5890 600 5722 600 5673 600 6075 600 6226 600 6086 600 6214 277 6142 150
10 9018 600 9158 600 9183 600 9221 435 8924 344
11 6214 14
12 9204 174
13 5972 600 6283 600 5866 600 5682 600 6187 600 5816 476 6214 309
14 9085 600 9204 288 8924 256
15 9192 302 9204 138
16 9192 298 8921 99
17 8921 128
18 8819 600 8708 600 8704 600 5631 600 5912 177 5816 124
19 6113 600 6205 600 6074 600 6207 600 6274 600 6281 600 5912 423 5952 110
20 9016 600 8921 373 8987 108
21 9527 18
22 2557 600 5153 600 5147 55
23 5877 600 6266 600 6154 600 6245 600 5895 600 5660 600 5760 600 5952 490 5947 352
24 8987 405
25 9218 415
26 8702 600 6042 600 5618 600 5746 600 5947 248 5862 132
27 5862 468 6256 149
28 8893 188 8987 87
29 9254 600 9194 600 9197 600 8893 412 9218 185 8869 102
30 9388 600 8869 498 9284 198
31 5630 600 6166 600 5640 600 6256 451 6179 38
32 6394 600 6431 600 5693 600 5919 600 5948 600 5779 600 5980 600 5829 600 6273 600 5781 600 5730 600 6179 562 6151 191
33 8818 600 8767 600 8834 200
34 5925 526 6151 409
35 6239 600 5789 600 6416 600 5554 600 6052 600 5797 485 5925 74
36 9048 88
37 9284 254
38 7527 511
39 9510 336
40 9344 600 9102 600 9006 600 9048 512 9061 422 8834 400 9284 148
41 9227 600 8956 600 9246 600 8748 600 9092 600 9106 600 8753 600 8853 600 8972 600 9510 264 8816 241 9061 178
42 8873 417 8816 359
43 9067 600 9391 478
44 5928 600 6128 600 6024 600 6033 600 6108 600 5850 600 5856 350 5797 115
45 9756 125
46 9203 277 8873 183 9391 122
47 9278 600 8903 600 8959 600 9039 600 8954 448 9203 323
48 9115 186 8954 152
49 5956 600 5636 600 5894 600 6288 600 6344 600 6235 600 6116 600 5874 600 5856 250 5914 131
50 8923 600 9115 414 8943 341
51 9051 600 8742 267 8943 259
52 6036 600 5914 469 6000 217
53 8742 333 8798 24
54 8877 600 9049 292
55 8649 328
56 7622 370 7527 89
57 5752 600 5768 600 5860 600 6000 383 5817 149
58 9049 50
59 8846 600 8836 600 9170 600 8978 600 6158 600 5817 451 6202 308 9049 258
60 9229 600 9252 600 9469 600 6202 169
61 5831 600 6062 358 6202 123
62 2222 600 2337 600 2577 600 2568 339
63 8798 90
64 8863 600 6340 600 6362 600 8668 600 8798 486 6351 287 8649 272 6062 242
65 9022 600 9414 554
66 6351 313 5626 108
67 9124 342 9414 46
68 9124 232
69 5626 103
70 5176 600 5180 600 2372 600 5184 600 5177 600 5147 545 2568 261 2173 128
71 9238 145 9124 26
72 9178 600 8856 600 9238 455 8610 18
73 5961 579 5626 389
74 9929 105
75 9483 92
76 8480 600 8494 600 8572 404
77 6050 600 6153 600 8610 582 6079 424 5961 21
78 5601 232
79 5909 600 5936 600 6335 600 5650 600 6298 600 5994 600 6530 531 5601 368 6079 176
80 8781 600 8598 495
81 6064 600 6131 600 8746 600 5718 600 5764 600 6330 600 5913 600 6478 207 8598 105 6530 69
82 9639 81
83 8862 600 9483 508 8866 120
84 5901 600 5787 600 6182 600 6399 600 6270 600 6254 600 6478 393 6067 277
85 9313 600 9116 600 8866 480 8909 284
86 6067 323 5879 267
87 9053 600 9113 600 9010 600 8909 316 9450 200
88 8850 600 8740 600 8884 600 8831 600 8860 179
89 9450 400 9101 312
90 9432 9
91 2091 600 2622 600 2651 483 2173 472
92 6026 600 6334 502 5879 333
93 9639 223
94 6462 600 6334 98 5930 57
95 9263 31
96 9101 288 9190 5
97 9153 600 9346 600 6093 600 9190 595 9432 591 9263 569 5930 543 8860 421 8939 208
98 9756 8
99 5828 600 6186 600 9017 600 8939 392 8802 118
100 9527 484
101 8738 600 6243 600 8802 482 8887 52
102 5557 600 5671 600 5716 600 6434 600 6472 600 5773 118
103 8755 600 8829 600 8969 600 9029 600 5727 600 6094 600 8887 548 5773 482 5522 99
104 6569 180
105 8918 600 9034 600 9527 98 9207 56
106 5522 184
107 6348 600 6443 600 5893 600 9207 544 5522 317 5855 21
108 9256 600 9079 600 9076 99
109 9076 275
110 6144 13
111 9441 411
112 416 600 322 15
113 9756 101
114 4266 387
115 5775 600 9052 600 6020 600 9001 600 6144 587 5855 579 5661 399 9076 226
116 6057 600 5832 600 6117 600 5794 600 6480 600 6302 600 6303 327 5661 201
117 7956 523 7622 230
118 9205 600 8768 172
119 9871 44
120 8811 600 8589 600 8861 600 5644 600 6011 600 9380 600 5602 600 6323 600 8729 600 5783 600 8784 600 8768 428 9430 372 6303 273 9441 189
121 6293 600 5944 600 5859 600 5988 600 6082 600 5921 85
122 5921 515 5507 195
123 9430 228 9002 111
124 5507 405 6029 334
125 2367 600 2841 600 2600 229 2651 117
126 8700 600 9084 600 9458 600 9002 489 8993 135
127 8823 600 8672 600 8870 600 8584 600 8993 465 6569 342 6029 266
128 6540 600 6007 600 6041 371 6569 78
129 6363 600 5603 600 5643 600 6284 600 6041 229 6368 56
130 9299 600 8892 600 9119 600 9104 600 8984 600 9026 600 9088 600 9352 600 9130 11
131 9059 600 8642 600 9130 589 8841 564
132 6368 456
133 5838 600 6122 600 6506 600 8871 600 8904 600 6247 600 8654 600 8647 600 8710 600 9413 600 5820 600 6368 88 9372 57 8841 36
134 8675 600 8665 471
135 9253 600 8837 600 9372 543 9305 220 8572 196 8665 129
136 9305 380 8607 95
137 5656 600 6345 600 6159 125
138 6325 600 6341 600 5889 600 5559 600 5697 600 5991 600 6484 600 6159 475 5680 245
139 5999 600 6262 409
140 6212 600 6386 600 8717 600 6126 600 8777 600 5744 600 8607 505 6137 450 5680 355 6262 191
141 6009 600 6365 600 5653 600 8558 425 6137 150
142 6152 600 6127 600 6438 600 6513 600 6140 600 5597 600 6006 600 6259 600 5739 600 6567 600 6527 230
143 9830 26
144 9639 64
145 8917 600 8935 600 8558 105
146 9157 600 8679 140 8558 70
147 6088 600 6023 600 6527 370 6427 322
148 8679 460 9126 265
149 9126 224
150 8485 600 9453 338 9126 111
151 5939 600 6299 600 5997 532 6427 278
152 8498 600 8734 600 8951 600 8895 401
153 8626 600 8561 431 8895 199
154 9174 600 8832 600 8810 600 8805 600 8875 600 8527 600 8835 461 8561 169
155 9520 600 9511 600 9416 600 8743 600 8658 600 9127 600 5591 600 9172 600 9275 309 9453 262 8835 139 5997 68
156 6160 600 7135 600 9270 600 5926 600 9066 493 9275 291
157 9066 107 7956 45
158 7027 565 7956 32
159 5857 600 5734 600 5827 600 5733 600 5732 600 5982 267
160 6327 600 8595 600 6470 597
161 9335 600 6361 600 6366 600 8757 387 6470 3
162 9418 133
163 8876 584 8757 213
164 6111 151
165 6446 600 6445 600 6589 600 8522 600 9037 600 8896 600 8538 600 6015 600 6228 600 9418 467 6111 449 5982 333 5788 91 8876 16
166 9702 237
167 5493 600 5958 600 6185 600 5983 600 6134 600 8509 600 9500 600 8749 600 6172 600 5788 509 5575 224 7027 35
168 7154 600 9150 600 8425 600 9149 600 8586 117
169 8651 600 8586 483 9489 95
170 6343 600 6097 600 5769 600 5575 376 6210 206
171 9489 426
172 9577 345 9489 79
173 5700 600 6984 492 6210 394
174 5312 600 5310 600 5277 598
175 9577 65
176 5455 600 5821 600 5706 600 7498 447 6984 108
177 7498 84
178 8927 600 5918 600 5721 600 5995 600 6552 600 9045 600 8401 600 9035 600 5756 600 6482 170 7498 69
179 2530 600 2611 600 2600 371 2529 35
180 6183 600 6417 600 5924 568 6482 430
181 9145 600 9323 600 9383 600 9282 600 8910 600 8666 600 6261 600 9046 600 6440 486 9577 190 5924 32
182 8071 600 9273 600 9382 600 8998 600 6019 600 6306 600 7586 600 6058 600 6440 114 5664 16
183 5664 63
184 5871 600 8478 600 8555 600 5686 600 6497 600 6038 600 6511 600 5726 600 5940 600 9429 600 5664 521 9540 291
185 5865 600 5978 328
186 5665 600 5541 195
187 6136 600 7179 600 5742 600 5735 600 5541 405 5978 272 6461 59
188 9540 309 8854 295
189 8712 600 8854 305 8597 214
190 5822 600 5976 600 5923 600 6461 541 5891 418 8597 386
191 9324 600 9292 600 5352 411 5891 182
192 5655 600 5927 600 5770 600 6999 245 5352 189
193 9393 600 9288 600 8878 410
194 8789 600 8707 229 8878 190
195 9156 488 8707 371
196 8560 600 8940 178 9156 112
197 6104 600 6999 355 6326 225
198 7918 600 8764 524 8940 422
199 8914 210 8764 76
200 6670 600 6230 449 6326 375
201 6311 279 6230 151
202 5469 600 6173 600 6983 600 6066 600 6028 600 6311 321 5623 197
203 8942 600 8737 600 8165 600 8609 600 8733 424 8914 390
204 8916 212
205 9929 30
206 9503 600 9025 489 8916 388 8733 176
207 9376 339
208 9189 470
209 7149 600 7350 266
210 8775 600 8842 247 9189 130 9025 111
211 8842 198
212 9340 347 9376 261
213 6056 600 6025 600 5483 600 5623 403 5454 43
214 8888 600 8604 275 8842 155
215 8604 83
216 6316 600 6169 600 5454 557 5943 330
217 8399 600 7350 219
218 5608 600 5611 600 5615 600 5506 600 5571 493
219 8604 242 8621 89
220 9929 112
221 8621 126
222 6395 600 6332 600 5884 600 6091 600 5937 420 8621 385 5943 270
223 8979 600 8759 600 8976 11
224 6324 600 6581 600 5846 600 6337 600 5883 600 7017 600 5800 282 5937 180
225 8976 230
226 8976 11
227 9340 253 9602 117
228 5725 600 6402 600 6132 600 6529 600 6674 600 6264 600 6364 600 6610 600 6031 544 5800 318 7350 115
229 6236 600 6412 600 6157 97 6031 56
230 6652 600 6216 600 6393 600 6017 600 7066 600 6526 600 5932 576 6157 503
231 9226 600 8880 600 8788 533
232 9215 600 9044 600 9110 600 9307 600 8982 334 8788 67
233 9167 18
234 8463 600 8449 600 8331 112
235 8331 488 7778 226
236 8528 600 8799 600 8659 600 8691 600 8510 600 8779 349
237 9629 600 8981 600 9308 600 9398 600 8899 600 9484 600 9027 600 9492 600 8773 600 9167 582 8678 494 9602 483 7778 374 8982 266 8779 251
238 8423 600 6279 600 6597 600 8470 252 8678 106 5932 24
239 6378 600 8470 348 6415 285
240 7851 600 8750 600 6415 315 6423 222
241 5861 281
242 5903 600 5861 319 6423 60
243 8920 93
244 8920 507 9134 404
245 9457 376 6423 318 9134 196
246 9097 600 7845 600 5823 600 8515 600 6199 600 8973 231 5571 107
247 9508 167
248 9457 140
249 5887 600 6424 600 6352 600 6320 600 6112 600 6369 600 7006 600 6665 600 6882 600 6439 600 5425 154
250 8240 600 8496 600 6387 600 8310 600 6044 600 6651 600 8353 600 6385 600 6331 597 5425 446
251 9422 244 9457 84
252 5649 600 6232 600 6599 35 6331 3
253 8973 26
254 5449 600 5629 600 5869 600 5667 600 5819 600 5417 600 5833 69
255 9751 103
256 8973 343 9184 237
257 8953 600 8766 448 9184 363
258 9751 189
259 2700 600 2685 102
260 9199 600 8524 600 9179 600 9154 600 9161 600 8613 600 9233 600 8968 600 8352 600 8809 600 8614 600 9422 356 9360 297 8766 152
261 8949 235
262 7286 600 6305 600 6599 565 7340 377
263 8760 600 6721 528 8949 365 7340 223
264 9360 26
265 9230 600 9213 600 6728 600 8151 600 8795 600 6437 600 8715 600 9180 600 9009 600 6107 600 6606 600 6721 72 6507 7
266 8504 600 7453 600 8471 105
267 9508 291
268 5100 600 5095 583
269 9480 600 9168 448 9360 277 9508 142
270 6507 593 5833 334
271 6551 600 9312 600 9135 600 9271 600 6602 521 5833 197 9168 152
272 8486 600 8471 495 6602 79 9283 16
273 9283 584 9347 331
274 6483 306
275 6145 600 6495 600 5834 597 6483 294
276 5985 600 5782 600 5933 600 5645 469 5834 3
277 9426 322 9347 269
278 8557 159
279 9426 278 9546 95
280 7416 154
281 7416 446 8557 162
282 8883 600 6592 600 7475 600 7850 600 8465 600 6580 600 8489 600 6644 600 8500 459 8557 279
283 2384 600 2336 8
284 2336 9
285 9546 505 9677 235
286 9677 365 9103 246
287 9467 472
288 6391 600 7459 600 8159 600 8697 600 6300 484 8500 141
289 8526 398
290 9103 311
291 6661 600 6221 600 6268 600 7967 600 8699 600 6452 600 6650 600 7317 600 8473 600 8526 202 5645 131 6300 116 9103 43 8872 5
292 8405 600 8804 600 5651 600 8872 595 5777 318
293 5870 600 5885 600 6418 600 5938 600 5588 600 5845 600 5720 313 5777 282
294 6757 600 7672 600 8443 600 6950 600 5624 553 5720 287
295 8490 72
296 8787 600 9507 414 9467 128
297 6176 394 5624 47
298 9797 27
299 5753 555
300 8848 600 8747 600 9139 600 9030 600 9400 600 7752 513 9507 186
301 8040 508 7752 87
302 6176 206 6252 67
303 9328 325
304 9649 68
305 6252 533 6251 402 5753 45
306 9534 571
307 8541 571 8490 528 8040 92
308 8359 600 8801 600 5959 600 8618 600 6251 198 9586 53 8541 29 9534 29
309 5646 600 6177 600 8606 600 6832 600 8556 600 5540 202
310 8706 600 8347 188
311 9410 600 6282 600 7551 600 6578 600 5772 600 6290 600 5616 600 5516 562 9586 547 9649 532 5540 398 9328 275
312 2642 600 2685 498 2647 403
313 6685 600 7584 600 6130 600 9021 600 6512 600 6717 600 7019 600 7636 600 8688 600 5681 600 6258 600 9089 459 8347 412 5516 38
314 5453 600 6455 390
315 9268 600 8552 600 9090 600 8808 600 6711 600 6333 600 6684 600 8624 600 8756 600 6479 283 6455 210 9089 141
316 6614 600 9032 600 6584 600 9316 600 6479 317 6765 288
317 9575 600 8439 600 9201 600 9096 22
318 6008 600 5922 600 6860 600 8450 600 6971 600 8456 600 9096 578 7825 495 6765 312
319 8685 600 8952 306
320 8429 600 5853 237 7825 105
321 7653 422 8952 294
322 5853 101
323 5492 600 5378 600 5341 600 5551 600 5592 600 5549 600 5521 600 5584 600 5411 145
324 6414 480 5853 262
325 6525 600 6719 600 6867 600 5960 600 8564 600 6428 511 7653 178 6414 120
326 6608 600 6001 600 6170 600 5705 600 6659 600 6846 600 6498 600 6318 600 6382 600 6646 600 6248 192 6428 89
327 8830 600 8847 600 8995 600 9120 600 8709 594
328 9554 600 9249 157
329 8709 6 8843 3
330 8273 600 7909 600 7237 529 6248 408
331 2336 583 2389 539
332 5679 600 5977 36
333 8104 600 8265 600 7503 600 6360 600 7054 600 8843 597 5977 564 8771 275 7237 71
334 6449 600 6643 600 6794 600 6371 600 6616 600 5638 600 6884 600 6244 19
335 6367 600 6244 581 6888 91
336 7811 600 5811 600 5776 455
337 9565 204
338 8771 325 8673 273
339 8601 600 9249 443 8673 327 9565 169
340 8223 600 8692 600 8822 121
341 5016 600 4992 392
342 6213 600 5837 600 5793 600 6234 600 7071 600 8772 560 6888 509 8822 479 9565 227 5776 145
343 6229 473
344 5670 600 6195 426
345 7564 600 8483 600 8793 348 8772 40
346 6359 600 6555 600 6432 600 6286 600 6544 600 6571 568 6195 174 6229 127
347 6181 600 6632 600 8793 252 8196 226 6571 32
348 9478 191
349 6322 600 7401 600 6722 600 8196 374 6211 287
350 8345 600 8633 600 9322 600 6295 600 7310 600 6542 600 5851 600 6271 600 7035 600 8116 600 9478 409 6211 313 8553 107
351 8985 600 8553 493 9267 8
352 6203 600 6499 600 7136 600 9267 592 7324 325
353 5747 600 8694 600 9231 600 9702 303 7324 275
354 5675 600 6190 600 5754 600 6278 600 6671 87
355 8354 398
356 5807 600 6296 600 6420 600 5993 600 6636 600 6671 513 6579 249
357 9582 600 7477 600 8770 600 8882 600 8599 600 6471 600 9082 409 6579 351 8354 202 9702 60
358 8290 375 9082 191
359 8879 600 7863 600 7610 309 8290 225
360 9431 357
361 6188 600 6559 600 8587 600 7415 358 7610 291
362 8362 600 8640 600 8950 126
363 5411 455 9431 6
364 6841 600 7407 600 8682 600 8950 474 7415 242 9431 237 7491 4
365 9107 185
366 7126 600 7491 596 9107 125
367 5663 600 5814 600 5992 52
368 6083 600 5992 548 9107 64
369 4174 241 4266 213
370 5593 600 7112 9
371 8285 562
372 7112 289
373 5349 600 5606 600 5715 600 5413 600 5598 600 5841 600 5528 428
374 9320 487 8285 38
375 2529 565 2440 109 2389 61
376 9791 88
377 8657 600 6100 600 7347 600 9672 432 7112 302 9320 113
378 6346 600 8269 600 8418 600 7150 274
379 9366 600 7150 326 8967 53
380 6433 600 8967 547 6946 77
381 9212 278 9672 168
382 6496 600 6491 600 6585 600 6701 600 6304 600 6314 600 6946 523 6477 16
383 8716 591
384 9581 21
385 6163 600 6178 462
386 5572 600 5622 600 5524 600 5441 238 5528 172
387 8913 600 8231 60 8716 9
388 8451 600 6700 600 6582 600 6477 584 9581 579 8231 540 6675 351 9212 322
389 9261 600 8596 271
390 283 178
391 6737 600 7946 600 8230 600 9409 600 9077 600 8346 600 8611 402 8596 329 6675 249 6178 138
392 6411 600 6619 600 6811 539
393 9251 600 8806 600 6503 600 6877 600 7583 600 8416 600 6915 600 8324 600 6724 600 7766 600 9301 235 8611 198 6811 61
394 6442 600 6267 600 6541 600 6289 600 6161 600 6099 600 6413 600 6523 456 5441 362
395 9301 365 6839 76
396 6638 600 6595 600 9473 600 8455 600 8534 600 8344 600 8186 600 9525 600 9269 600 6710 600 6839 524 8041 139
397 8782 600 8857 483
398 7745 600 8686 600 9419 600 8462 600 8744 600 8077 600 8317 600 8041 461 9486 431 8857 117
399 5007 600 4975 600 4992 208 5002 97
400 7897 133
401 5517 600 6032 600 6225 548 6523 144
402 5872 600 6762 600 5627 228 6225 52
403 6622 600 6321 600 7600 600 7085 600 8643 600 6249 600 5482 600 5501 600 6702 600 7897 467 6716 385 5627 372
404 5701 600 6164 600 5699 600 5849 600 6408 600 6716 215 7116 26
405 9486 169 9462 70
406 9694 91
407 9062 600 9462 530 9694 509 9247 288
408 8065 600 8125 600 8593 600 8567 113
409 8132 600 7116 574 7248 273
410 9100 600 8567 487 8590 25
411 8241 600 8594 600 5526 600 5652 600 5479 600 8590 575 7922 424 7248 327
412 9644 600 8934 600 8797 600 8868 600 9247 312 9164 223
413 6743 600 6818 600 6047 600 6447 600 7867 600 5803 600 6733 600 9234 600 5548 600 5824 600 6407 600 6458 420 9164 377 7922 176
414 8398 124
415 9618 324
416 9618 276 9620 226
417 9620 240
418 6782 600 8398 476 5695 329 6458 180
419 5530 600 6600 600 7200 600 8316 600 5695 271 6457 4
420 9188 600 9008 600 9660 568 9620 134
421 6457 29
422 8150 600 6457 567 5434 508
423 6713 600 6830 600 6005 600 5353 342 5434 92
424 7544 600 6676 600 5990 600 6587 600 6493 347 5353 258
425 74 600 123 600 85 600 98 600 94 600 100 600 87 219
426 6753 600 5974 600 6114 600 6538 600 5941 600 6468 600 6801 600 5647 600 6568 267 6493 253
427 8387 512
428 9603 127
429 9513 469
430 8941 600 9603 473 8472 249 9513 131 8387 88 9660 32
431 9281 497
432 8912 600 8171 429 8472 351
433 8758 600 7717 600 7729 600 8520 600 8669 600 8680 600 8696 600 6568 333 6184 264 8171 171
434 9005 600 9549 600 8963 600 9063 600 9132 600 9047 600 9353 130 9281 103
435 6630 600 6524 49
436 6307 600 6241 600 6524 497 6184 336
437 393 600 413 600 483 600 479 600 516 600 669 586
438 6095 600 5576 600 8656 453 6524 54
439 6377 600 8511 600 5438 600 6598 533 8656 147
440 9367 600 8925 600 8898 600 9093 600 9353 470 9456 245
441 5514 600 6410 600 5418 600 6096 341
442 8966 600 9266 600 8404 600 6623 600 6546 197 6598 67
443 6546 403 6978 316
444 8062 600 6534 467 6978 284
445 9456 355 9542 24
446 8442 600 9542 576 9286 193
447 6601 600 6858 600 6520 600 6820 259 6534 133
448 9613 81
449 9498 276
450 6820 158
451 9498 195
452 9613 69
453 9971 11
454 9286 357
455 8568 600 8191 600 8722 600 9315 445 6820 183 9286 50
456 9325 600 7972 600 8146 600 6962 600 8728 225 9315 155
457 5986 600 6168 600 6667 600 7380 600 6347 600 6096 259 6508 179
458 8259 600 6735 600 6776 600 5969 600 6055 600 6607 600 6726 600 6928 600 7014 600 7344 600 8013 600 6508 421 7312 136 5277 2
459 8542 575 8728 375
460 5544 600 5981 600 6642 600 6736 530 7312 464
461 7497 69
462 8542 25 8662 1
463 9751 25
464 8662 77
465 9613 157
466 8662 376
467 8814 600 8852 600 8576 600 8723 600 8406 600 8705 600 8731 600 9186 600 8277 600 8437 442 9498 129
468 9129 600 8762 600 7712 600 6285 600 6338 600 6319 600 8786 600 8980 600 8992 600 6465 600 8437 158 6736 70 6574 5
469 9532 600 9440 406
470 8457 600 8664 600 8827 600 7497 531 9440 194 8851 8
471 6397 600 6570 600 6209 600 5586 600 6596 600 6574 595 6193 594
472 8428 600 8137 600 6785 93
473 9646 600 8851 592 8867 97
474 5513 600 6562 600 8867 503 9568 248 6193 6
475 8616 586
476 8919 600 9385 542 6785 507 9568 352 8616 14
477 5902 600 5380 468
478 640 600 653 61 669 14
479 9916 69
480 5520 600 6223 600 6263 600 5684 348 5380 132
481 7266 600 7818 600 8304 600 8278 600 7812 600 7009 600 6146 600 6180 600 8139 600 5687 467 5684 252
482 8900 600 9013 143
483 9242 600 8323 600 8536 600 6788 600 8328 600 8545 600 6948 600 6936 600 9013 457 8021 299 5687 133 9385 58
484 2152 600 2475 507 2440 491
485 6162 600 6294 600 5595 600 6165 600 6238 600 5326 481
486 9631 128
487 6647 600 7267 600 6405 600 6590 600 6535 600 6779 600 5369 600 6350 600 6059 600 6312 600 5286 129 5326 119
488 2300 600 2475 93 2453 90
489 8284 600 8687 600 8026 600 9078 600 8783 600 9012 600 8683 600 5590 600 8761 600 6419 600 8961 600 5286 471 8021 301 6196 79
490 6196 358
491 9564 600 9502 600 5486 600 6027 600 6081 600 6149 600 5954 600 6847 600 8833 600 6353 600 6531 294 6196 163
492 5368 600 5550 600 5392 600 5325 600 5488 589
493 6843 600 8349 600 8374 333 6531 306
494 59 600 157 600 104 600 99 600 87 381 66 45
495 6510 600 6649 600 6699 246
496 5494 600 5467 600 5731 427 5488 11
497 6255 600 6430 600 6381 600 5968 600 6328 600 6389 542
498 6817 600 7053 600 7359 600 6586 600 6894 600 7351 600 6679 600 6699 354 6732 104
499 9535 256
500 8374 226
501 9302 600 7789 600 9373 600 7500 595 6732 496 9535 344 8374 41
502 9631 86
503 8392 600 7838 600 8623 173 7500 5
504 9011 600 9023 600 8623 427 7293 237
505 9370 600 8571 600 9257 274
506 9257 326 9631 78
507 8120 600 7788 600 6143 600 6550 600 7059 600 6628 600 7451 600 8588 600 7293 363 5731 173 5364 72 6389 58
508 6886 600 7393 384
509 8991 600 6167 600 9386 600 8999 600 8261 600 9333 600 5364 528 9501 480 7393 216
510 8714 600 8891 600 6521 600 7294 600 7866 600 8168 600 8268 600 8376 600 8752 56
511 9557 600 8752 255 9501 120
512 7718 600 8413 600 8332 426
513 9181 600 5543 468 8752 289
514 8615 600 8332 123
515 8487 600 8234 338 8332 51
516 5810 600 5953 600 6560 600 7634 600 6780 600 8641 600 5713 274 8234 262 5543 132
517 5713 326 6756 245
518 9438 207
519 8242 600 8253 600 6376 600 6756 355 8356 310
520 8780 600 8356 290 5533 168
521 9138 600 8932 600 9455 600 9054 600 7076 600 9438 393 7338 169
522 8232 600 8410 517
523 9652 600 5533 432 7338 172
524 7353 600 6485 600 8294 600 6770 600 5840 600 7919 600 5962 600 6709 600 7942 600 6175 600 6910 283 7338 259 8410 83
525 9423 600 9074 600 9117 600 8670 600 9296 600 8574 600 8582 600 9465 407
526 9208 600 9222 600 7910 600 6046 600 6910 317 9465 193 6871 47
527 5799 600 5632 600 5804 600 5683 238
528 9670 445
529 7238 600 6949 600 7768 562 6871 553
530 5683 309 7768 38
531 9491 600 8721 600 9114 600 9670 155 7989 32
532 7834 600 7989 568 8674 69
533 9295 379
534 8674 531 9072 467
535 6291 600 6048 78 5683 53
536 6048 522 6450 251
537 7452 600 5920 385 6450 349
538 7513 480
539 6998 600 8228 600 7371 600 8397 600 8537 600 5224 600 5897 600 6939 600 5634 600 5920 215 9072 133 8256 104
540 7176 600 6901 416
541 8256 496 5863 318
542 6287 600 6481 600 6692 600 5480 600 5863 282 6502 206
543 8130 446
544 2453 510 2261 393
545 6727 600 6129 600 6502 394 6400 362 8130 154
546 47 600 48 600 57 600 69 600 217 600 163 600 66 555 71 64
547 5729 600 5666 403 6400 238
548 9086 600 8547 525
549 9988 14
550 8886 600 8452 600 8986 600 8547 75 8382 27
551 6718 114
552 6505 600 6358 600 6037 600 5450 600 6545 600 6421 600 5688 600 6206 600 6191 230 5666 197
553 8382 573 8123 266 9295 221
554 8123 334 8384 228
555 9791 27
556 9747 600 9791 485 9547 119
557 2261 146
558 9547 11
559 6575 600 7161 600 6718 486 8384 372 6901 184 8499 46
560 8499 554 7513 113
561 7891 600 7904 600 7435 600 8220 600 6870 600 7073 600 6739 600 7241 600 7877 600 6653 47 7513 7
562 7557 600 6686 600 6985 600 6653 553 6695 542
563 9547 470 9289 327
564 7543 600 7301 600 6829 600 7021 600 5757 600 6191 370 6220 367 6695 58
565 8412 600 8566 600 9334 600 8394 600 9003 595 9289 273
566 8072 600 6627 600 8149 600 8448 600 7243 600 7384 600 6220 233 6370 219
567 6370 197
568 9358 600 8890 600 8794 600 9454 600 9790 600 6349 600 8194 340 6370 184 9003 5
569 8195 600 8530 600 7138 600 8501 600 5560 600 5587 600 7228 600 8067 521 8194 260
570 9739 600 9673 150
571 8427 600 5669 146 8067 79
572 2360 600 2589 600 2277 600 2288 230 2261 61
573 6125 600 5669 454 6459 207
574 9673 429
575 8028 600 6974 600 6755 600 8127 600 6459 393 5546 88
576 8550 271
577 8965 600 5668 600 7055 596 5546 512 8550 329 9673 21
578 7373 600 6944 600 7999 600 6453 600 6862 600 5280 32 7055 4
579 9140 600 8630 600 9331 600 5562 600 6561 600 5451 600 6373 600 6120 600 5280 568 6139 487
580 9587 600 8307 600 8459 600 9099 600
581 8289 600 8414 116
582 6625 600 6952 600 6139 113 7300 87
583 9727 102
584 7300 513 283 422 9232 277
585 6246 600 6746 600 6907 600 6133 600 6641 365
586 5474 600 5984 600 5916 600 6374 422
587 8059 600 7944 600 7124 600 6604 600 7060 600 6641 235 7736 19
588 7736 137
589 9797 103
590 7736 444 6517 183
591 9643 600 6751 600 9727 498 8414 484 9232 323 9080 96
592 9623 52
593 6809 600 7884 600 6594 600 6730 600 7603 600 7160 600 7848 600 6837 600 6572 600 6517 417 5672 378 6374 178
594 8291 600 6970 600 7321 412
595 9992 1
596 7261 600 6784 363 7321 188
597 9407 600 9080 504 8785 452
598 9519 600 9050 197 8785 148
599 8889 600 5235 600 5635 600 8612 600 5585 600 6500 577 9050 403 5672 222
600 5287 600 5295 600 5766 600 5600 278
601 6500 10
602 6500 10
603 201 10
604 6101 10
605 5204 10
606 6784 10
607 6784 10
608 6973 10
609 5204 10
610 6973 10
611 6973 10
612 9623 10
613 5495 10
614 5600 10
615 5495 10
616 9623 10
617 524 10
618 7088 10
619 7088 10
620 2288 10
621 5600 10
622 269 10
623 5704 10
624 7088 10
625 524 10
626 269 10
627 2288 10
628 8114 10
629 8114 10
630 5204 10
631 269 10
632 5704 10
633 201 10
634 6514 10
635 8114 10
636 8438 10
637 249 10
638 2154 10
639 5704 10
640 8438 10
641 6514 10
642 2154 10
643 6514 10
644 5888 10
645 6704 10
646 7095 10
647 8438 10
648 7095 10
649 137 10
650 2154 10
651 7095 10
652 6704 10
653 137 10
654 8512 10
655 6704 10
656 5888 10
657 6101 10
658 201 10
659 8193 10
660 6101 10
661 6708 10
662 8512 10
663 5495 10
664 2408 10
665 2408 10
666 5888 10
667 524 10
668 183 10
669 6356 10
670 6708 10
671 8512 10
672 2408 10
673 6708 10
674 2487 10
675 6766 10
676 6766 10
677 8667 10
678 653 10
679 5749 10
680 2487 10
681 8667 10
682 13 10
683 2487 10
684 5749 10
685 8193 10
686 8605 10
687 8193 10
688 8667 10
689 8330 10
690 6356 10
691 2070 10
692 6766 10
693 8605 10
694 5375 10
695 8605 10
696 168 10
697 249 10
698 8330 10
699 2070 10
700 8330 10
701 8617 10
702 6356 10
703 8012 10
704 2070 10
705 6772 10
706 5639 10
707 24 10
708 2424 10
709 8617 10
710 6772 10
711 8012 10
712 771 10
713 249 10
714 6772 10
715 5195 10
716 8617 10
717 5749 10
718 92 10
719 8718 10
720 6390 10
721 2424 10
722 5639 10
723 248 10
724 6868 10
725 137 10
726 6390 10
727 92 10
728 5375 10
729 8718 10
730 350 10
731 8012 10
732 930 10
733 7687 10
734 7687 10
735 8718 10
736 71 10
737 7687 10
738 6868 10
739 5639 10
740 148 10
741 71 10
742 39 10
743 6868 10
744 2424 10
745 7144 10
746 5375 10
747 7144 10
748 5678 10
749 8458 10
750 7144 10
751 9065 10
752 5678 10
753 6390 10
754 248 10
755 9065 10
756 5678 10
757 8938 10
758 9065 10
759 8458 10
760 7192 10
761 8938 10
762 6342 10
763 7192 10
764 33 10
765 2482 10
766 5432 10
767 8938 10
768 7192 10
769 9237 10
770 8458 10
771 5330 10
772 6342 10
773 8309 10
774 9121 10
775 248 10
776 8960 10
777 8309 10
778 8022 10
779 5741 10
780 2482 10
781 5741 10
782 168 10
783 5741 10
784 168 10
785 2482 10
786 6342 10
787 7878 10
788 5095 10
789 6593 10
790 6593 10
791 272 10
792 9237 10
793 2227 10
794 6593 10
795 8022 10
796 6658 10
797 8022 10
798 92 10
799 653 10
800 6658 10
801 8264 10
802 930 10
803 5880 10
804 8608 10
805 7958 10
806 6658 10
807 5095 7 930 3
808 8608 10
809 39 10
810 6657 10
811 666 10
812 5880 10
813 8309 10
814 6657 10
815 600 10
816 5880 10
817 9237 10
818 2227 10
819 5330 10
820 2227 10
821 272 10
822 5432 10
823 5330 10
824 6657 10
825 5904 10
826 5904 10
827 2548 10
828 6904 10
829 6904 10
830 6904 10
831 5904 10
832 5432 10
833 6797 10
834 2548 10
835 6797 10
836 6797 10
837 6250 10
838 5791 10
839 272 10
840 5324 10
841 8357 10
842 148 10
843 7878 10
844 5442 10
845 9121 10
846 5146 10
847 7187 10
848 7958 10
849 6250 10
850 9121 10
851 7 10
852 6250 10
853 771 10
854 9155 10
855 6611 10
856 9155 10
857 7958 10
858 7800 10
859 24 10
860 5791 10
861 9155 10
862 8264 10
863 243 10
864 322 10
865 9108 10
866 5791 10
867 5728 10
868 7187 10
869 5728 10
870 243 10
871 5728 10
872 2548 10
873 5899 10
874 5899 10
875 7878 10
876 8357 10
877 2100 10
878 5899 10
879 5442 10
880 2100 10
881 9108 10
882 8357 10
883 7187 10
884 6929 10
885 8008 10
886 9108 10
887 2100 10
888 7800 10
889 8264 10
890 7800 10
891 9600 10
892 6611 10
893 6929 10
894 5398 10
895 6929 10
896 5442 10
897 666 10
898 8365 10
899 6076 10
900 8008 10
901 5703 10
902 5324 10
903 5146 10
904 8158 10
905 8960 10
906 7061 10
907 8365 10
908 6076 10
909 2543 10
910 2543 10
911 2543 10
912 91 10
913 2381 10
914 600 10
915 5324 10
916 8838 10
917 91 10
918 8960 10
919 243 10
920 8608 10
921 5398 10
922 7987 10
923 8365 10
924 6076 10
925 91 10
926 148 10
927 8838 10
928 7061 10
929 8838 10
930 9600 10
931 5361 10
932 7061 10
933 8543 10
934 2381 10
935 24 10
936 8543 10
937 5398 10
938 322 10
939 8158 10
940 5200 10
941 6002 10
942 5703 10
943 264 10
944 2381 10
945 8543 10
946 6611 10
947 9105 10
948 8158 10
949 5424 10
950 8008 10
951 2626 10
952 5195 10
953 5361 10
954 165 10
955 165 10
956 8508 10
957 6002 10
958 165 10
959 2626 10
960 771 10
961 5477 10
962 9600 10
963 6861 10
964 5200 10
965 6002 10
966 5361 10
967 7 10
968 400 10
969 5477 10
970 6313 10
971 6861 10
972 6861 10
973 6703 10
974 6703 10
975 102 10
976 8915 10
977 2626 10
978 6703 10
979 6313 10
980 7887 10
981 8508 10
982 5060 10
983 6313 10
984 7048 10
985 13 10
986 5703 10
987 8508 10
988 666 10
989 600 10
990 5719 10
991 390 10
992 5229 10
993 7048 10
994 5477 10
995 6488 10
996 6488 10
997 5719 10
998 7987 10
999 8351 10
1000 9584 10
1001 33 10
1002 9265 10
1003 8915 10
1004 8703 10
1005 6827 10
1006 2415 10
1007 5146 10
1008 9265 10
1009 8422 10
1010 8422 10
1011 7786 10
1012 7786 10
1013 5719 10
1014 8422 10
1015 8703 10
1016 7048 10
1017 7987 10
1018 8915 10
1019 5444 10
1020 9584 10
1021 5658 10
1022 5578 10
1023 6065 10
1024 7887 10
1025 8015 10
1026 6065 10
1027 9265 10
1028 5229 10
1029 9342 10
1030 8015 10
1031 8351 10
1032 9342 10
1033 86 10
1034 6827 10
1035 6827 10
1036 7004 10
1037 2415 10
1038 7004 10
1039 9584 10
1040 5658 10
1041 9342 10
1042 8015 10
1043 7004 10
1044 2415 10
1045 8533 10
1046 2437 10
1047 9105 10
1048 6065 10
1049 6488 10
1050 86 10
1051 5658 10
1052 5139 10
1053 6085 10
1054 7292 10
1055 5578 10
1056 2437 10
1057 9105 10
1058 7887 10
1059 2437 10
1060 5139 10
1061 5868 10
1062 6815 10
1063 7786 10
1064 9339 10
1065 7292 10
1066 8703 10
1067 9339 10
1068 5229 10
1069 2647 10
1070 8533 10
1071 9339 10
1072 8533 10
1073 8049 10
1074 8577 10
1075 8577 10
1076 350 10
1077 230 10
1078 6815 10
1079 6085 10
1080 8577 10
1081 7292 10
1082 350 10
1083 6085 10
1084 8351 10
1085 181 10
1086 8690 10
1087 230 10
1088 2647 10
1089 873 10
1090 6815 10
1091 8311 10
1092 33 10
1093 779 10
1094 6655 10
1095 8049 10
1096 6265 10
1097 9125 10
1098 6655 10
1099 2289 10
1100 390 10
1101 6429 10
1102 7327 10
1103 5868 10
1104 6655 10
1105 2289 10
1106 8311 10
1107 102 10
1108 2289 10
1109 8049 10
1110 9125 10
1111 86 10
1112 7327 10
1113 2314 10
1114 6429 10
1115 7733 10
1116 7733 10
1117 102 10
1118 8311 10
1119 7327 10
1120 9125 10
1121 118 10
1122 62 10
1123 9165 10
1124 6429 10
1125 2314 10
1126 2314 10
1127 5868 10
1128 2373 10
1129 7733 10
1130 8319 10
1131 6476 10
1132 636 10
1133 9165 10
1134 8368 10
1135 512 10
1136 8690 10
1137 8368 10
1138 390 10
1139 152 10
1140 9165 10
1141 6476 10
1142 8368 10
1143 6265 10
1144 29 10
1145 5060 10
1146 8690 10
1147 2373 10
1148 26 10
1149 6476 10
1150 7606 10
1151 7606 10
1152 7606 10
1153 2373 10
1154 512 10
1155 8208 10
1156 2485 10
1157 8379 10
1158 7127 10
1159 2485 10
1160 9466 10
1161 2485 10
1162 2758 10
1163 9369 10
1164 6265 10
1165 7704 10
1166 7127 10
1167 6355 10
1168 7127 10
1169 873 10
1170 7704 10
1171 5578 10
1172 8379 10
1173 118 10
1174 6355 10
1175 5762 10
1176 6687 10
1177 8319 10
1178 8379 10
1179 8491 10
1180 7704 10
1181 5762 10
1182 7226 10
1183 6687 10
1184 152 10
1185 7226 10
1186 7226 10
1187 9466 10
1188 9466 10
1189 5139 10
1190 7992 10
1191 9369 10
1192 6687 10
1193 2758 10
1194 5302 10
1195 5444 10
1196 8491 10
1197 6355 10
1198 230 10
1199 7279 10
1200 7992 10
1201 8491 10
1202 779 10
1203 118 10
1204 5657 10
1205 5762 10
1206 6864 10
1207 9369 10
1208 8319 10
1209 8479 10
1210 5583 10
1211 181 10
1212 6738 10
1213 9678 10
1214 8467 10
1215 7279 10
1216 6864 10
1217 181 10
1218 7279 10
1219 6864 10
1220 6276 10
1221 512 10
1222 8479 10
1223 9678 10
1224 5657 10
1225 7992 10
1226 5657 10
1227 464 10
1228 8299 10
1229 8467 10
1230 6276 10
1231 8019 10
1232 39 10
1233 5743 10
1234 8208 10
1235 464 10
1236 6919 10
1237 9678 10
1238 8479 10
1239 9471 10
1240 8299 10
1241 264 10
1242 6738 10
1243 5319 10
1244 505 10
1245 183 10
1246 6276 10
1247 6919 10
1248 2758 10
1249 464 10
1250 9471 10
1251 2502 10
1252 152 10
1253 9015 10
1254 8544 10
1255 5743 10
1256 2502 10
1257 6919 10
1258 2502 10
1259 9015 10
1260 9015 10
1261 6738 10
1262 8544 10
1263 5743 10
1264 8299 10
1265 8544 10
1266 2755 10
1267 8208 10
1268 8467 10
1269 6975 10
1270 9471 10
1271 5302 10
1272 5060 10
1273 6975 10
1274 2755 10
1275 8908 10
1276 2755 10
1277 5910 10
1278 6014 10
1279 8739 10
1280 6975 10
1281 183 10
1282 6740 10
1283 6014 10
1284 8739 10
1285 6740 10
1286 8739 10
1287 5957 10
1288 6014 10
1289 6740 10
1290 5583 10
1291 8627 10
1292 6063 10
1293 2715 10
1294 8908 10
1295 6063 10
1296 205 10
1297 6063 10
1298 8019 10
1299 5957 10
1300 5957 10
1301 6891 10
1302 6891 10
1303 2715 10
1304 8019 10
1305 6891 10
1306 5910 10
1307 8908 10
1308 6308 10
1309 6968 10
1310 8190 10
1311 75 10
1312 9475 10
1313 9475 10
1314 146 10
1315 6968 10
1316 8218 10
1317 2715 10
1318 779 10
1319 6968 10
1320 129 10
1321 873 10
1322 427 10
1323 9475 10
1324 264 10
1325 185 10
1326 8380 10
1327 6308 10
1328 75 10
1329 7 10
1330 9128 10
1331 327 10
1332 949 10
1333 949 10
1334 62 10
1335 6308 10
1336 129 10
1337 8627 10
1338 13 10
1339 6077 10
1340 6392 10
1341 9128 10
1342 5102 10
1343 5102 10
1344 129 10
1345 5444 10
1346 6781 10
1347 6781 10
1348 6781 10
1349 8380 10
1350 8380 10
1351 8922 10
1352 9128 10
1353 6392 10
1354 6392 10
1355 5261 10
1356 7105 10
1357 2135 10
1358 6714 10
1359 729 10
1360 9057 10
1361 6714 10
1362 164 10
1363 8627 10
1364 5583 10
1365 949 10
1366 729 10
1367 6714 10
1368 7025 10
1369 8218 10
1370 2135 10
1371 9057 10
1372 5561 10
1373 7105 10
1374 2135 10
1375 8366 10
1376 9057 10
1377 7105 10
1378 8152 10
1379 830 10
1380 310 10
1381 2648 10
1382 8922 10
1383 6563 10
1384 8152 10
1385 7137 10
1386 6077 10
1387 5561 10
1388 8190 10
1389 8922 10
1390 6563 10
1391 6077 10
1392 2648 10
1393 9365 10
1394 8190 10
1395 5910 10
1396 8366 10
1397 729 10
1398 5967 10
1399 7137 10
1400 9365 10
1401 6240 10
1402 9365 10
1403 2648 10
1404 75 10
1405 8218 10
1406 8366 10
1407 9191 10
1408 8812 10
1409 5319 10
1410 7137 10
1411 2545 10
1412 5424 10
1413 6563 10
1414 2545 10
1415 8222 10
1416 8431 10
1417 8131 10
1418 7025 10
1419 9191 10
1420 2545 10
1421 7025 10
1422 146 10
1423 5967 10
1424 830 10
1425 8431 10
1426 7334 10
1427 830 10
1428 6689 10
1429 9191 10
1430 8812 10
1431 9645 10
1432 5561 10
1433 6240 10
1434 7334 10
1435 7334 10
1436 2399 10
1437 8222 10
1438 2399 10
1439 8222 10
1440 2399 10
1441 6240 10
1442 5967 10
1443 2345 10
1444 8250 10
1445 8250 10
1446 5319 10
1447 8812 10
1448 8318 10
1449 62 10
1450 765 10
1451 101 10
1452 5617 10
1453 2345 10
1454 310 10
1455 6689 10
1456 2345 10
1457 2657 10
1458 205 10
1459 6689 10
1460 2657 10
1461 5917 10
1462 5302 10
1463 101 10
1464 8431 10
1465 5617 10
1466 554 10
1467 5617 10
1468 205 10
1469 6925 10
1470 101 10
1471 8845 10
1472 2657 10
1473 8845 10
1474 2634 10
1475 2634 10
1476 6925 10
1477 8661 10
1478 5917 10
1479 5917 10
1480 5931 10
1481 6925 10
1482 6895 10
1483 6895 10
1484 5424 10
1485 5390 10
1486 554 10
1487 5931 10
1488 5931 10
1489 7979 10
1490 6789 10
1491 2634 10
1492 7979 10
1493 8845 10
1494 8497 10
1495 8815 10
1496 5852 10
1497 164 10
1498 5852 10
1499 6895 10
1500 2801 10
1501 2074 10
1502 554 10
1503 8815 10
1504 6292 10
1505 6789 10
1506 6292 10
1507 8815 10
1508 6292 10
1509 8661 10
1510 8497 10
1511 6789 10
1512 6492 10
1513 8661 10
1514 6492 10
1515 8765 10
1516 7979 10
1517 8152 10
1518 8765 10
1519 2074 10
1520 6492 10
1521 5152 10
1522 8765 10
1523 5152 10
1524 6620 10
1525 5390 10
1526 6620 10
1527 8497 10
1528 8318 10
1529 8318 10
1530 8474 10
1531 21 10
1532 6372 10
1533 6620 10
1534 6372 10
1535 5390 10
1536 5261 10
1537 2074 10
1538 9645 10
1539 7283 10
1540 8974 10
1541 5852 10
1542 2801 10
1543 6372 10
1544 146 10
1545 8024 10
1546 21 10
1547 6464 10
1548 5759 10
1549 5130 10
1550 6464 10
1551 8250 10
1552 558 10
1553 6683 10
1554 5261 10
1555 9645 10
1556 5614 10
1557 8911 10
1558 400 10
1559 8974 10
1560 5404 10
1561 8131 10
1562 505 10
1563 8974 10
1564 8474 10
1565 2801 10
1566 9073 10
1567 5614 10
1568 8474 10
1569 2452 10
1570 2452 10
1571 400 10
1572 8911 10
1573 6683 10
1574 253 10
1575 8911 10
1576 2452 10
1577 9020 10
1578 9309 10
1579 8602 10
1580 2428 10
1581 5200 10
1582 969 10
1583 9309 10
1584 7283 10
1585 8024 10
1586 8602 10
1587 7283 10
1588 6683 10
1589 9309 10
1590 5759 10
1591 5759 10
1592 6068 10
1593 185 10
1594 6068 10
1595 108 10
1596 5614 10
1597 6464 10
1598 5152 10
1599 765 10
1600 6773 10
1601 224 10
1602 9020 10
1603 5574 10
1604 6773 10
1605 6068 10
1606 9636 10
1607 6773 10
1608 5354 10
1609 2428 10
1610 2428 10
1611 108 10
1612 6681 10
1613 6681 10
1614 6681 10
1615 6339 10
1616 5905 10
1617 2126 10
1618 5905 10
1619 765 10
1620 777 10
1621 164 10
1622 377 10
1623 2126 10
1624 9073 10
1625 8024 10
1626 8602 10
1627 8131 10
1628 5905 10
1629 777 10
1630 6339 10
1631 171 10
1632 9636 10
1633 724 10
1634 2406 10
1635 9073 10
1636 5848 10
1637 9297 10
1638 8372 10
1639 7969 10
1640 8244 10
1641 9020 10
1642 7969 10
1643 6339 10
1644 9297 10
1645 6725 10
1646 969 10
1647 9297 10
1648 7732 10
1649 171 10
1650 2126 10
1651 6280 10
1652 9442 10
1653 2406 10
1654 5574 10
1655 505 10
1656 5209 10
1657 9636 10
1658 327 10
1659 8372 10
1660 6280 10
1661 2406 10
1662 7732 10
1663 5848 10
1664 9244 10
1665 6280 10
1666 108 10
1667 5130 10
1668 647 10
1669 2859 10
1670 5574 10
1671 9442 10
1672 6725 10
1673 969 10
1674 2221 10
1675 7732 10
1676 2221 10
1677 6725 10
1678 724 10
1679 7969 10
1680 6573 10
1681 5130 10
1682 9244 10
1683 310 10
1684 5577 10
1685 9244 10
1686 8372 10
1687 8447 10
1688 6573 10
1689 5102 10
1690 9442 10
1691 8244 10
1692 171 10
1693 6573 10
1694 8447 10
1695 8447 10
1696 2221 10
1697 6148 10
1698 8774 10
1699 2859 10
1700 6148 10
1701 7296 10
1702 777 10
1703 2859 10
1704 21 10
1705 7296 10
1706 9661 10
1707 8244 10
1708 8774 10
1709 2884 10
1710 8326 10
1711 15 10
1712 185 10
1713 647 10
1714 5848 10
1715 5875 10
1716 2884 10
1717 6565 10
1718 7296 10
1719 8011 10
1720 558 10
1721 5209 10
1722 8523 10
1723 266 10
1724 6565 10
1725 987 10
1726 6565 10
1727 6588 10
1728 90 10
1729 724 10
1730 2884 10
1731 7734 10
1732 6148 10
1733 2369 10
1734 6899 10
1735 6899 10
1736 78 10
1737 9259 10
1738 6899 10
1739 7156 10
1740 8326 10
1741 8326 10
1742 8207 10
1743 9259 10
1744 9259 10
1745 209 10
1746 6588 10
1747 6189 10
1748 6588 10
1749 377 10
1750 2369 10
1751 253 10
1752 15 10
1753 8774 10
1754 2369 10
1755 78 10
1756 8011 10
1757 5463 10
1758 8523 10
1759 9661 10
1760 8523 10
1761 8824 10
1762 7734 10
1763 2504 10
1764 5577 10
1765 6603 10
1766 2504 10
1767 2504 10
1768 132 10
1769 702 10
1770 8824 10
1771 78 10
1772 9399 10
1773 209 10
1774 9399 10
1775 8824 10
1776 636 10
1777 5209 10
1778 6603 10
1779 8645 10
1780 8645 10
1781 8645 10
1782 8011 10
1783 8482 10
1784 2944 10
1785 5354 10
1786 209 10
1787 987 10
1788 9109 10
1789 9109 10
1790 26 10
1791 8287 10
1792 490 10
1793 5409 10
1794 9399 10
1795 5577 10
1796 6812 10
1797 2944 10
1798 636 10
1799 6812 10
1800 8050 10
1801 7156 10
1802 90 10
1803 9109 10
1804 5409 10
1805 8482 10
1806 9661 10
1807 77 10
1808 5463 10
1809 2944 10
1810 8482 10
1811 7734 10
1812 5250 10
1813 8361 10
1814 6603 10
1815 8464 10
1816 5463 10
1817 9499 10
1818 6189 10
1819 9797 10
1820 6812 10
1821 5515 10
1822 5875 10
1823 987 10
1824 2472 10
1825 90 10
1826 6189 10
1827 6844 10
1828 5596 10
1829 6208 10
1830 6208 10
1831 6208 10
1832 6835 10
1833 106 10
1834 8050 10
1835 114 10
1836 77 10
1837 8287 10
1838 5313 10
1839 490 10
1840 8361 10
1841 8464 10
1842 9163 10
1843 7156 10
1844 6844 10
1845 5875 10
1846 8464 10
1847 2472 10
1848 6844 10
1849 9163 10
1850 8361 10
1851 224 10
1852 6835 10
1853 6835 10
1854 5125 10
1855 6454 10
1856 5642 10
1857 8355 10
1858 9163 10
1859 6856 10
1860 106 10
1861 5354 10
1862 647 10
1863 8581 10
1864 5250 10
1865 8581 10
1866 8355 10
1867 6454 10
1868 6856 10
1869 6856 10
1870 660 10
1871 9499 10
1872 6539 10
1873 2472 10
1874 6539 10
1875 5596 10
1876 6539 10
1877 9499 10
1878 5195 10
1879 601 10
1880 5202 10
1881 106 10
1882 2777 10
1883 6663 10
1884 5313 10
1885 6663 10
1886 8581 10
1887 5935 10
1888 750 10
1889 5935 10
1890 8355 10
1891 8287 10
1892 7644 10
1893 60 10
1894 6663 10
1895 377 10
1896 7644 10
1897 224 10
1898 660 10
1899 702 10
1900 8207 10
1901 2777 10
1902 114 10
1903 5515 10
1904 77 10
1905 8207 10
1906 6454 10
1907 6460 10
1908 427 10
1909 9350 10
1910 132 10
1911 60 10
1912 8622 10
1913 2777 10
1914 8905 10
1915 7011 10
1916 5935 10
1917 2245 10
1918 9043 10
1919 5642 10
1920 8622 10
1921 253 10
1922 660 10
1923 7644 10
1924 2245 10
1925 7011 10
1926 2245 10
1927 8622 10
1928 2340 10
1929 266 10
1930 7011 10
1931 8050 10
1932 419 10
1933 7178 10
1934 6061 10
1935 8632 10
1936 9350 10
1937 266 10
1938 15 10
1939 6836 10
1940 9279 10
1941 6836 10
1942 5202 10
1943 5642 10
1944 6061 10
1945 172 10
1946 490 10
1947 9490 10
1948 6061 10
1949 9490 10
1950 2340 10
1951 5808 10
1952 5808 10
1953 327 10
1954 8144 10
1955 9490 10
1956 582 10
1957 5808 10
1958 9350 10
1959 7178 10
1960 256 10
1961 9043 10
1962 8144 10
1963 5966 10
1964 558 10
1965 8263 10
1966 6836 10
1967 9362 10
1968 5966 10
1969 9362 10
1970 7178 10
1971 685 10
1972 2340 10
1973 9362 10
1974 8905 10
1975 9351 10
1976 6698 10
1977 5596 10
1978 5313 10
1979 6460 10
1980 5515 10
1981 5409 10
1982 9279 10
1983 172 10
1984 6698 10
1985 8632 10
1986 6460 10
1987 172 10
1988 6698 10
1989 8632 10
1990 2198 10
1991 9594 10
1992 553 10
1993 5125 10
1994 5714 10
1995 2198 10
1996 6633 10
1997 6633 10
1998 9351 10
1999 9351 10
2000 8905 10
2001 9279 10
2002 9043 10
2003 5966 10
2004 26 10
2005 5996 10
2006 6633 10
2007 5309 10
2008 5714 10
2009 6626 10
2010 7330 10
2011 5633 10
2012 2198 10
2013 601 10
2014 5404 10
2015 2353 10
2016 5404 10
2017 8263 10
2018 8263 10
2019 6626 10
2020 685 10
2021 7523 10
2022 629 10
2023 5996 10
2024 60 10
2025 5443 10
2026 5996 10
2027 180 10
2028 9594 10
2029 5714 10
2030 256 10
2031 6626 10
2032 7217 10
2033 5881 10
2034 58 10
2035 9417 10
2036 6553 10
2037 582 10
2038 6553 10
2039 553 10
2040 2353 10
2041 6553 10
2042 8144 10
2043 132 10
2044 5717 10
2045 553 10
2046 7523 10
2047 7217 10
2048 2353 10
2049 256 10
2050 5881 10
2051 5202 10
2052 5443 10
2053 6519 10
2054 5717 10
2055 5881 10
2056 5717 10
2057 7330 10
2058 8271 10
2059 180 10
2060 5633 10
2061 244 10
2062 5633 10
2063 58 10
2064 546 10
2065 5882 10
2066 5882 10
2067 5385 10
2068 419 10
2069 180 10
2070 8417 10
2071 9417 10
2072 7523 10
2073 114 10
2074 9594 10
2075 6519 10
2076 5094 10
2077 8183 10
2078 5882 10
2079 5334 10
2080 58 10
2081 6519 10
2082 5906 10
2083 103 10
2084 8417 10
2085 9417 10
2086 8417 10
2087 5206 10
2088 8388 10
2089 5443 10
2090 5906 10
2091 8970 10
2092 6425 10
2093 7217 10
2094 7330 10
2095 5906 10
2096 7056 10
2097 8970 10
2098 1110 10
2099 5385 10
2100 8388 10
2101 9300 10
2102 7562 10
2103 5963 10
2104 8388 10
2105 9300 10
2106 5696 10
2107 2541 10
2108 6425 10
2109 144 10
2110 7056 10
2111 7056 10
2112 7247 10
2113 8506 10
2114 8183 10
2115 9300 10
2116 8110 10
2117 2541 10
2118 5784 10
2119 8183 10
2120 2541 10
2121 244 10
2122 2125 10
2123 6425 10
2124 144 10
2125 5963 10
2126 5784 10
2127 8271 10
2128 8506 10
2129 7247 10
2130 8110 10
2131 8970 10
2132 2125 10
2133 5696 10
2134 9038 10
2135 8271 10
2136 5013 10
2137 7247 10
2138 7562 10
2139 546 10
2140 279 10
2141 349 10
2142 6456 10
2143 8506 10
2144 546 10
2145 5963 10
2146 20 10
2147 8303 10
2148 5784 10
2149 9038 10
2150 6301 10
2151 6456 10
2152 6982 10
2153 6982 10
2154 6982 10
2155 103 10
2156 2125 10
2157 8754 10
2158 8754 10
2159 7562 10
2160 7377 10
2161 349 10
2162 6456 10
2163 6398 10
2164 7377 10
2165 9038 10
2166 6398 10
2167 5309 10
2168 8907 10
2169 2092 10
2170 6398 10
2171 9314 10
2172 6758 10
2173 5534 10
2174 5206 10
2175 8907 10
2176 1110 10
2177 750 10
2178 7377 10
2179 6758 10
2180 7134 10
2181 6758 10
2182 5206 10
2183 582 10
2184 6109 10
2185 1110 10
2186 7450 10
2187 9151 10
2188 7450 10
2189 7450 10
2190 7134 10
2191 552 10
2192 7134 10
2193 2092 10
2194 9314 10
2195 6557 10
2196 9314 10
2197 8563 10
2198 9151 10
2199 552 10
2200 9151 10
2201 5125 10
2202 8754 10
2203 144 10
2204 7205 10
2205 7205 10
2206 8563 10
2207 5446 10
2208 2359 10
2209 6557 10
2210 103 10
2211 2092 10
2212 68 10
2213 8907 10
2214 8169 10
2215 552 10
2216 7205 10
2217 685 10
2218 6761 10
2219 6557 10
2220 5946 10
2221 8031 10
2222 5696 10
2223 6761 10
2224 9529 10
2225 8563 10
2226 244 10
2227 6301 10
2228 8791 10
2229 9 10
2230 5946 10
2231 824 10
2232 601 10
2233 5534 10
2234 2085 10
2235 6761 10
2236 93 10
2237 7197 10
2238 5094 10
2239 6678 10
2240 5763 10
2241 629 10
2242 8791 10
2243 2085 10
2244 245 10
2245 6678 10
2246 9529 10
2247 5534 10
2248 5946 10
2249 5955 10
2250 2085 10
2251 9173 10
2252 9529 10
2253 9 10
2254 6678 10
2255 8791 10
2256 2359 10
2257 9173 10
2258 6787 10
2259 7197 10
2260 6109 10
2261 5955 10
2262 8636 10
2263 349 10
2264 522 10
2265 9733 10
2266 5446 10
2267 9733 10
2268 2359 10
2269 7197 10
2270 6242 10
2271 8303 10
2272 5955 10
2273 6787 10
2274 8420 10
2275 6787 10
2276 7592 10
2277 6624 10
2278 7592 10
2279 5892 10
2280 5892 10
2281 5892 10
2282 6624 10
2283 6301 10
2284 6624 10
2285 5446 10
2286 40 10
2287 5448 10
2288 5250 10
2289 72 10
2290 8636 10
2291 5763 10
2292 5127 10
2293 139 10
2294 6554 10
2295 8636 10
2296 6554 10
2297 6554 10
2298 6474 10
2299 8204 10
2300 5385 10
2301 9173 10
2302 8420 10
2303 2365 10
2304 8303 10
2305 6954 10
2306 6474 10
2307 40 10
2308 9733 10
2309 9280 10
2310 5448 10
2311 6954 10
2312 8204 10
2313 6954 10
2314 8420 10
2315 7984 10
2316 20 10
2317 7592 10
2318 8481 10
2319 6242 10
2320 5763 10
2321 5448 10
2322 6309 10
2323 2365 10
2324 93 10
2325 6109 10
2326 6474 10
2327 6309 10
2328 9280 10
2329 6080 10
2330 6309 10
2331 6591 10
2332 8926 10
2333 6242 10
2334 8926 10
2335 6080 10
2336 245 10
2337 562 10
2338 7272 10
2339 6958 10
2340 2365 10
2341 7272 10
2342 2310 10
2343 343 10
2344 6080 10
2345 8481 10
2346 6090 10
2347 9280 10
2348 6591 10
2349 9425 10
2350 5421 10
2351 492 10
2352 7272 10
2353 7460 10
2354 5738 10
2355 2310 10
2356 8204 10
2357 6233 10
2358 8415 10
2359 5421 10
2360 6090 10
2361 5738 10
2362 6958 10
2363 8110 10
2364 7460 10
2365 2310 10
2366 5218 10
2367 8926 10
2368 5262 10
2369 6591 10
2370 8415 10
2371 5504 10
2372 9578 10
2373 9578 10
2374 5421 10
2375 2266 10
2376 6233 10
2377 9578 10
2378 29 10
2379 8481 10
2380 2266 10
2381 5504 10
2382 8516 10
2383 40 10
2384 7984 10
2385 6233 10
2386 9425 10
2387 8516 10
2388 9425 10
2389 133 10
2390 8031 10
2391 750 10
2392 6958 10
2393 8415 10
2394 824 10
2395 6090 10
2396 6903 10
2397 37 10
2398 6705 10
2399 9355 10
2400 7460 10
2401 7254 10
2402 8516 10
2403 133 10
2404 6903 10
2405 9517 10
2406 8725 10
2407 2266 10
2408 6004 10
2409 7254 10
2410 5504 10
2411 8031 10
2412 7984 10
2413 9355 10
2414 8169 10
2415 8169 10
2416 6609 10
2417 6903 10
2418 7254 10
2419 7506 10
2420 6548 10
2421 5573 10
2422 6004 10
2423 5094 10
2424 6938 10
2425 5487 10
2426 5858 10
2427 245 10
2428 6004 10
2429 1985 10
2430 6705 10
2431 9143 10
2432 6548 10
2433 6705 10
2434 5858 10
2435 5858 10
2436 5379 10
2437 5348 10
2438 8282 10
2439 8156 10
2440 223 10
2441 1985 10
2442 29 10
2443 5487 10
2444 6938 10
2445 9517 10
2446 1985 10
2447 93 10
2448 9517 10
2449 419 10
2450 6938 10
2451 6135 10
2452 6609 10
2453 5738 10
2454 31 10
2455 7920 10
2456 5965 10
2457 9355 10
2458 8725 10
2459 133 10
2460 9768 10
2461 7506 10
2462 5573 10
2463 5573 10
2464 279 10
2465 7506 10
2466 5073 10
2467 8725 10
2468 7920 10
2469 139 10
2470 8282 10
2471 6135 10
2472 2477 10
2473 6135 10
2474 8282 10
2475 2477 10
2476 9056 10
2477 8430 10
2478 824 10
2479 8430 10
2480 2477 10
2481 8430 10
2482 5965 10
2483 2284 10
2484 9463 10
2485 5607 10
2486 5309 10
2487 5965 10
2488 9463 10
2489 9056 10
2490 2284 10
2491 5607 10
2492 8525 10
2493 8156 10
2494 9143 10
2495 279 10
2496 702 10
2497 223 10
2498 8525 10
2499 124 10
2500 427 10
2501 8525 10
2502 314 10
2503 6403 10
2504 9671 10
2505 654 10
2506 5013 10
2507 8097 10
2508 8315 10
2509 31 10
2510 5262 10
2511 6609 10
2512 9056 10
2513 6826 10
2514 6147 10
2515 9671 10
2516 8315 10
2517 9143 10
2518 386 10
2519 6548 10
2520 6826 10
2521 6253 10
2522 6826 10
2523 6504 10
2524 223 10
2525 7265 10
2526 9768 10
2527 7920 10
2528 8315 10
2529 492 10
2530 6617 10
2531 124 10
2532 9768 10
2533 6473 10
2534 8267 10
2535 6617 10
2536 2284 10
2537 6617 10
2538 8267 10
2539 6253 10
2540 7265 10
2541 5487 10
2542 5497 10
2543 6435 10
2544 8097 10
2545 8097 10
2546 9505 10
2547 7831 10
2548 5334 10
2549 5497 10
2550 8646 10
2551 8267 10
2552 9055 10
2553 7831 10
2554 2458 10
2555 8272 10
2556 5379 10
2557 5607 10
2558 6842 10
2559 5659 10
2560 7831 10
2561 8646 10
2562 2458 10
2563 6253 10
2564 6842 10
2565 6842 10
2566 5604 10
2567 7265 10
2568 9055 10
2569 6866 10
2570 7235 10
2571 8272 10
2572 9055 10
2573 2458 10
2574 6504 10
2575 5497 10
2576 8156 10
2577 6504 10
2578 7235 10
2579 2739 10
2580 737 10
2581 5659 10
2582 7235 10
2583 6866 10
2584 6866 10
2585 8646 10
2586 5659 10
2587 6889 10
2588 5262 10
2589 5830 10
2590 6473 10
2591 6889 10
2592 20 10
2593 2739 10
2594 5604 10
2595 6874 10
2596 6889 10
2597 6577 10
2598 6577 10
2599 2739 10
2600 8272 10
2601 124 10
2602 5002 10
2603 6577 10
2604 5379 10
2605 5830 10
2606 8184 10
2607 2612 10
2608 810 10
2609 2612 10
2610 7875 10
2611 2612 10
2612 629 10
2613 2811 10
2614 8493 10
2615 7875 10
2616 8493 10
2617 5604 10
2618 8312 10
2619 8312 10
2620 9671 10
2621 9505 10
2622 5348 10
2623 1001 10
2624 6147 10
2625 96 10
2626 6147 10
2627 5013 10
2628 7875 10
2629 9505 10
2630 31 10
2631 7190 10
2632 2811 10
2633 9463 10
2634 737 10
2635 8184 10
2636 8312 10
2637 5348 10
2638 8493 10
2639 2811 10
2640 8279 10
2641 5251 10
2642 6522 10
2643 7617 10
2644 9031 10
2645 810 10
2646 2610 10
2647 9031 10
2648 2610 10
2649 5460 10
2650 6828 10
2651 7617 10
2652 6522 10
2653 6874 10
2654 8279 10
2655 9412 10
2656 110 10
2657 7617 10
2658 9031 10
2659 2610 10
2660 433 10
2661 5460 10
2662 9412 10
2663 5830 10
2664 6522 10
2665 5568 10
2666 8279 10
2667 5121 10
2668 7190 10
2669 2735 10
2670 5568 10
2671 7190 10
2672 2735 10
2673 2735 10
2674 1978 10
2675 6874 10
2676 386 10
2677 363 10
2678 1001 10
2679 7861 10
2680 5847 10
2681 810 10
2682 1978 10
2683 7861 10
2684 5847 10
2685 522 10
2686 9412 10
2687 1001 10
2688 9394 10
2689 6804 10
2690 6435 10
2691 6828 10
2692 8820 10
2693 5127 10
2694 6828 10
2695 5218 10
2696 9394 10
2697 5847 10
2698 5127 10
2699 6045 10
2700 8958 10
2701 6473 10
2702 6435 10
2703 8254 10
2704 8958 10
2705 5854 10
2706 6918 10
2707 5854 10
2708 6516 10
2709 9394 10
2710 1978 10
2711 6804 10
2712 8032 10
2713 6918 10
2714 2174 10
2715 5568 10
2716 6403 10
2717 237 10
2718 5073 10
2719 6918 10
2720 7861 10
2721 6804 10
2722 8763 10
2723 8958 10
2724 237 10
2725 8440 10
2726 5973 10
2727 8440 10
2728 6516 10
2729 9614 10
2730 9075 10
2731 2174 10
2732 2174 10
2733 9614 10
2734 5002 10
2735 2460 10
2736 37 10
2737 785 10
2738 7361 10
2739 9075 10
2740 8440 10
2741 8254 10
2742 6045 10
2743 433 10
2744 5460 10
2745 9075 10
2746 8820 10
2747 6045 10
2748 9614 10
2749 630 10
2750 6110 10
2751 7361 10
2752 6388 10
2753 314 10
2754 8254 10
2755 8820 10
2756 5251 10
2757 314 10
2758 6516 10
2759 9381 10
2760 5344 10
2761 9381 10
2762 8578 10
2763 6873 10
2764 8763 10
2765 2460 10
2766 7770 10
2767 6110 10
2768 5545 10
2769 9381 10
2770 5045 10
2771 9285 10
2772 5545 10
2773 2460 10
2774 6110 10
2775 2165 10
2776 246 10
2777 6403 10
2778 315 10
2779 5854 10
2780 6748 10
2781 5973 10
2782 6444 10
2783 6444 10
2784 450 10
2785 8578 10
2786 9285 10
2787 8578 10
2788 9285 10
2789 237 10
2790 7770 10
2791 6444 10
2792 9 10
2793 343 10
2794 5197 10
2795 5973 10
2796 8184 10
2797 8763 10
2798 7770 10
2799 5989 10
2800 343 10
2801 8549 10
2802 5334 10
2803 5900 10
2804 2165 10
2805 8549 10
2806 8549 10
2807 8148 10
2808 7361 10
2809 8280 10
2810 6490 10
2811 7142 10
2812 68 10
2813 7142 10
2814 7142 10
2815 5437 10
2816 5545 10
2817 6873 10
2818 8280 10
2819 5437 10
2820 2165 10
2821 7809 10
2822 6490 10
2823 8280 10
2824 6748 10
2825 2040 10
2826 315 10
2827 5989 10
2828 8409 10
2829 23 10
2830 8409 10
2831 6873 10
2832 8409 10
2833 7395 10
2834 5124 10
2835 8148 10
2836 6388 10
2837 8441 10
2838 5628 10
2839 5989 10
2840 9472 10
2841 8441 10
2842 8441 10
2843 6930 10
2844 5045 10
2845 6930 10
2846 8821 10
2847 8821 10
2848 2040 10
2849 8821 10
2850 5900 10
2851 6930 10
2852 9472 10
2853 7395 10
2854 8469 10
2855 37 10
2856 5900 10
2857 433 10
2858 7395 10
2859 2040 10
2860 562 10
2861 6748 10
2862 9472 10
2863 6490 10
2864 4995 10
2865 6621 10
2866 7225 10
2867 23 10
2868 68 10
2869 7225 10
2870 8469 10
2871 7809 10
2872 8469 10
2873 8975 10
2874 8975 10
2875 2885 10
2876 6388 10
2877 2885 10
2878 8975 10
2879 8546 10
2880 110 10
2881 23 10
2882 7809 10
2883 6489 10
2884 2885 10
2885 8148 10
2886 8546 10
2887 5971 10
2888 12 10
2889 8546 10
2890 2783 10
2891 8551 10
2892 96 10
2893 440 10
2894 5971 10
2895 2783 10
2896 7182 10
2897 6621 10
2898 6621 10
2899 2783 10
2900 870 10
2901 5750 10
2902 8551 10
2903 9371 10
2904 8350 10
2905 1013 10
2906 363 10
2907 5750 10
2908 2633 10
2909 7225 10
2910 7052 10
2911 737 10
2912 5971 10
2913 5934 10
2914 7589 10
2915 6489 10
2916 5934 10
2917 5437 10
2918 2633 10
2919 6489 10
2920 5934 10
2921 5750 10
2922 9371 10
2923 96 10
2924 6463 10
2925 870 10
2926 9000 10
2927 5344 10
2928 7906 10
2929 5628 10
2930 5628 10
2931 110 10
2932 6463 10
2933 6084 10
2934 4966 10
2935 9000 10
2936 6084 10
2937 9000 10
2938 6084 10
2939 8551 10
2940 9371 10
2941 8988 10
2942 6463 10
2943 562 10
2944 8988 10
2945 6666 10
2946 5511 10
2947 6666 10
2948 8111 10
2949 72 10
2950 5511 10
2951 7182 10
2952 8988 10
2953 8350 10
2954 8350 10
2955 25 10
2956 2633 10
2957 8519 10
2958 8201 10
2959 8519 10
2960 630 10
2961 7182 10
2962 7052 10
2963 8201 10
2964 5908 10
2965 533 10
2966 72 10
2967 2303 10
2968 7589 10
2969 7052 10
2970 5774 10
2971 8111 10
2972 315 10
2973 2303 10
2974 8201 10
2975 5251 10
2976 8519 10
2977 8302 10
2978 8302 10
2979 7589 10
2980 5124 10
2981 8177 10
2982 46 10
2983 5344 10
2984 2303 10
2985 8302 10
2986 2311 10
2987 6092 10
2988 8177 10
2989 7022 10
2990 9449 10
2991 6666 10
2992 5197 10
2993 8402 10
2994 6092 10
2995 7022 10
2996 8906 10
2997 5335 10
2998 139 10
2999 654 10
3000 8906 10
