500
1 6019 150 6261 31 6440 200 8071 200 8586 180 8651 200 8666 200 8749 200 8910 200 8927 200 8998 200 9035 200 9045 200 9046 200 9145 200 9149 200 9150 200 9270 200 9273 200 9275 200 9282 200 9323 200 9335 200 9382 200 9383 200 9416 200 9418 200 9489 200 9500 200 9511 200 9520 119 9577 96
2 8742 36 8943 145 9051 200
3 5602 200 5644 24 5783 200 6011 200 6323 200 8729 200 8784 200 9380 200 9430 172 9441 200
4 8825 200 8881 19 8929 36
5 8649 200 8668 71 8798 89 8863 200 9022 200 9124 200 9178 200 9238 200
6 5664 200 5686 200 5726 200 5871 200 5940 200 6038 200 6058 200 6306 150 6497 200 6511 200 7586 200 8478 200 8555 200 9429 132
7 8929 164 8948 200
8 8921 200 8924 29 9016 172
9 5425 200 5449 200 5571 200 5629 200 5649 200 5667 200 5823 200 5861 200 5869 200 5887 200 5903 200 6044 200 6112 200 6199 200 6232 200 6305 200 6320 200 6331 200 6352 200 6369 200 6378 23 6385 200 6387 200 6415 200 6423 200 6424 200 6437 4 6439 200 6599 200 6651 200 6665 200 6721 200 6728 200 6882 200 7006 200 7286 200 7340 200 7845 200 7851 200 8151 200
10 8740 200 8831 200 8850 200 8860 200 8884 200 8939 92 9010 87 9101 200 9153 200 9190 200 9263 200 9346 200 9432 200 9450 200
11 5661 14
12 9152 174
13 5522 190 5557 180 5671 200 5716 200 5727 200 5773 200 5828 190 5855 76 5893 200 5930 189 6093 200 6094 200 6186 200 6243 200 6334 160 6348 200 6434 200 6443 200 6462 200 6472 200
14 8755 200 8829 200 8887 164 8918 180 8969 200 9029 200
15 5944 170 8700 133 9002 137
16 8918 20 9034 200 9207 177
17 9049 109 9229 19
18 5744 190 6009 200 6126 71 6137 200 6365 140 8607 200 8647 200 8654 200 8665 200 8675 200 8710 200 8717 200 8777 200 8837 200 8841 100
19 5650 180 5718 200 5764 200 5787 200 5879 200 5901 200 5913 200 5936 172 5994 200 6026 181 6064 200 6067 200 6131 200 6182 200 6254 200 6270 200 6298 200 6330 200 6335 200 6399 200 6478 200
20 9253 200 9305 200 9372 200 9413 200 9453 200 9520 81
21 9527 18
22 5095 200 5100 190 5139 200 5146 200 5147 200 5152 65 5153 200
23 5454 200 5469 21 5483 200 5608 200 5623 200 5800 21 5846 200 5883 200 5884 200 5937 200 5943 200 6025 200 6028 200 6056 200 6066 200 6091 200 6169 200 6173 200 6316 200 6324 200 6332 200 6337 200 6395 200 6581 200 6983 200 7017 200 7149 200
24 8742 164 8877 200 9049 41
25 8996 19 9018 170 9152 26 9221 200
26 5660 200 5760 200 5877 200 5895 200 5947 200 5952 200 6042 200 6074 180 6154 200 6207 200 6245 200 6266 200 6274 200 6281 200
27 5493 150 5788 200 5958 29 6015 38 6228 200
28 6293 180 8700 67 9430 28
29 5948 200 5980 200 6024 74 6052 200 6128 200 6151 200 6166 200 6179 200 6239 200 6256 25 6273 200 6394 200 6416 200 6431 200
30 8767 115 8818 200 8834 200 9006 92 9048 200 9102 200 9284 89 9344 200
31 5673 200 5722 168 5836 119 5842 200 5890 200 6022 200 6035 200 6040 114 6075 200 6086 88 6192 200 6226 200 6354 200
32 123 170 5417 200 5645 200 5782 200 5819 200 5833 200 5834 200 5933 200 5985 200 6107 200 6145 200 6221 200 6268 200 6300 200 6391 200 6437 176 6452 200 6483 200 6495 200 6507 200 6551 200 6580 200 6592 200 6602 200 6606 200 6644 200 6650 200 6661 200 7317 17 7416 200 7453 200 7459 200 7475 200 7850 200 7967 200 8159 200 8240 190 8310 200
33 8702 200 8748 200 8753 200 8816 200 8853 200 8873 200 8903 200
34 5575 54 5958 81 5983 200 6134 200 6172 200 6185 200
35 5559 200 5656 200 5680 200 5697 200 5820 200 5889 200 5991 200 5999 200 6159 200 6212 200 6247 200 6262 200 6325 200 6341 200 6345 200 6386 159 6484 200 6506 200
36 8996 88
37 8923 199 8943 55
38 7527 200 7622 200 7956 111
39 9388 191 9391 37 9510 108
40 5469 109 6311 145 7918 200 8560 200 8597 200 8707 200 8712 190 8789 200 8854 170 8878 200 8940 200 9156 200 9288 200 9292 200 9324 200 9393 200 9429 68 9540 200
41 8352 200 8353 200 8423 150 8470 200 8496 200 8515 200 8524 200 8613 200 8614 200 8678 190 8750 200 8766 200 8773 200 8779 122 8809 200 8920 200 8953 200 8968 200 8973 200 9097 200 9134 200 9154 200 9161 200 9179 200 9184 200 9199 200 9230 21 9233 200 9360 200 9422 200 9457 200 9492 200
42 5554 200 5730 32 5789 200 5797 144 5925 200
43 8598 149 8610 200 8668 129 8781 200 8856 200 9414 200
44 5352 80 5541 170 5655 200 5735 200 5742 200 5770 200 5822 200 5865 200 5891 200 5923 200 5927 200 5976 200 5978 200 6104 200 6136 200 6230 200 6311 15 6326 200 6461 200 6670 200 6999 200 7179 200
45 9756 125
46 8881 181 8924 171 8977 200 9018 30
47 8604 200 8609 200 8621 200 8733 200 8737 200 8759 141 8764 30 8775 200 8842 200 8888 200 8914 200 8916 200 8942 200 8979 200 9025 200 9189 200 9376 200
48 8798 111 8978 200 9170 27
49 5611 200 5615 200 5725 200 5800 159 6017 62 6031 200 6132 200 6157 200 6216 200 6236 200 6264 200 6364 200 6393 200 6402 200 6412 200 6529 200 6610 200 6652 200 6674 200 7350 200 7778 200 8165 160 8331 200 8399 200 8449 200 8463 200 8510 200
50 5661 164 5794 191 5832 200 6057 200 6117 200 8768 200 8811 200
51 6530 200 8738 200 8802 200 8887 36 8939 108 9017 200 9527 182
52 6040 86 6102 200 6123 200 6142 200 6156 200 6201 200 6297 200
53 8708 157 8778 200
54 8819 200 8893 200 8987 200 9016 28 9218 65 9254 199
55 8704 200 8708 43 8767 85
56 7135 200 7154 170 7956 89
57 5631 200 5682 200 5816 200 5866 200 5912 200 5972 200 6074 20 6086 112 6113 200 6187 200 6205 200 6214 200 6283 200
58 9049 50
59 5982 180 6015 122 6589 119 8522 196 8538 200 8871 200 8875 200 8876 200 8895 200 8896 200 8904 200 8917 200 8935 200 8951 200 9037 200 9066 200 9126 200 9127 200 9157 200 9172 200 9174 200
60 5661 22 5775 200 5855 124 6020 200 6144 200 9001 200 9052 200 9076 200 9079 200 9205 200 9207 23 9256 200
61 5836 81 5886 200 5907 200 5975 200 5987 200 6155 200
62 2152 200 2300 4 2336 200 2384 200 2389 200 2440 200 2475 200 2529 200 2530 200 2600 200 2611 200 2841 135
63 5909 90
64 5601 200 5626 200 5752 200 5768 200 5817 200 5831 200 5860 200 5909 38 5961 200 6000 200 6036 49 6050 200 6062 200 6079 200 6153 200 6158 200 6202 200 6340 200 6351 200 6362 200
65 8836 200 8846 200 9170 173 9229 181 9252 200 9469 200
66 5928 153 6024 126 6033 142
67 9158 200 9183 188
68 9085 200 9183 12 9204 20
69 5797 56 5928 47
70 2070 200 2154 200 2261 86 2277 200 2288 200 2360 200 2408 200 2424 200 2482 123 2487 200 2589 200 2642 200 5125 200 5127 200 5130 200 5152 135 5176 190 5177 200 5180 200 5184 200 5187 200
71 9006 108 9061 63
72 8923 1 8954 200 8959 200 8972 109 9039 200 9067 200 9115 200 9203 200 9278 200 9391 163
73 5630 200 5640 200 5693 200 5779 168 5919 200
74 9929 105
75 9510 92
76 8480 200 8485 200 8494 200 8498 200 8522 4 8527 200 8558 200 8561 200 8572 200
77 8759 39 8788 200 8880 200 8976 200 9044 200 9110 198 9215 200 9226 200 9340 200 9503 190 9602 200 9629 200
78 5722 32 5812 200
79 5455 190 5575 116 5700 200 5706 200 5721 200 5756 200 5769 200 5821 200 5918 200 5924 189 5995 200 6097 200 6183 200 6210 200 6343 200 6417 200 6482 200 6552 200 6984 200 7027 150 7154 30 7498 200 8401 200 8425 200 8509 200
80 5644 96 6302 200 6303 200 6480 199 8589 200 8861 200
81 5732 200 5733 200 5734 200 5827 200 5857 200 6111 200 6327 170 6361 200 6366 200 6445 200 6446 200 6470 200 6589 11 8595 200 8626 200 8658 200 8679 200 8734 200 8743 200 8757 200 8805 200 8810 200 8832 200 8835 200
82 9639 81
83 8956 200 8972 91 9061 137 9092 200 9106 200 9227 200 9246 200
84 5591 200 5597 200 5653 200 5739 200 5926 200 5939 200 5997 200 6006 200 6023 200 6088 200 6127 200 6140 200 6152 200 6160 200 6259 200 6299 200 6327 20 6365 50 6427 200 6438 200 6513 200 6527 200 6567 200
85 8598 51 8746 200 8862 200 8866 200 8909 200 9010 113 9053 200 9113 200 9116 200 9313 200 9483 200
86 5730 158 5779 32 5781 200 5829 200
87 5507 180 5859 120 5921 200 5988 200 6029 153 6082 200 8672 200 8823 200 8870 200 8993 200 9002 63 9084 200 9458 200
88 5636 180 5850 190 5856 200 5874 200 5894 200 5914 200 5956 200 6033 58 6036 151 6108 200 6116 200 6235 200 6288 200 6344 200
89 8869 200 9194 200 9197 200 9254 1 9284 111
90 9388 9
91 2091 200 2173 200 2222 140 2337 200 2367 200 2372 200 2557 190 2568 200 2577 200 2622 200 2651 200 2841 25
92 5506 200 5932 200 6017 138 6279 200 6378 97 6526 200 6597 200 7066 200
93 9577 104 9639 119
94 5618 180 5746 200 5862 200 6256 175
95 9204 31
96 8996 93 9095 200
97 5603 200 5643 200 5838 200 6007 200 6029 27 6041 200 6122 200 6284 200 6363 200 6368 200 6540 200 6569 200 8584 200 8642 200 8841 100 8892 200 8984 200 9026 200 9059 200 9088 200 9104 200 9119 200 9130 200 9299 200 9352 200
98 9756 8
99 8528 130 8659 200 8691 200 8799 200 8899 200 8981 200 8982 180 9027 108 9167 200 9307 92 9308 200 9398 200 9484 200
100 9192 200 9204 149 9218 135
101 2453 10
102 5859 10
103 5665 10
104 5176 10
105 5644 10
106 6386 10
107 9027 10
108 6261 10
109 8779 10
110 5665 10
111 5958 10
112 669 10
113 9307 10
114 2453 10
115 2261 4 2453 6
116 6378 10
117 2453 10
118 5909 10
119 5909 10
120 6589 10
121 6126 10
122 2222 10
123 5944 10
124 5200 10
125 8528 10
126 9307 10
127 5958 10
128 2300 10
129 5958 10
130 5352 10
131 123 10
132 6306 10
133 9307 10
134 6126 10
135 9230 10
136 2300 10
137 5958 10
138 5352 10
139 6261 10
140 6015 10
141 5958 10
142 5352 10
143 5665 10
144 8764 10
145 2261 10
146 6126 10
147 2453 10
148 5522 10
149 5909 10
150 2453 10
151 6311 10
152 2261 10
153 771 10
154 5665 10
155 8764 10
156 930 10
157 5909 10
158 2453 10
159 6589 10
160 5493 10
161 5909 10
162 669 10
163 6126 10
164 9027 10
165 6386 10
166 2453 10
167 217 10
168 2300 10
169 8982 10
170 9307 10
171 2300 10
172 5665 10
173 8779 10
174 217 10
175 669 10
176 59 10
177 2300 10
178 8423 10
179 483 10
180 5507 10
181 9110 2 9307 8
182 2261 10
183 6261 10
184 5650 10
185 669 10
186 5944 10
187 6378 10
188 5352 10
189 8764 10
190 5958 10
191 6029 10
192 217 10
193 6311 10
194 8165 10
195 8240 10
196 5644 10
197 5541 10
198 8764 10
199 5352 10
200 8586 10
201 5859 10
202 5665 10
203 5469 10
204 2300 10
205 8528 10
206 8764 10
207 9307 10
208 5469 10
209 5312 10
210 2453 10
211 2222 10
212 2453 10
213 2453 10
214 8764 10
215 5644 10
216 9307 10
217 8779 10
218 5352 10
219 5541 10
220 7 10
221 5859 10
222 8528 10
223 5665 10
224 5636 10
225 2557 10
226 5352 10
227 771 10
228 8779 8 9027 2
229 6378 10
230 669 10
231 5730 10
232 9230 10
233 6327 10
234 6261 10
235 7027 10
236 5859 10
237 6015 10
238 5636 10
239 8854 10
240 6589 10
241 2453 10
242 5665 10
243 6378 10
244 5644 10
245 6126 10
246 9230 10
247 8779 10
248 771 10
249 5224 10
250 8779 10
251 5665 10
252 9230 10
253 5575 10
254 2841 10
255 8764 10
256 8764 10
257 6019 10
258 5455 10
259 5744 10
260 2261 10
261 5204 10
262 5493 10
263 8764 10
264 6261 10
265 5859 10
266 2300 10
267 7027 10
268 6126 10
269 6365 10
270 6334 10
271 6589 10
272 2222 10
273 5982 10
274 6126 10
275 2300 10
276 9230 10
277 416 10
278 157 10
279 5930 1 6026 9
280 5665 10
281 2300 6 2453 4
282 6378 10
283 6261 10
284 5541 10
285 5557 10
286 5224 10
287 5665 10
288 8528 10
289 6311 10
290 5618 10
291 2222 10
292 2222 10
293 6334 10
294 5924 1 6261 9
295 6437 10
296 6261 10
297 8528 10
298 5493 10
299 2261 10
300 5665 10
301 8759 10
302 5469 10
303 6261 10
304 6019 10
305 7027 10
306 8982 10
307 483 10
308 5828 10
309 2841 10
310 6311 10
311 5936 10
312 6126 9 6386 1
313 6378 10
314 9027 10
315 2453 10
316 8764 10
317 5859 10
318 8764 10
319 8165 10
320 6437 10
321 5644 10
322 6126 10
323 771 10
324 5469 10
325 5665 10
326 5352 10
327 416 10
328 5930 10
329 2453 10
330 5493 10
331 2261 10
332 5352 10
333 5575 10
334 8764 10
335 2300 10
336 6306 10
337 8854 10
338 8423 10
339 5665 10
340 2300 10
341 123 10
342 6261 10
343 8779 10
344 6026 10
345 6386 10
346 2300 10
347 2453 10
348 6378 10
349 5958 10
350 8586 10
351 5277 10
352 6293 10
353 217 10
354 2453 10
355 8764 10
356 9230 10
357 6386 10
358 5800 10
359 2261 10
360 2261 10
361 8165 10
362 6589 10
363 9503 10
364 5665 10
365 6015 10
366 5958 10
367 2453 10
368 157 10
369 6261 10
370 9027 10
371 930 10
372 771 10
373 2300 10
374 5469 10
375 2261 10
376 5557 10
377 9307 10
378 483 10
379 6261 10
380 8854 10
381 5493 10
382 2453 10
383 2453 10
384 9307 10
385 6334 10
386 59 10
387 6015 10
388 2261 10
389 5665 10
390 5859 10
391 2300 10
392 5469 10
393 5909 10
394 217 10
395 9027 10
396 416 10
397 5644 10
398 5618 10
399 9307 10
400 6589 10
401 2300 10
402 6261 10
403 8678 10
404 2300 10
405 5352 10
406 5936 10
407 5665 10
408 6019 10
409 5204 10
410 9027 10
411 6334 10
412 5850 10
413 9027 10
414 5341 10
415 6019 10
416 6261 10
417 2300 10
418 5644 10
419 5650 10
420 8528 10
421 2222 10
422 5665 10
423 483 10
424 5924 10
425 2261 10
426 6261 10
427 5794 9 6480 1
428 283 10
429 6029 10
430 6261 10
431 483 10
432 5982 10
433 7027 10
434 8764 10
435 483 10
436 6306 10
437 283 10
438 5944 10
439 33 10
440 8764 10
441 6306 10
442 8779 10
443 5352 10
444 483 10
445 6126 10
446 8528 10
447 5859 10
448 33 10
449 5644 10
450 2841 10
451 8764 10
452 6378 10
453 5100 10
454 5469 10
455 6126 10
456 5352 10
457 516 10
458 6261 10
459 5665 10
460 669 10
461 5204 10
462 8759 10
463 9027 10
464 8165 10
465 6589 10
466 5575 10
467 6019 10
468 2300 10
469 2300 10
470 5665 10
471 8423 10
472 157 10
473 8423 10
474 416 10
475 5909 10
476 6126 10
477 59 10
478 5800 10
479 6306 10
480 123 10
481 7027 10
482 217 10
483 5958 10
484 8423 10
485 6293 10
486 283 10
487 6126 10
488 8949 10
489 5507 10
490 516 10
491 8764 10
492 5909 2 5936 8
493 2841 10
494 59 10
495 9307 10
496 9027 10
497 24 10
498 2300 10
499 2453 10
500 8712 10
