80
1 279 50 294 47
2 788 10 805 46 806 50 825 34
3 293 35 298 49 490 50
4 722 34 723 27
5 9 50 18 32
6 606 50 607 50 616 50 620 50 638 50 640 50 652 5 670 50
7 754 8
8 580 50 588 50 614 50 637 36 645 50 808 50 820 50 849 50 850 2 854 50 859 50 921 50
9 700 46 701 50 704 50 708 31
10 993 5
11 778 7
12 634 50 636 29
13 579 50 581 50 586 16 587 38 591 50
14 963 23
15 797 50 805 4
16 680 22 689 50 700 4
17 245 50 249 50 283 50 293 15 294 3 306 50 323 50
18 676 20 696 50 716 11 721 50 726 50 748 50
19 676 30 692 50 715 50 718 50 720 50 731 45 742 50 754 42 759 50
20 817 50 825 16 826 50
21 627 18 657 29 659 50
22 912 41 984 50
23 912 9 914 4 947 6 993 36
24 687 50 697 50 724 50 731 5 738 17
25 947 24 963 7
26 611 50 627 17 631 50 643 50 647 50 648 46 655 50
27 662 50 667 10 674 1 677 50 683 50
28 723 23 729 25
29 681 13
30 618 14 633 50 639 50 771 50 775 20 880 50 882 50
31 993 9
32 702 50 741 14 775 30
33 952 5
34 982 6
35 675 50 680 15 694 50 698 50
36 681 13
37 711 50 736 7 770 19
38 667 40
39 947 20 982 41
40 617 50 630 49 632 50 652 45 660 50 661 50
41 577 50 592 7 599 50 613 50 625 50 629 50 635 50 637 14 786 50 793 50 827 50 843 50 939 50 952 45
42 814 26 940 5 977 50 989 50
43 982 3
44 608 14 626 50 641 50 644 35 648 4 650 50 665 50
45 618 36 628 28 778 15 784 50 785 50
46 586 34 592 43 602 50 649 50 684 50 717 50 741 36 758 50 772 50 792 50 840 50 841 50 914 46
47 595 50 615 50 623 33 646 50 735 50 749 50 750 9 766 50 769 50 773 50 777 50
48 644 15 651 50 654 50 656 50 658 50 668 50 673 50 695 1 708 19
49 258 50 290 37 298 1 308 50 340 50 504 50 507 39 533 50
50 963 20
51 630 1 690 50 703 50 727 15 737 50 744 50 746 50 750 41 757 50 776 50 788 40 821 26 822 50 834 50 836 5
52 713 50 714 50 729 10 734 50
53 679 50 725 50 732 50 761 50 764 42 765 13
54 672 50 719 50 728 50 738 33 740 50 752 50 753 50 760 50 763 35
55 596 50 814 24 823 50 850 48 851 50
56 664 50 736 43 767 3
57 627 15 685 50 730 50 755 50 765 37 774 50
58 507 11 532 50 556 50 558 50 560 50
59 707 50 709 19
60 587 12 589 50
61 6 24 13 50 18 18
62 688 27 767 47 780 50
63 763 15 764 8
64 706 50 709 31 710 50 729 15
65 861 42
66 695 34
67 29 19 35 50
68 657 21 770 31
69 608 36 622 50
70 680 13
71 224 39
72 598 50 612 50 663 50 669 35 778 28 779 50 804 50 815 50
73 49 50 56 50 64 50 90 24
74 821 24
75 609 50 610 50 623 17 666 50 669 15 678 50 745 50 747 50 781 50 810 50 811 50 828 50 837 50
76 681 24 686 50 699 50 712 50 716 39 722 16 739 50
77 624 50 636 21 653 50 671 50 674 49 682 50 691 50 695 15
78 4 50 6 26 7 50 8 50 15 50 628 22 642 50
79 688 23 693 50 705 50 727 35 733 50 743 50 751 50 762 50 768 50
80 836 45 861 8
