3000
1 8827 590 8851 600 8867 600 8900 600 8919 600 9013 343 9242 600 9385 600 9440 243 9568 600 9646 600
2 8729 355 8784 26
3 9097 472 9134 600 9457 600 9492 124
4 8819 255
5 8757 600 8876 286 9335 474
6 9054 600 9138 82 9423 200 9438 600 9455 600 9652 600
7 8924 121 9018 243
8 8853 401
9 5963 600 6242 600 6301 600 6309 600 6474 600 6591 600 6903 600 6938 427 6958 600 7254 600 7460 600 7506 600 7831 600
10 8586 600 8651 600 8927 236 9149 418 9489 600 9500 125
11 8799 14
12 9152 174
13 6331 205 6385 600 6387 590 6651 600 6665 590 6882 600 7006 600
14 8998 301 9273 243 9382 600
15 9230 116 9360 324
16 8478 98 8998 299
17 8672 128
18 8564 468 8709 600 8830 600 8843 433 8847 600
19 6017 600 6157 590 6216 600 6393 600 6526 543 6652 600 7066 600
20 9644 481 9694 600
21 9527 18
22 5146 65 5147 600 5153 590
23 5432 600 5678 600 5741 600 5880 600 5904 600 6797 600 6929 600 7061 242 7187 600
24 9430 405
25 9221 415
26 5768 152 5874 600 5894 600 5914 600 5956 145 6000 17 6036 600 6116 66
27 8317 17 8462 600
28 9161 275
29 6020 600 6057 94 6093 600 6094 600 6144 600 6443 5
30 8866 143 8909 553 9116 600
31 5660 600 5760 50 5895 600 6154 439 6245 600
32 110 600 124 590 134 600 139 600 142 600 144 600 151 600 223 600 237 600 245 590 6135 600 6930 600 8251 173
33 8740 200 8746 600 8850 600
34 6788 600 6948 335
35 8347 600 8359 564 8405 600 8439 600 8443 600 8450 390 8473 205
36 8996 88
37 8861 254
38 7527 120 7622 391
39 9391 336
40 8938 600 9065 600 9108 89 9121 600 9155 600 9237 600 9623 193
41 5628 600 6092 600 6401 600 6448 103 6549 600 6806 590 8090 600 8432 600 9036 600 9349 590 9796 600
42 5680 590 5999 186
43 8538 97 8896 381 9418 600
44 6120 590 6139 600 6246 600 6625 600 6746 475 6952 600 7300 600
45 9756 125
46 8893 408 8987 174
47 5561 600 6492 590 6620 191 8563 600 8754 590 9425 600
48 9453 338
49 6276 600 6738 590 6740 600 6975 600 8190 600 8250 590 8447 600 8464 401 8482 600
50 8799 586 8899 424 9484 345
51 6552 600 9282 240 9383 286
52 6040 414 6123 272 6142 600
53 8708 357
54 8873 565 9203 327
55 8748 328
56 7154 459
57 5779 600 5829 600 5980 600 6273 532
58 8823 50
59 8230 600 8231 600 8346 565 8451 600 8596 600 8913 452 9077 600
60 8899 176 8981 593 9308 600 9398 600
61 5842 481 6201 600
62 2100 600 2381 349 2543 600 2548 590
63 5995 90
64 5827 534 6111 421 6361 600 6366 600 6445 600 6446 600 6470 332
65 8710 129 9059 287 9372 138 9413 600
66 6126 421
67 9158 388
68 9194 232
69 6126 103
70 5121 590 5138 364 5160 600 5171 600 5177 590 5184 590 5187 600
71 9101 171
72 8589 473 8811 600 9205 600
73 5794 368 5832 600
74 9847 105
75 9483 92
76 8485 95 8494 309 8558 600 8572 600
77 8169 447 8267 590 9031 590 9394 600
78 5812 232
79 8284 485 8328 600 8428 600 8437 590 8457 600 8536 600 8542 600 8545 600
80 8659 600 8691 495
81 8116 600 8290 600 8354 600 8553 600 8587 381 8599 600 8694 600 8770 600
82 9602 81
83 8884 39 9153 600 9263 589
84 6541 600 6595 590 6710 80 7583 600 7766 600 7811 600 7863 600 7946 600
85 8509 79 8538 503 8749 600 9149 182 9150 600
86 5944 121 6293 469
87 9135 600 9168 7 9271 600 9283 509 9312 600
88 5926 600 5939 600 5997 600 6111 179 6160 600
89 8649 202 9178 33 9238 477
90 9388 9
91 2070 600 2408 590 2424 365 2487 600
92 5762 600 6014 600 6063 235
93 9577 223
94 5930 316 6026 439
95 9204 31
96 8996 293
97 8473 395 8526 93 8699 600 8883 600 9103 600 9283 91 9347 600 9426 600 9546 600 9677 548
98 9747 8
99 6873 91 8565 600 9255 419 9379 600 9728 600
100 9102 484
101 6108 600 6116 534 6235 600
102 6248 328 6318 590 6382 600 6646 600 7636 400 7653 600
103 5854 590 5900 600 5934 539 5971 600 6680 600 7289 600 8219 600 9223 600
104 6530 180
105 8700 600 9002 559 9430 195
106 9044 184
107 5545 600 5750 600 6883 600 8983 292 9216 590
108 6302 533 6303 600 6323 166
109 9095 275
110 6256 13
111 9313 181 9344 230
112 321 600 334 15
113 9751 101
114 4266 146 4366 241
115 5852 600 6068 600 6339 591 6464 600 6681 600 6773 600 8271 600
116 5477 600 6085 600 6265 600 6355 600 6687 590 6864 538 7279 600
117 7622 209 7956 544
118 8789 229 8878 543
119 9871 44
120 5409 600 5696 600 5763 600 6504 600 6577 600 6918 600 7361 62 7770 600 8258 600 8400 600 8575 600 9311 600 9605 600 9615 600
121 7850 600 8151 600 8352 80 8465 600 8471 600 8486 600 8489 5
122 5783 579 6293 131
123 9006 339
124 5554 563 5797 176
125 2091 202 2367 600 2530 558 2600 186
126 8609 88 8737 600 8764 536 8914 600 8942 600
127 5808 600 6519 600 7450 600 8440 473 8763 600 9285 600
128 5735 74 5742 600 5978 375 6136 600
129 5823 295 5903 600 6378 590 6415 600 6423 600
130 8448 145 8794 590 8890 590 9086 486 9289 600 9295 600 9334 600 9358 600 9547 600
131 6506 8 6513 600 6527 600 6589 600 8927 364 9145 181
132 5991 145 6159 311
133 5404 600 6516 600 7142 600 7589 600 7906 600 7993 600 8174 600 8338 600 8391 600 8638 600 9255 181 9392 600
134 8647 600 8710 471
135 9127 522 9172 600 9270 557 9275 600 9416 9
136 9500 475
137 9467 600 9507 600 9534 125
138 5738 600 6253 600 6490 130 7100 600 7751 600 7964 600 8023 600 8063 600 8206 590
139 6097 590 6210 419
140 5743 600 5910 600 6240 600 6689 590 6925 311 7969 600 8622 600 8632 600 8907 600
141 5879 600 6026 161 6067 600 6254 414 6270 600
142 5480 600 5729 230 6129 600 6400 600 6481 600 6502 600 6692 600 6727 600 7176 600 8123 600 8130 600
143 9830 26
144 9602 64
145 5379 600 9377 105 9433 600
146 8702 402 8956 165 9061 243
147 6025 590 6169 102 6316 600 8165 600
148 9044 303 9215 422
149 9095 224
150 9002 41 9084 600 9458 408
151 5630 145 5746 78 5862 600 6042 600 6256 587
152 6052 600 6128 333 6151 600 6239 600 6273 68
153 8920 600 8953 30 8973 600
154 8747 600 8787 600 8804 600 8848 600 8872 600 9030 600 9139 600 9400 30
155 8065 590 8125 600 8567 536 8593 600 8643 252 9100 600 9247 600 9419 600 9462 600 9486 600
156 8351 600 8422 600 8533 600 8577 600 8703 600 9125 184
157 9088 152
158 7027 541 7956 56
159 5650 600 5718 600 5764 274 5936 593 5994 600 6064 600
160 6340 600 6344 518 6351 79 6362 600
161 6186 600 6243 600 6348 395 6443 595
162 9254 133
163 8921 318 8924 479
164 8285 151
165 6013 600 6039 600 6257 600 6436 600 6486 600 6547 600 6771 600 7995 600 8327 600 8426 600 9070 600 9641 156
166 9702 237
167 8852 600 8966 600 9266 600 9286 600 9315 600 9325 600 9456 463 9498 600 9542 600 9549 600 9613 305
168 8666 600 8910 600 9046 600 9273 357 9282 360
169 8738 211 8802 600 9017 367
170 8678 477 8691 105 8773 600 8779 600 9027 600
171 8987 426
172 9278 103 9380 321
173 6183 600 6417 286 6482 600
174 5295 600 5324 598 5330 600
175 9432 65
176 6667 600 6735 555 6962 600 7380 600
177 9090 84
178 5424 249 5714 600 5717 600 5882 600 6554 600 7272 590 7920 600 8097 600 8148 600 8519 600
179 2568 592 2600 414 2622 600
180 5817 600 5860 600 6000 583 6158 415
181 5546 118 8028 600 8127 600 8427 590 8550 600 8965 600 9454 600 9673 600 9739 600 9790 600
182 8324 95 8346 35 8416 600 8611 600 8806 600 9212 600 9251 600 9261 600 9409 600 9581 600
183 8930 63
184 5908 600 6260 212 6855 600 7539 600 7885 600 8038 600 8103 600 8209 600 8800 600 8839 600 9545 600 9758 600
185 6102 600 6123 328
186 5820 171 5838 590 6247 34
187 6374 600 6572 146 6837 600 7160 590 7848 600 8785 600
188 8767 600 8834 4
189 8742 600 8846 519
190 8399 600 8621 214 8759 600 8880 531 8976 600 8979 600
191 8716 600 8913 148 8967 600 9366 82 9702 363
192 5444 599 5617 600 7732 435 8144 600
193 8916 416 9025 600 9189 594
194 8690 419 9165 600
195 6117 600 6302 67 6480 192
196 8816 255 8873 35 9067 600
197 8489 580 8557 600
198 8917 346 9253 600 9305 600
199 8959 269 9039 17
200 8269 306 8418 600 9366 518
201 6075 430
202 6264 590 6364 600 6529 600 6610 101 6674 600 7017 427 7350 600
203 5891 600 5923 600 5927 600 5976 590 6461 600 8597 167 8878 57
204 8929 192 8948 20
205 9929 30
206 8738 389 8755 600 8829 64 8887 600
207 9450 339
208 9158 212 9183 258
209 7498 384 8071 482
210 8836 600 8846 81 9170 226 9252 181
211 8702 198
212 9313 419 9346 189
213 6208 600 6539 600 7644 600 8525 446
214 8768 110 9001 600 9052 320
215 9119 83
216 8208 590 8380 600 8627 600 8812 152 9191 145
217 8480 528 8494 291
218 5575 590 5664 600 5686 503 5700 600 5706 600
219 9010 331
220 9847 112
221 9178 126
222 8898 338 9093 600 9132 600 9281 600 9353 600 9367 600 9456 137
223 8823 419 8993 600 9458 192
224 6437 600 6507 600 6551 600 6602 462 6606 600 6721 600 6728 600
225 8893 192 9006 38
226 8977 11
227 9344 370
228 5578 600 5957 600 6308 600 6392 600 6714 600 6781 600 6891 590 6968 600 7105 600 7137 387
229 5661 73 5775 600 5855 600 5893 80
230 6457 590 6493 499 6587 600 6676 600 6713 600 6830 600 7200 590 7544 600
231 8522 600 8876 314 8896 219 9037 600
232 5577 600 8031 411 8493 600 8958 590 9075 600
233 9221 18
234 5640 600 6166 600 6179 112
235 8352 520 8353 194
236 8723 600 8728 600 8731 600 8762 600 8786 349 8814 600
237 5348 600 5460 600 5568 600 6084 600 6566 600 7018 600 7023 50 7456 600 7489 600 8255 600 8727 600 9361 600 9512 600 9750 600
238 5788 600 5958 600 6185 392 6228 590
239 6344 82 6416 600 6431 551
240 6009 590 6127 459 6137 88 6152 600
241 5554 37 5789 244
242 5982 548 6015 431
243 8881 93
244 8478 502 8555 409
245 8604 504 8621 386
246 8541 142 8556 600 8606 600 8618 600 8706 600 8801 600 9021 196
247 9483 167
248 9469 140
249 90 600 106 600 114 600 171 600 5639 600 5749 600 6342 600 6390 600 6593 600 6657 154 6658 600
250 5946 600 6109 600 6233 600 6609 453 6705 600 8177 600 8260 600 8396 600 8402 590 8419 600
251 9414 309 9450 19
252 5886 511 5907 127 5987 600
253 8778 26
254 5549 79 5670 600 5776 600 5793 600 5811 590 5837 600 5977 600
255 9756 103
256 8948 580
257 8527 600 8835 211 8875 600
258 9747 189
259 2700 102 2841 600
260 215 600 6012 600 6115 600 6656 600 7001 600 8185 600 8314 600 8444 590 8507 600 9321 600 9451 215 9515 600 9656 600
261 9051 235
262 8429 600 8450 210 8456 600 8564 132 8685 600
263 6567 49 8658 600 8743 600 8835 389 9127 78
264 8819 26
265 6280 600 6588 600 6812 600 6844 600 6899 600 7156 600 7734 590 8420 600 8481 600 8516 600 8926 600 9143 89
266 8665 600 8675 600 8837 105
267 9414 291
268 5095 583 5100 600
269 8831 600 8860 600 8939 267
270 6616 327 8104 600
271 8264 600 8365 590 8915 600 9105 600 9339 280 9342 600
272 8315 590 8646 600
273 9092 516 9106 399
274 6478 306
275 5682 600 5866 209 6086 600 6187 93 6283 589
276 5618 600 5746 522 5760 550 5947 600
277 9416 591
278 8778 159
279 9284 373
280 9267 154
281 8642 600 8654 8
282 5931 600 6292 168 6789 600 6895 590 8011 600 8388 600 9173 590 9280 600 9529 590 9733 600
283 2568 8 2577 600
284 2222 9
285 8956 435 9092 84 9246 221
286 9048 600 9102 11
287 9441 472
288 8567 64 8590 600 8594 600 8797 600 8868 561 8934 600
289 9190 398
290 8748 272 9106 39
291 8571 590 8588 600 8833 66 9011 600 9023 600 9257 600 9302 600 9370 600 9373 600 9535 600 9631 441
292 5848 600 6189 600 8183 600 8430 468 9055 445
293 6190 600 6203 600 6211 600 6271 600 6278 600 6295 600 6296 595
294 6597 240 8423 600 8449 600 8463 600 8510 600 8528 600
295 8480 72
296 8781 85 8862 600 8866 457
297 7477 441
298 9797 27
299 5631 75 5816 480
300 8504 600 8715 106 9009 600 9168 593 9180 600 9480 600 9508 600
301 7851 595
302 6503 273
303 9152 325
304 9629 68
305 5797 424 5928 556
306 9183 342 9204 229
307 8734 600 8951 591
308 5774 600 6807 600 8648 600 9536 319 9552 590
309 5881 590 6678 222 8184 600 8469 590 8546 600 8975 600
310 8753 600 8853 188
311 9072 600 9074 600 9086 114 9114 600 9117 600 9208 600 9222 600 9296 600 9423 400 9465 600 9491 600 9670 600
312 2642 600 2651 600 2700 301
313 5385 600 5659 600 6518 600 6536 309 7798 600 8078 600 8135 600 8378 600 8628 600 8629 600 8936 600 9118 600 9159 600
314 6023 400 6088 590
315 7334 34 7979 600 8024 600 8905 600 8970 600 9038 600 9043 600 9279 600 9300 600 9314 600 9417 600
316 6330 600 6334 600 6335 400 6348 205 6399 600 6434 600
317 8626 351 8895 600 8951 9 9174 600 9453 262
318 8952 600 8995 600 9096 457 9120 453 9316 600 9534 475 9575 600 9586 600 9649 600
319 8704 127 8818 179 8869 600
320 8194 487 8448 455
321 9059 313 9130 403
322 7845 96 7851 5
323 5513 600 5514 600 5520 155 5526 590 5530 600 5544 600 5548 600 5576 600 5586 600
324 6870 142 7435 600
325 5504 600 5573 219 6763 600 6840 590 7047 600 7313 600 8102 600
326 5442 600 5899 600 6002 600 6076 600 6313 600 6488 281 6827 600 7004 600 7292 600 7704 600 7733 600
327 5943 600 6169 498 8609 512 8733 600 8916 184 9503 600
328 9192 367 9194 236 9218 154
329 9631 9
330 5932 600 6279 337 7778 600 8331 600
331 2369 324 2859 590 2884 208
332 6206 46 6695 590
333 8317 583 8643 348 8686 600 8744 600 8782 600 8857 600 9062 600 9269 576
334 8114 590 8193 600 8330 600 8438 600 8512 600 8605 600 8612 600 8617 29
335 6226 72 6297 600 6354 600
336 5850 600 5856 600 5956 455
337 9284 204
338 5909 591 5936 7
339 8949 600 9213 455 9230 484
340 8607 600 8717 226 8837 495
341 2884 392 5016 600
342 8269 294 8285 449 8657 600 8682 127 8950 600 9107 600 9320 600 9431 450 9582 600 9672 600
343 5907 473
344 5886 89 5975 337 6155 600
345 6134 600 6172 600 6185 208 6343 180
346 5725 600 5800 600 5883 600 6324 590 6337 600 6402 279 6581 600
347 5727 600 5773 590 5893 520
348 9346 191
349 5877 600 5952 600 6074 600 6154 161 6266 500
350 8661 590 8765 600 8911 600 8974 600 9073 600 9297 600 9309 600 9475 600 9636 600 9645 600 9661 239 9678 600
351 8561 600 8626 249 9520 252
352 6463 317 6489 600 7837 600 8306 600 8603 600
353 8981 7 8982 571 9110 600 9167 600 9307 600
354 5602 600 5644 600 5783 21 5794 232 6011 600 6323 434
355 8649 398
356 5953 182 6167 590 6521 600 6550 590 6628 600 6886 600 7059 600
357 8786 251 8980 600 8992 600 9129 600 9186 600 9440 357 9532 600 9613 295 9644 119 9660 600
358 8939 333 9017 233
359 8584 600 8672 472 8870 600 8892 62
360 9018 357
361 6122 600 6247 566 6284 600 6363 83 6368 600
362 8610 126 8668 600 8856 600
363 9140 461
364 6983 600 7918 600 8560 600 8764 64 8940 600 9156 293
365 9101 185
366 6288 600 6335 200 6351 521
367 5732 600 5733 600 5982 52
368 8868 39 9164 600 9234 573
369 4266 454
370 6212 600 6386 9
371 8589 95 8598 467
372 6159 289
373 5584 590 5663 458 5675 590 5747 590 5754 600 5807 600 5993 600
374 8784 525
375 2337 327 2557 408
376 9791 88
377 8788 600 8880 69 9215 178 9226 600 9340 600 9376 600
378 5764 326 5913 548 6131 600 6298 600
379 8307 379 9331 600
380 6062 439 6158 185 6202 600
381 9218 446
382 6499 600 6579 539 6636 600 6671 600 7035 600 7136 600 7324 600
383 8729 245 8861 346
384 9527 21
385 5836 600 5975 263 6156 199
386 5673 600 5722 600 5866 391 5890 19 5972 600
387 9579 79 9707 590
388 8496 600 8953 570 9097 128 9154 478 9179 600 9184 600 9199 600 9422 600
389 8918 401 9034 470
390 272 178
391 8991 600 8999 600 9138 518 9181 600 9333 600 9386 600 9501 600 9557 600
392 6192 600 6214 600 6226 528 6283 11
393 5600 164 5704 600 6772 600 7687 600 8458 600 8608 600 8838 600 8960 600 9108 511 9265 419 9584 600 9600 600
394 6163 600 6178 600 6304 590 6314 600 6411 600 6477 600 6491 600 6496 600 6503 228
395 9774 441
396 5421 600 5487 600 5497 600 7026 83 7463 600 7810 600 8236 600 8411 600 8518 600 9241 590 9655 600 9706 590
397 9022 360 9124 600 9238 123
398 5784 600 5955 590 6548 600 6617 600 6842 600 6866 429 8111 600 9583 600 9635 590
399 4975 305 4992 600 5007 600
400 8598 133
401 8362 600 8587 219 8640 600 8682 473
402 5626 590 5831 600 5961 129 6062 161
403 5446 24 5534 600 6444 600 6748 600 7022 600 7052 600 7166 600 7182 600 7225 600 8002 600 8121 600 8579 600
404 6282 600 6578 136 6832 600 6950 600 7317 600 7459 600 7475 105
405 9254 239
406 9391 91
407 8679 345 8917 254 8935 600 9126 128 9157 600
408 8654 113 8841 600 8871 600 8904 600
409 6022 600 6035 600 6040 186 6075 61
410 8954 529 9039 583
411 8568 600 8576 600 8662 600 8664 126 8669 600 8680 600 8696 600 8705 600
412 6262 600 6325 600 6341 600 6345 388 6386 147 6484 600
413 6275 600 6379 600 6384 600 6475 600 6533 600 6752 600 6981 600 7480 600 8367 590 8373 600 8468 600 8713 383 9374 600
414 9016 124
415 8921 282 9016 42
416 8977 502
417 9432 240
418 5730 600 5781 29 5789 356 5925 600
419 8470 600 8515 600 8524 152 8678 123 8750 600 8766 600
420 8604 96 8775 600 8842 600 8888 600 9189 6
421 8982 29
422 8879 259 9231 600 9267 446 9322 220 9431 150
423 5630 455 5693 600 5919 600 5948 91 6179 488
424 6225 600 6413 600 6523 600 6710 520 6762 85 7745 600
425 76 600 84 600 115 600 150 600 158 600 160 600 9058 219
426 6442 590 6619 600 6675 600 6724 600 6737 600 6811 600 6839 530 6877 600 6915 600
427 6137 512
428 9190 127
429 8825 61 8929 408
430 9034 130 9079 243 9207 600 9256 600
431 9278 497
432 8552 385 8624 395 8808 600
433 6604 600 6641 590 7060 600 7124 600 7736 188 7944 600 8059 600 8289 590 8459 600
434 8941 206 9008 600 9188 600 9234 27 9513 600 9603 600 9618 600 9620 600
435 6394 600 6431 49
436 6205 133 6207 600 6266 100 6274 600 6281 600
437 391 6 419 600 427 600 433 600 440 600 464 590 490 590
438 8500 600 8526 507 8697 600
439 8332 590 8356 600 8410 90 8487 600 8641 600
440 5965 600 6147 600 6621 590 7078 600 7824 125 8199 600
441 5739 200 6006 600 6127 141 6140 600 6259 600
442 8624 205 8756 600 9032 600 9090 516 9096 143 9201 600
443 6804 600 8215 119
444 6794 151 7825 600 7909 600
445 8918 199 9029 180
446 8595 600 9066 600 9270 43 9335 126
447 5631 525 5912 600 6113 600 6205 467
448 9577 81
449 9469 276
450 5948 158
451 9388 195
452 9639 69
453 9971 11
454 9061 357
455 8707 600 8789 371 9156 307 9288 600 9393 600
456 9249 600 9322 380 9478 600 9554 600 9565 600
457 6248 272 6360 600 6449 600 6643 166 7054 600 7237 600 7503 600
458 5966 590 5996 600 6398 600 6425 600 6456 600 6758 600 6761 600 7134 600 7197 569 7205 600 7984 600 8254 600
459 8877 600 9049 350
460 7112 414 7126 600 7407 590 7415 590 7491 600
461 7135 69
462 9126 26
463 9751 25
464 8684 77
465 9639 157
466 9372 376
467 5633 600 5892 600 6080 600 6090 600 6874 600 7861 600 8163 571 8182 600 9133 600 9443 600
468 5642 600 6061 600 6553 600 6626 600 7056 600 7217 600 7247 600 8156 600 8279 600 8820 233 9381 600
469 8818 421 8834 585
470 9035 600 9045 600 9145 419 9323 600 9383 314
471 8552 215 8688 600 9021 404 9089 600 9268 600 9328 600 9400 570 9410 600
472 7179 359 7586 600 8071 118 8401 216
473 8798 315 8978 600 9170 374
474 5546 482 5668 600 7055 600 7373 275
475 8740 400 8884 186
476 7478 600 7970 320 9377 495 9403 600
477 5812 368 5842 119 5890 581
478 640 75 669 600
479 9929 69
480 5909 9 5961 471 6050 600 6079 600 6153 600
481 6376 139 6756 590 7634 600 7718 600 7866 590 8168 600 8234 600 8242 600 8253 600 8261 600 8268 600
482 8825 539 8881 204
483 7258 600 7805 600 7872 600 7883 600 8079 590 8370 600 8732 357 8928 600 9319 600 9496 600
484 2091 398 2173 600 2372 600
485 6146 590 6180 511 6193 590 6209 590 6223 600 6263 600
486 9629 128
487 5574 600 5614 600 5875 600 5935 600 6454 600 6460 600 6633 600 6698 600 6836 600 7330 248 7523 600
488 2222 591 2557 192
489 5604 600 5830 600 5847 600 5973 600 5989 251 6045 600 6110 600 6388 600 7013 600 7203 600 7432 600 7793 600 7990 600
490 9154 122 9161 236
491 8131 600 8152 600 8326 590 8361 600 8464 199 9109 600 9163 600 9350 600 9362 295 9490 600 9499 600 9797 573
492 5467 589 5488 600 5494 600 5550 600 5902 600
493 8715 494 8760 600 8795 600 9213 145
494 77 600 78 600 5600 436 6101 590 6356 600
495 6234 256 6367 590 6888 600
496 5636 590 5752 600 5768 448
497 5986 590 6096 590 6168 600 6347 600 6508 562 6520 600
498 5585 600 6500 600 6514 458 6784 600 6973 600 7088 600 7261 600 7321 600
499 9520 256
500 6057 226
501 8613 600 8614 600 8809 600 8968 600 9233 600 9360 276
502 9510 86
503 8616 600 8683 178 8687 600
504 7179 241 8555 191 8854 232 9429 600 9540 600
505 8909 47 9010 227 9053 600 9113 600
506 9085 171 9192 233
507 6148 600 6603 600 8303 600 8415 600 8725 600 9055 155 9056 600 9143 511 9412 600 9463 600
508 8401 384 8425 600
509 6098 600 6637 600 7204 600 7598 600 7693 24 8281 600 8308 600 8693 600 9214 600
510 8758 600 8898 262 8912 600 8925 600 8941 394 8963 600 9005 600 9047 600 9063 600
511 8892 375 9299 600
512 8485 505 8498 600 8509 521
513 9274 600 9348 600 9459 157
514 9026 330 9088 393
515 8610 474 8781 515
516 8387 600 8398 590 8404 600 8442 78 8472 600 8511 600 8520 600 8656 600
517 5781 571
518 9380 79 9441 128
519 8382 590 8384 600 8394 75 8412 600 8499 600
520 8490 600 8541 458
521 5871 590 5940 582 6038 600 6058 590 6497 600 6511 600
522 8923 211 8943 600 9051 306
523 6683 600 8050 4 9768 600
524 5398 35 5703 590 5719 600 6429 600 6476 600 6655 600 7606 600 7992 600 8019 600 8218 600 8318 600 8431 600
525 9050 600 9080 600 9407 600 9519 600 9587 600 9623 407 9643 600 9727 600
526 5924 600 6019 600 6261 600 6306 243 6417 314 6440 600
527 5787 600 5901 600 5913 52 6182 600 6254 186
528 9227 445
529 5859 600 5921 36 5944 479 5988 600 6082 600
530 8524 347
531 8984 600 9026 270 9104 600 9119 517
532 9052 280 9076 600 9079 357
533 9246 379
534 9229 579 9252 419
535 9484 255 9492 476
536 7017 173 7149 600
537 5671 450 5828 600 5930 284
538 7527 480
539 5463 600 5515 600 7875 600 8126 452 8141 600 8217 600 8569 600 8698 600 8945 600 9258 600
540 6984 600 7027 59 7154 141 7498 216
541 8265 214 8273 600
542 6584 600 6614 590 6765 600 6860 600 6971 498
543 8768 446
544 2245 313 2777 590
545 7845 504 8240 600 8310 600 8353 406
546 60 600 75 600 86 590 101 600 102 600 129 590 5688 590 6206 49
547 5656 600 5820 429 6345 212
548 8798 285 8863 600 9022 240
549 9988 14
550 6462 600 6472 600 6478 294 6480 408
551 7135 114
552 6184 590 6241 600 6307 600 6377 600 6410 437 6524 600 6534 600 6546 600 6568 600
553 8923 389 8954 71 9115 600
554 8717 374 8777 188
555 6343 27
556 8903 600 8959 331 9203 273
557 2337 146
558 9263 11
559 8879 341 8882 600 8985 600 9082 600 9120 147
560 8679 255 8777 412
561 6607 54 7972 600 8062 600 8132 600 8146 600 8150 600 8171 600 8191 600 8241 600 8259 600
562 7286 600 7340 600 7416 600 7453 600 7475 495
563 9130 197 9352 600
564 5770 590 6104 600 6230 600 6311 205 6326 600 6670 600 6999 600
565 6299 600 6327 600 6365 600 6427 600 6438 600 6470 268
566 8196 600 8223 600 8265 386 8345 600 8483 600 8601 600 8633 66 8673 600
567 6033 197
568 8324 505 8344 600 8455 600 8534 600 9269 24 9301 600 9473 600 9525 600
569 8761 600 8783 590 8833 534 8961 600 9012 600 9013 257 9078 600 9502 600 9564 600
570 9197 600 9227 150
571 5865 600 5978 225
572 2610 291 2612 600 2739 600 2811 600
573 5928 44 6024 600 6033 350 6128 267
574 9085 429
575 5921 564 6007 600 6029 600 6041 600 6363 517
576 9049 250 9229 21
577 5390 590 7235 600 8403 600 8531 268 9298 600
578 7672 600 7752 600 7967 600 8040 600 8159 600 8359 36
579 8467 600 8544 600 8739 600 8908 600 8922 600 9015 600 9057 600 9128 600 9191 455 9365 600
580 8805 600 8810 600 8832 600 9511 600
581 8704 473 8708 243
582 7551 600 7584 600 7636 200
583 9510 102
584 7069 600 9058 168 9641 444
585 5757 600 6191 600 6220 375 6829 590 7021 600
586 6221 590 6268 600 6300 590 6452 442
587 8633 87 8692 600 8771 600 8772 600 8793 600 8822 600 8843 167
588 6156 137
589 9791 103
590 5816 120 6187 507
591 8597 433 8712 600 8854 368 9292 600 9324 600
592 9677 52
593 5634 383 5897 600 5920 600 6450 600 6939 600 6998 600 7371 600 7452 600 7768 590 7834 600 7989 600
594 6506 592 6530 420 6540 600
595 9992 1
596 6567 551 6569 600
597 8829 536 8969 600 9029 420
598 8816 345 8972 600
599 8256 600 8397 590 8452 12 8537 600 8547 600 8674 600 8721 600 8886 600
600 5665 191 5686 97 5721 590 5726 600 5756 600
601 6716 10
602 7144 10
603 6167 10
604 6195 10
605 5202 10
606 7190 10
607 8664 10
608 6985 10
609 5209 10
610 5443 10
611 7904 10
612 9019 10
613 5483 10
614 5603 10
615 5528 10
616 8036 10
617 459 10
618 9517 10
619 8930 10
620 2504 10
621 5772 10
622 256 10
623 5811 10
624 6312 10
625 441 10
626 224 10
627 2611 10
628 8114 10
629 8582 10
630 5206 10
631 246 10
632 5667 10
633 146 10
634 6732 10
635 7377 10
636 8215 10
637 5486 10
638 910 10
639 5651 10
640 7395 10
641 7241 10
642 2885 10
643 6550 10
644 5603 10
645 5804 10
646 6801 10
647 8025 10
648 6250 10
649 6059 10
650 4966 10
651 6785 10
652 6746 10
653 5731 10
654 7970 10
655 6048 10
656 6032 10
657 6173 10
658 5729 10
659 6889 10
660 6387 10
661 7788 10
662 6522 10
663 5601 10
664 2657 10
665 2529 10
666 5715 10
667 546 10
668 8107 10
669 6352 10
670 7513 10
671 9020 10
672 2125 10
673 6779 10
674 5057 10
675 6861 10
676 6762 10
677 9259 10
678 605 10
679 5643 10
680 4998 10
681 8126 10
682 21 10
683 2834 10
684 5822 10
685 8277 10
686 8134 10
687 8397 10
688 8932 10
689 5858 10
690 6510 10
691 2174 10
692 7241 10
693 6663 10
694 5378 10
695 9244 10
696 181 10
697 6738 10
698 8506 10
699 2530 10
700 8381 10
701 8408 10
702 6776 10
703 6101 10
704 2801 10
705 6794 10
706 5705 10
707 15 10
708 2092 10
709 9099 10
710 7477 10
711 6938 10
712 729 10
713 5658 10
714 5474 10
715 5176 10
716 7693 10
717 6099 10
718 82 10
719 8906 10
720 6319 10
721 2369 10
722 5597 10
723 5448 10
724 7019 10
725 6421 10
726 6559 10
727 89 10
728 5584 10
729 7023 10
730 349 10
731 7887 10
732 960 10
733 8049 10
734 8072 10
735 6678 10
736 48 10
737 6077 10
738 6349 10
739 5941 10
740 148 10
741 62 10
742 39 10
743 6125 10
744 2277 10
745 6974 10
746 6027 10
747 6843 10
748 5744 10
749 7999 10
750 6835 10
751 9147 10
752 5615 10
753 6369 10
754 244 10
755 9236 10
756 5616 10
757 8244 10
758 8433 10
759 5888 10
760 7359 10
761 8889 10
762 6410 10
763 6077 10
764 29 10
765 2485 10
766 5492 10
767 9397 10
768 6753 10
769 8730 10
770 8667 10
771 5352 10
772 6430 10
773 8149 10
774 9125 10
775 5479 10
776 6783 10
777 7160 10
778 7243 10
779 5940 10
780 5073 10
781 6145 10
782 173 10
783 5679 10
784 168 10
785 987 10
786 7384 10
787 7867 10
788 5125 10
789 6359 10
790 7073 10
791 224 10
792 7026 10
793 5002 10
794 6757 10
795 7786 10
796 6585 10
797 7838 10
798 58 10
799 629 10
800 6251 10
801 6868 10
802 810 10
803 5834 10
804 8690 10
805 7838 10
806 6818 10
807 5085 10
808 7011 10
809 47 10
810 6687 10
811 654 10
812 6267 10
813 8372 10
814 6458 10
815 516 10
816 5622 10
817 9625 10
818 2633 10
819 5349 10
820 2340 10
821 7226 10
822 5559 10
823 5341 10
824 6065 10
825 6479 10
826 6322 10
827 2755 10
828 7267 10
829 7025 10
830 7451 10
831 6846 10
832 6590 10
833 5683 10
834 4988 10
835 6597 10
836 5713 10
837 6424 10
838 5941 10
839 243 10
840 5369 10
841 7603 10
842 131 10
843 6517 10
844 5540 10
845 9351 10
846 5184 10
847 6213 10
848 6350 10
849 6684 10
850 9479 10
851 9 10
852 6236 10
853 737 10
854 5583 10
855 6601 10
856 6731 10
857 6835 10
858 6689 10
859 25 10
860 6058 10
861 8444 10
862 7500 10
863 5968 10
864 279 10
865 9572 10
866 5705 10
867 5824 10
868 5804 10
869 5918 10
870 5361 10
871 5992 10
872 2440 10
873 6097 10
874 5870 10
875 7384 10
876 5451 10
877 2545 10
878 5822 10
879 5869 10
880 883 10
881 8684 10
882 8244 10
883 6562 10
884 6196 10
885 7897 10
886 9236 10
887 797 10
888 5840 10
889 7393 10
890 7161 10
891 5573 10
892 6574 10
893 7610 10
894 5417 10
895 7238 10
896 5541 10
897 660 10
898 5917 10
899 6267 10
900 5658 10
901 5933 10
902 5380 10
903 5176 10
904 8304 10
905 8163 10
906 6512 10
907 7543 10
908 5983 10
909 2477 10
910 2135 10
911 2482 10
912 6272 10
913 2408 10
914 554 10
915 5378 10
916 6004 10
917 91 10
918 8300 10
919 5684 10
920 8683 10
921 5645 10
922 7877 10
923 8392 10
924 5938 10
925 66 10
926 153 10
927 5759 10
928 6884 10
929 8293 10
930 9241 10
931 5369 10
932 6579 10
933 8501 10
934 1986 10
935 27 10
936 8986 10
937 5413 10
938 327 10
939 6828 10
940 5202 10
941 6255 10
942 5833 10
943 283 10
944 2453 10
945 5354 10
946 6346 10
947 8988 10
948 8065 10
949 5418 10
950 6907 10
951 5033 10
952 5193 10
953 5361 10
954 6907 10
955 6037 10
956 6663 10
957 6221 10
958 132 10
959 2373 10
960 712 10
961 5520 10
962 6731 10
963 5703 10
964 5197 10
965 5954 10
966 5411 10
967 21 10
968 416 10
969 5593 10
970 5887 10
971 6901 10
972 7178 10
973 5533 10
974 6782 10
975 5810 10
976 6403 10
977 2430 10
978 6627 10
979 6407 10
980 6919 10
981 8251 10
982 5068 10
983 6352 10
984 7610 10
985 19 10
986 5845 10
987 8402 10
988 779 10
989 485 10
990 6009 10
991 386 10
992 5235 10
993 5962 10
994 5665 10
995 6418 10
996 6244 10
997 5986 10
998 6856 10
999 8026 10
1000 9437 10
1001 31 10
1002 8989 10
1003 8015 10
1004 8827 10
1005 6312 10
1006 1013 10
1007 5180 10
1008 8293 10
1009 8291 10
1010 6787 10
1011 6459 10
1012 6488 10
1013 6424 10
1014 6120 10
1015 7594 10
1016 7116 10
1017 5657 10
1018 8414 10
1019 5479 10
1020 9147 10
1021 5606 10
1022 5571 10
1023 6056 10
1024 7878 10
1025 7904 10
1026 6162 10
1027 6863 10
1028 5218 10
1029 9330 10
1030 8222 10
1031 7048 10
1032 9488 10
1033 89 10
1034 7014 10
1035 6586 10
1036 6598 10
1037 2589 10
1038 6699 10
1039 9397 10
1040 5769 10
1041 9676 10
1042 7197 10
1043 7497 10
1044 2715 10
1045 8452 10
1046 4975 10
1047 8491 10
1048 6232 10
1049 6644 10
1050 91 10
1051 5849 10
1052 5138 10
1053 6025 10
1054 7338 10
1055 5540 10
1056 2475 10
1057 8774 10
1058 7922 10
1059 2135 10
1060 5152 10
1061 5991 10
1062 6858 10
1063 8220 10
1064 6715 10
1065 6985 10
1066 6573 10
1067 8663 10
1068 5224 10
1069 2783 10
1070 8578 10
1071 9442 10
1072 8433 10
1073 6453 10
1074 8824 10
1075 8300 10
1076 343 10
1077 248 10
1078 7266 10
1079 6319 10
1080 7361 10
1081 6250 10
1082 322 10
1083 5922 10
1084 9098 10
1085 181 10
1086 5858 10
1087 244 10
1088 1978 10
1089 830 10
1090 6756 10
1091 7283 10
1092 27 10
1093 765 10
1094 6596 10
1095 8120 10
1096 6332 10
1097 8239 10
1098 6717 10
1099 2152 10
1100 386 10
1101 6607 10
1102 7401 10
1103 5841 10
1104 6465 10
1105 2288 10
1106 8398 10
1107 104 10
1108 5045 10
1109 8050 10
1110 6693 10
1111 94 10
1112 7310 10
1113 2300 10
1114 5853 10
1115 6565 10
1116 6703 10
1117 96 10
1118 8409 10
1119 7347 10
1120 7592 10
1121 118 10
1122 46 10
1123 8581 10
1124 6910 10
1125 1978 10
1126 1977 10
1127 5663 10
1128 2450 10
1129 7076 10
1130 8194 10
1131 6600 10
1132 615 10
1133 8319 10
1134 7283 10
1135 476 10
1136 7617 10
1137 8374 10
1138 390 10
1139 132 10
1140 8430 10
1141 6285 10
1142 8474 10
1143 6442 10
1144 29 10
1145 5085 10
1146 8531 10
1147 2859 10
1148 24 10
1149 5672 10
1150 7061 10
1151 7248 10
1152 6739 10
1153 2152 10
1154 476 10
1155 5533 10
1156 1001 10
1157 8820 10
1158 6949 10
1159 4896 10
1160 9451 10
1161 2310 10
1162 2310 10
1163 5424 10
1164 6149 10
1165 7800 10
1166 6545 10
1167 6320 10
1168 6465 10
1169 873 10
1170 7095 10
1171 5595 10
1172 6573 10
1173 99 10
1174 6251 10
1175 5841 10
1176 6286 10
1177 7884 10
1178 6403 10
1179 8630 10
1180 6510 10
1181 6015 10
1182 7788 10
1183 6701 10
1184 5543 10
1185 7393 10
1186 7009 10
1187 9020 10
1188 6828 10
1189 5127 10
1190 7557 10
1191 6490 10
1192 7095 10
1193 2696 10
1194 5277 10
1195 5521 10
1196 8958 10
1197 6447 10
1198 253 10
1199 6492 10
1200 7327 10
1201 6666 10
1202 726 10
1203 81 10
1204 5611 10
1205 6047 10
1206 6732 10
1207 8897 10
1208 8120 10
1209 8754 10
1210 5608 10
1211 196 10
1212 6419 10
1213 9619 10
1214 8250 10
1215 7513 10
1216 6421 10
1217 7162 10
1218 6753 10
1219 6046 10
1220 6679 10
1221 464 10
1222 6766 10
1223 9524 10
1224 5608 10
1225 8137 10
1226 5593 10
1227 483 10
1228 8366 10
1229 5562 10
1230 6001 10
1231 7500 10
1232 85 10
1233 5590 10
1234 5474 10
1235 459 10
1236 6871 10
1237 7162 10
1238 8315 10
1239 8821 10
1240 8417 10
1241 5595 10
1242 6780 10
1243 5353 10
1244 483 10
1245 185 10
1246 5981 10
1247 7127 10
1248 2548 10
1249 450 10
1250 8543 10
1251 2040 10
1252 123 10
1253 8735 10
1254 8722 10
1255 5697 10
1256 2452 10
1257 6867 10
1258 2626 10
1259 7705 10
1260 8309 10
1261 6561 10
1262 8523 10
1263 5606 10
1264 8291 10
1265 8525 10
1266 2126 10
1267 8294 10
1268 8530 10
1269 6196 10
1270 9471 10
1271 5310 10
1272 4998 10
1273 6164 10
1274 2017 10
1275 8549 10
1276 2885 10
1277 5872 10
1278 6402 10
1279 8780 10
1280 5666 10
1281 196 10
1282 6817 10
1283 5999 10
1284 8012 10
1285 6599 10
1286 8602 10
1287 5990 10
1288 5833 10
1289 6582 10
1290 5638 10
1291 8067 10
1292 6439 10
1293 2758 10
1294 8206 10
1295 6751 10
1296 5590 10
1297 6318 10
1298 7301 10
1299 6286 10
1300 6395 10
1301 6686 10
1302 7600 10
1303 1110 10
1304 6563 10
1305 7353 10
1306 5869 10
1307 8630 10
1308 6252 10
1309 7600 10
1310 8110 10
1311 71 10
1312 5906 10
1313 8311 10
1314 217 10
1315 7085 10
1316 7919 10
1317 2415 10
1318 750 10
1319 6708 10
1320 123 10
1321 949 10
1322 422 10
1323 8865 10
1324 230 10
1325 5684 10
1326 7617 10
1327 6739 10
1328 72 10
1329 23 10
1330 8988 10
1331 350 10
1332 2529 10
1333 830 10
1334 100 10
1335 5962 10
1336 6561 10
1337 5596 10
1338 12 10
1339 6047 10
1340 6485 10
1341 9714 10
1342 5102 10
1343 5102 10
1344 104 10
1345 5441 10
1346 6535 10
1347 5799 10
1348 6505 10
1349 8571 10
1350 7377 10
1351 7809 10
1352 6260 10
1353 6649 10
1354 6600 10
1355 5287 10
1356 6531 10
1357 2460 10
1358 5683 10
1359 729 10
1360 9706 10
1361 6871 10
1362 6143 10
1363 8282 10
1364 5627 10
1365 956 10
1366 771 10
1367 6702 10
1368 6608 10
1369 7327 10
1370 2458 10
1371 9683 10
1372 5697 10
1373 7293 10
1374 969 10
1375 8414 10
1376 9683 10
1377 6978 10
1378 7812 10
1379 2354 10
1380 320 10
1381 2314 10
1382 9676 10
1383 6661 10
1384 8139 10
1385 5799 10
1386 6096 10
1387 5777 10
1388 8186 10
1389 8282 10
1390 6644 10
1391 6311 10
1392 2611 10
1393 9166 10
1394 8022 10
1395 5969 10
1396 8394 10
1397 724 10
1398 5872 10
1399 6936 10
1400 8010 10
1401 6114 10
1402 9151 10
1403 2937 10
1404 74 10
1405 7910 10
1406 8323 10
1407 9019 10
1408 7594 10
1409 5341 10
1410 7294 10
1411 2221 10
1412 5449 10
1413 6525 10
1414 2944 10
1415 7076 10
1416 8615 10
1417 8013 10
1418 7025 10
1419 8491 10
1420 2415 10
1421 6820 10
1422 118 10
1423 5846 10
1424 824 10
1425 8406 10
1426 7729 10
1427 2354 10
1428 6719 10
1429 8025 10
1430 9349 10
1431 9585 10
1432 5588 10
1433 6412 10
1434 7150 10
1435 6641 10
1436 2472 10
1437 8232 10
1438 2648 10
1439 8278 10
1440 2406 10
1441 6164 10
1442 5959 10
1443 874 10
1444 8158 10
1445 7812 10
1446 5375 10
1447 8645 10
1448 8158 10
1449 68 10
1450 685 10
1451 92 10
1452 5601 10
1453 2545 10
1454 283 10
1455 7053 10
1456 5020 10
1457 2353 10
1458 5967 10
1459 6544 10
1460 2685 10
1461 5598 10
1462 5302 10
1463 94 10
1464 5984 10
1465 5592 10
1466 560 10
1467 5680 10
1468 209 10
1469 6601 10
1470 5731 10
1471 6924 10
1472 969 10
1473 6463 10
1474 809 10
1475 930 10
1476 6755 10
1477 8382 10
1478 6176 10
1479 6008 10
1480 6592 10
1481 6590 10
1482 6751 10
1483 7564 10
1484 5469 10
1485 5453 10
1486 558 10
1487 6505 10
1488 5845 10
1489 7562 10
1490 6457 10
1491 1186 10
1492 7351 10
1493 8381 10
1494 8195 10
1495 8201 10
1496 5851 10
1497 165 10
1498 5974 10
1499 6037 10
1500 2634 10
1501 2892 10
1502 546 10
1503 5916 10
1504 5959 10
1505 6978 10
1506 6181 10
1507 8312 10
1508 6407 10
1509 5934 10
1510 8615 10
1511 6858 10
1512 6063 10
1513 8079 10
1514 6743 10
1515 8983 10
1516 7562 10
1517 8186 10
1518 6473 10
1519 878 10
1520 6353 10
1521 5152 10
1522 8319 10
1523 5180 10
1524 5495 10
1525 5392 10
1526 6414 10
1527 8508 10
1528 7373 10
1529 8623 10
1530 8441 10
1531 37 10
1532 6083 10
1533 6294 10
1534 6570 10
1535 5506 10
1536 5455 10
1537 870 10
1538 7389 10
1539 6630 10
1540 6924 10
1541 5734 10
1542 2353 10
1543 6485 10
1544 137 10
1545 7592 10
1546 20 10
1547 6100 10
1548 5992 10
1549 5130 10
1550 6258 10
1551 6894 10
1552 560 10
1553 6702 10
1554 5418 10
1555 9371 10
1556 5675 10
1557 8932 10
1558 441 10
1559 9166 10
1560 5353 10
1561 7048 10
1562 522 10
1563 8989 10
1564 8714 10
1565 2154 10
1566 6435 10
1567 5616 10
1568 5635 10
1569 2647 10
1570 2610 10
1571 390 10
1572 6372 10
1573 6736 10
1574 248 10
1575 8140 10
1576 2261 10
1577 9031 10
1578 9561 10
1579 8906 10
1580 2373 10
1581 5310 10
1582 949 10
1583 6715 10
1584 6928 10
1585 5728 10
1586 8435 10
1587 6868 10
1588 7557 10
1589 8239 10
1590 5782 10
1591 5622 10
1592 6165 10
1593 183 10
1594 5887 10
1595 62 10
1596 5716 10
1597 6439 10
1598 5146 10
1599 5096 10
1600 5688 10
1601 249 10
1602 9003 10
1603 5549 10
1604 6944 10
1605 6258 10
1606 9578 10
1607 6776 10
1608 5325 10
1609 2437 10
1610 2221 10
1611 93 10
1612 6718 10
1613 6862 10
1614 6397 10
1615 6839 10
1616 5885 10
1617 2165 10
1618 5838 10
1619 5096 10
1620 2336 10
1621 164 10
1622 393 10
1623 2303 10
1624 8409 10
1625 5657 10
1626 8134 10
1627 6699 10
1628 6031 10
1629 797 10
1630 6861 10
1631 172 10
1632 6693 10
1633 724 10
1634 2589 10
1635 7190 10
1636 5981 10
1637 5955 10
1638 8201 10
1639 7178 10
1640 8228 10
1641 8681 10
1642 7800 10
1643 7717 10
1644 5854 10
1645 6571 10
1646 878 10
1647 9151 10
1648 6419 10
1649 163 10
1650 2320 10
1651 6210 10
1652 9594 10
1653 2227 10
1654 5591 10
1655 524 10
1656 5224 10
1657 9561 10
1658 327 10
1659 8031 10
1660 6420 10
1661 2440 10
1662 7351 10
1663 5857 10
1664 8551 10
1665 6249 10
1666 6657 10
1667 5124 10
1668 666 10
1669 2685 10
1670 5646 10
1671 8032 10
1672 5495 10
1673 910 10
1674 1186 10
1675 6864 10
1676 2735 10
1677 6349 10
1678 720 10
1679 8137 10
1680 6455 10
1681 5177 10
1682 8225 10
1683 310 10
1684 5624 10
1685 8263 10
1686 8413 10
1687 9098 10
1688 6471 10
1689 5060 10
1690 6563 10
1691 8232 10
1692 195 10
1693 6542 10
1694 8437 10
1695 8027 10
1696 2450 10
1697 6170 10
1698 9000 10
1699 2453 10
1700 6412 10
1701 7359 10
1702 5033 10
1703 4988 10
1704 24 10
1705 7734 10
1706 9399 10
1707 8277 10
1708 6536 10
1709 2475 10
1710 8228 10
1711 13 10
1712 183 10
1713 653 10
1714 5747 10
1715 5985 10
1716 2417 10
1717 6290 10
1718 7312 10
1719 8021 10
1720 524 10
1721 5218 10
1722 8408 10
1723 5438 10
1724 7296 10
1725 824 10
1726 7401 10
1727 6471 10
1728 87 10
1729 765 10
1730 2389 10
1731 5881 10
1732 6285 10
1733 2479 10
1734 5560 10
1735 6291 10
1736 68 10
1737 9232 10
1738 6133 10
1739 6970 10
1740 8326 10
1741 8204 10
1742 7712 10
1743 9146 10
1744 8224 10
1745 6358 10
1746 6638 10
1747 6296 5 6420 5
1748 6376 10
1749 370 10
1750 2541 10
1751 266 10
1752 9 10
1753 8363 10
1754 2384 10
1755 87 10
1756 7919 10
1757 5524 10
1758 8889 10
1759 8036 10
1760 6787 10
1761 8986 10
1762 5666 10
1763 2311 10
1764 5516 10
1765 6535 10
1766 2165 10
1767 5060 10
1768 157 10
1769 740 10
1770 7987 10
1771 72 10
1772 7080 10
1773 164 10
1774 8663 10
1775 8791 10
1776 649 10
1777 5280 10
1778 6369 10
1779 6473 10
1780 8718 10
1781 8774 10
1782 7866 10
1783 6809 10
1784 2208 10
1785 5325 10
1786 5486 10
1787 960 10
1788 5967 10
1789 6565 10
1790 23 10
1791 8316 10
1792 479 10
1793 5425 10
1794 8735 10
1795 5701 10
1796 6946 10
1797 2074 10
1798 601 10
1799 6884 10
1800 7910 10
1801 6708 10
1802 86 10
1803 9529 10
1804 5352 10
1805 6873 10
1806 6954 10
1807 100 10
1808 5524 10
1809 2384 10
1810 195 10
1811 7243 10
1812 5277 10
1813 8311 10
1814 6149 10
1815 8645 10
1816 5526 10
1817 7705 10
1818 5853 10
1819 9614 10
1820 6433 10
1821 5521 10
1822 5954 10
1823 2336 10
1824 2266 10
1825 98 10
1826 6132 10
1827 6560 10
1828 5551 10
1829 6130 10
1830 6236 10
1831 6324 10
1832 6623 10
1833 5810 10
1834 8041 10
1835 124 10
1836 108 10
1837 7786 10
1838 5312 10
1839 505 10
1840 8355 10
1841 8355 10
1842 7987 10
1843 7014 10
1844 6234 10
1845 6044 10
1846 8357 10
1847 4966 10
1848 6498 10
1849 9146 10
1850 8815 10
1851 249 10
1852 7543 10
1853 6815 10
1854 5125 10
1855 6055 10
1856 5753 10
1857 8349 10
1858 9355 10
1859 7053 10
1860 6081 10
1861 5392 10
1862 636 10
1863 8474 10
1864 5261 10
1865 8681 10
1866 8284 10
1867 6405 10
1868 7818 10
1869 6770 10
1870 649 10
1871 8460 10
1872 6716 10
1873 2389 10
1874 6733 10
1875 5623 10
1876 6582 10
1877 6666 10
1878 5200 10
1879 629 10
1880 5200 10
1881 143 10
1882 2504 10
1883 6370 10
1884 5326 10
1885 6841 10
1886 8204 10
1887 6209 10
1888 726 10
1889 5819 10
1890 8421 10
1891 8287 10
1892 7732 10
1893 69 10
1894 6432 10
1895 400 10
1896 6594 10
1897 6904 10
1898 653 10
1899 702 10
1900 6704 10
1901 2040 10
1902 6272 10
1903 5517 10
1904 99 10
1905 8302 10
1906 6495 10
1907 6338 10
1908 479 10
1909 8207 10
1910 129 10
1911 108 10
1912 8417 10
1913 2277 10
1914 8812 10
1915 7338 10
1916 5681 10
1917 2428 10
1918 8435 10
1919 5744 10
1920 8469 10
1921 205 10
1922 771 10
1923 5672 10
1924 2502 10
1925 7019 10
1926 883 10
1927 5446 10
1928 2472 10
1929 269 10
1930 7071 10
1931 7999 10
1932 377 10
1933 7073 10
1934 6332 10
1935 246 10
1936 9449 10
1937 5953 10
1938 7 10
1939 6946 10
1940 6856 10
1941 6949 10
1942 5204 10
1943 5857 10
1944 6255 10
1945 146 10
1946 485 10
1947 9675 10
1948 5938 10
1949 5989 10
1950 2634 10
1951 6199 10
1952 6229 10
1953 322 10
1954 8149 10
1955 8350 10
1956 630 10
1957 6091 10
1958 7108 10
1959 5791 10
1960 205 10
1961 9094 10
1962 5562 10
1963 6304 10
1964 505 10
1965 7884 10
1966 6322 10
1967 9479 10
1968 5884 10
1969 8845 10
1970 7942 10
1971 702 10
1972 1013 10
1973 9661 10
1974 8891 10
1975 9259 10
1976 5632 10
1977 5655 10
1978 5319 8 5324 2
1979 6381 10
1980 5636 10
1981 5368 10
1982 8551 10
1983 172 10
1984 7897 10
1985 7736 10
1986 6328 10
1987 165 10
1988 6829 10
1989 7958 10
1990 2801 10
1991 6866 10
1992 512 10
1993 5117 10
1994 5575 10
1995 2017 10
1996 6685 10
1997 7238 10
1998 8263 10
1999 9369 10
2000 7007 10
2001 8460 10
2002 6774 10
2003 6289 10
2004 19 10
2005 6161 10
2006 6279 10
2007 5313 10
2008 5777 10
2009 6452 10
2010 6936 10
2011 5681 10
2012 2627 10
2013 601 10
2014 5425 10
2015 2085 10
2016 5571 10
2017 8379 10
2018 8140 10
2019 5450 10
2020 644 10
2021 6925 10
2022 647 10
2023 6300 10
2024 67 10
2025 5517 10
2026 6083 10
2027 185 10
2028 7889 10
2029 5720 10
2030 264 10
2031 6498 10
2032 6596 10
2033 5849 10
2034 58 10
2035 8363 10
2036 6820 10
2037 582 10
2038 6578 10
2039 492 10
2040 2430 10
2041 6370 10
2042 7192 10
2043 133 10
2044 5653 10
2045 552 10
2046 6623 10
2047 7248 10
2048 2541 10
2049 201 10
2050 5960 10
2051 5195 10
2052 5588 10
2053 6031 10
2054 5647 10
2055 5615 10
2056 5671 10
2057 7127 10
2058 6730 10
2059 5968 10
2060 5627 10
2061 209 10
2062 5769 10
2063 48 10
2064 640 10
2065 5983 10
2066 5821 10
2067 5364 10
2068 413 10
2069 6059 10
2070 7809 10
2071 7382 10
2072 6895 10
2073 5728 10
2074 7108 10
2075 6701 10
2076 5094 10
2077 7877 10
2078 5772 10
2079 5319 10
2080 47 10
2081 5560 10
2082 5922 10
2083 57 10
2084 8374 10
2085 6448 10
2086 5984 10
2087 5229 10
2088 8623 10
2089 5438 10
2090 6055 10
2091 8309 10
2092 6483 10
2093 6468 10
2094 6598 10
2095 5969 10
2096 7301 10
2097 6292 10
2098 873 10
2099 5411 10
2100 5906 10
2101 9552 10
2102 7867 10
2103 5918 10
2104 8406 10
2105 9173 10
2106 5716 10
2107 2944 10
2108 6428 10
2109 152 10
2110 6046 10
2111 6371 10
2112 6719 10
2113 8357 10
2114 5840 10
2115 173 10
2116 6944 10
2117 2208 10
2118 5871 10
2119 7789 10
2120 2261 10
2121 256 10
2122 2479 10
2123 6538 10
2124 163 10
2125 6289 10
2126 5819 10
2127 8442 10
2128 8566 10
2129 5587 10
2130 7330 10
2131 5448 10
2132 2340 10
2133 5629 10
2134 8207 10
2135 8278 10
2136 4995 10
2137 6847 10
2138 5583 10
2139 492 10
2140 350 10
2141 315 10
2142 5937 10
2143 7144 10
2144 516 10
2145 5889 10
2146 16 10
2147 7887 10
2148 5861 10
2149 8224 10
2150 6181 10
2151 6428 10
2152 6555 10
2153 6611 10
2154 6602 10
2155 131 10
2156 2783 10
2157 6609 10
2158 7889 10
2159 5587 10
2160 6809 10
2161 310 10
2162 6685 10
2163 6495 10
2164 7451 10
2165 8272 10
2166 6971 10
2167 5280 10
2168 8440 10
2169 2320 10
2170 6333 10
2171 8010 10
2172 6371 10
2173 5649 10
2174 5204 10
2175 8617 10
2176 1001 10
2177 777 10
2178 6575 10
2179 6574 10
2180 6711 10
2181 6627 10
2182 5209 10
2183 522 10
2184 6112 10
2185 1969 10
2186 5444 1 6339 9
2187 8107 10
2188 6175 10
2189 5888 10
2190 6133 10
2191 562 10
2192 7293 10
2193 2399 10
2194 9244 10
2195 6291 10
2196 9658 10
2197 5766 10
2198 9472 10
2199 554 10
2200 9633 10
2201 5124 10
2202 8543 10
2203 157 10
2204 6611 10
2205 6531 10
2206 8783 10
2207 5455 10
2208 2648 10
2209 6447 10
2210 93 10
2211 2428 10
2212 57 10
2213 9488 10
2214 5966 10
2215 562 10
2216 7942 10
2217 712 10
2218 6545 10
2219 6350 10
2220 5735 10
2221 8049 10
2222 5649 10
2223 6459 10
2224 9471 10
2225 5354 10
2226 5467 10
2227 6389 10
2228 7007 10
2229 15 10
2230 5699 10
2231 806 10
2232 630 10
2233 5557 10
2234 2626 10
2235 6632 10
2236 92 10
2237 6730 10
2238 5095 10
2239 6430 10
2240 5846 10
2241 636 10
2242 8368 10
2243 2657 10
2244 168 10
2245 6544 10
2246 8280 10
2247 5651 10
2248 6008 10
2249 5653 10
2250 2627 10
2251 8367 10
2252 9459 10
2253 8 10
2254 6650 10
2255 7296 10
2256 2460 10
2257 8865 10
2258 6177 10
2259 6801 10
2260 6165 10
2261 6066 10
2262 6826 10
2263 314 10
2264 553 10
2265 9619 10
2266 5522 10
2267 155 10
2268 1985 10
2269 6643 10
2270 6238 10
2271 8220 10
2272 5624 10
2273 6290 10
2274 6373 10
2275 6755 10
2276 5916 10
2277 5713 10
2278 6904 10
2279 5885 10
2280 5985 10
2281 5803 10
2282 7150 10
2283 6244 10
2284 5863 10
2285 5645 10
2286 40 10
2287 5623 10
2288 5286 10
2289 81 10
2290 8661 10
2291 5889 10
2292 5130 10
2293 5868 10
2294 6910 10
2295 8497 10
2296 6479 10
2297 6585 10
2298 6679 10
2299 8208 10
2300 5349 10
2301 7382 10
2302 8817 10
2303 2198 10
2304 8294 10
2305 7347 10
2306 6785 10
2307 46 10
2308 8897 10
2309 9774 10
2310 5483 10
2311 7294 10
2312 5398 10
2313 6595 10
2314 8794 10
2315 7922 10
2316 25 10
2317 7344 10
2318 7603 10
2319 6228 10
2320 5695 10
2321 5434 10
2322 6378 10
2323 2227 10
2324 103 10
2325 6146 10
2326 6608 10
2327 6610 10
2328 9472 10
2329 6173 10
2330 6733 10
2331 6157 10
2332 8272 10
2333 6391 10
2334 9209 10
2335 6193 10
2336 272 10
2337 558 10
2338 6870 10
2339 6580 10
2340 2834 10
2341 7071 10
2342 2289 10
2343 349 10
2344 6107 10
2345 8267 10
2346 5937 10
2347 8636 10
2348 6433 10
2349 9399 10
2350 5454 10
2351 490 10
2352 6514 10
2353 6948 10
2354 5501 10
2355 870 10
2356 8077 10
2357 6005 10
2358 6725 10
2359 5469 10
2360 6145 10
2361 5652 10
2362 7085 10
2363 6954 10
2364 6818 10
2365 968 10
2366 5229 10
2367 8566 10
2368 5235 10
2369 6622 10
2370 8323 10
2371 5528 10
2372 9466 10
2373 9371 10
2374 5441 10
2375 2696 10
2376 6455 10
2377 9355 10
2378 71 10
2379 8479 10
2380 1969 10
2381 5507 10
2382 5443 10
2383 35 10
2384 7344 10
2385 6391 10
2386 9594 10
2387 8225 10
2388 7892 10
2389 6703 10
2390 8110 10
2391 777 10
2392 6717 10
2393 8376 10
2394 806 10
2395 6199 10
2396 6125 10
2397 37 10
2398 5632 10
2399 8506 10
2400 6630 10
2401 6709 10
2402 8365 10
2403 153 10
2404 6726 10
2405 8108 10
2406 6621 10
2407 2345 10
2408 5884 10
2409 7192 10
2410 5598 10
2411 6815 10
2412 5905 10
2413 8730 10
2414 5451 10
2415 6557 10
2416 6575 10
2417 6493 10
2418 7310 10
2419 5635 10
2420 6559 10
2421 5679 10
2422 6338 10
2423 5094 10
2424 6659 10
2425 5482 10
2426 5661 10
2427 269 10
2428 6188 10
2429 2284 10
2430 6542 10
2431 6806 10
2432 6328 10
2433 6700 10
2434 6180 10
2435 6107 10
2436 5380 10
2437 5368 10
2438 6522 10
2439 7226 10
2440 6143 10
2441 2311 10
2442 26 10
2443 5572 10
2444 7138 10
2445 6863 10
2446 2074 10
2447 103 10
2448 9517 10
2449 377 10
2450 6782 10
2451 5814 10
2452 6175 10
2453 5638 10
2454 69 10
2455 5596 10
2456 6005 10
2457 9265 10
2458 8379 10
2459 85 10
2460 9671 10
2461 5766 10
2462 5572 10
2463 5715 10
2464 279 10
2465 7415 10
2466 5073 10
2467 8824 10
2468 7228 10
2469 152 10
2470 8591 10
2471 6112 10
2472 2198 10
2473 6114 10
2474 8332 10
2475 2345 10
2476 6826 10
2477 8891 10
2478 740 10
2479 8421 10
2480 1985 10
2481 8591 10
2482 5861 10
2483 2284 10
2484 9437 10
2485 5687 10
2486 5326 10
2487 6027 10
2488 9369 10
2489 8578 10
2490 2300 10
2491 5753 10
2492 7395 10
2493 8041 10
2494 8312 10
2495 5687 10
2496 666 10
2497 217 10
2498 8670 10
2499 137 10
2500 400 10
2501 8602 10
2502 314 10
2503 6161 10
2504 6515 10
2505 654 10
2506 5013 10
2507 180 10
2508 6624 10
2509 39 10
2510 5302 10
2511 6632 10
2512 7265 10
2513 6458 10
2514 6099 10
2515 9664 10
2516 8299 10
2517 8501 10
2518 416 10
2519 6560 10
2520 7334 10
2521 5990 10
2522 5450 10
2523 6389 10
2524 201 10
2525 6686 10
2526 9524 10
2527 6891 10
2528 8372 10
2529 552 10
2530 6846 10
2531 143 10
2532 8549 10
2533 6381 10
2534 8410 10
2535 6867 10
2536 4941 10
2537 6684 10
2538 8222 10
2539 6176 10
2540 6065 10
2541 5557 10
2542 5516 10
2543 6432 10
2544 6353 10
2545 8022 10
2546 7080 10
2547 6901 10
2548 5334 10
2549 5493 10
2550 8667 10
2551 8366 10
2552 8027 10
2553 6704 10
2554 2647 10
2555 8067 10
2556 5434 10
2557 5773 10
2558 6711 10
2559 5995 10
2560 7891 10
2561 8752 10
2562 2399 10
2563 6100 10
2564 6695 10
2565 6779 10
2566 5592 10
2567 5669 10
2568 8508 10
2569 6661 10
2570 6726 10
2571 8350 10
2572 9232 10
2573 2314 10
2574 6508 10
2575 5522 10
2576 7312 10
2577 6408 10
2578 7228 10
2579 2735 10
2580 809 10
2581 5695 10
2582 7138 10
2583 7407 10
2584 6408 10
2585 8497 10
2586 5721 10
2587 7266 10
2588 5287 10
2589 5782 10
2590 6028 10
2591 6722 10
2592 20 10
2593 2482 10
2594 5770 10
2595 6736 10
2596 6213 10
2597 6580 10
2598 6735 10
2599 2000 10
2600 8670 10
2601 133 10
2602 2892 10
2603 6638 10
2604 5551 10
2605 5851 10
2606 5390 10
2607 2452 10
2608 785 10
2609 2174 10
2610 5917 10
2611 2365 10
2612 647 10
2613 2288 10
2614 8890 10
2615 7768 10
2616 6004 10
2617 5597 10
2618 6982 10
2619 8008 10
2620 9209 10
2621 9658 10
2622 5454 10
2623 1110 10
2624 6066 10
2625 82 10
2626 6331 10
2627 4995 10
2628 6517 10
2629 9714 10
2630 33 10
2631 7161 10
2632 2360 10
2633 9635 10
2634 737 10
2635 8077 10
2636 8349 10
2637 5506 10
2638 5759 10
2639 2125 10
2640 8015 10
2641 5250 10
2642 6555 10
2643 7717 10
2644 6783 10
2645 779 10
2646 2458 10
2647 6620 10
2648 2126 10
2649 5493 10
2650 6405 10
2651 6572 10
2652 6592 10
2653 6770 10
2654 8304 10
2655 8108 10
2656 155 10
2657 6919 10
2658 9094 10
2659 2777 10
2660 413 10
2661 5453 10
2662 7389 10
2663 6095 10
2664 6526 10
2665 5720 10
2666 8316 10
2667 5121 10
2668 6766 10
2669 2633 10
2670 5824 10
2671 5791 10
2672 4896 10
2673 2381 10
2674 2715 10
2675 6594 10
2676 393 10
2677 363 10
2678 2689 10
2679 6557 10
2680 5699 10
2681 750 10
2682 2359 10
2683 8026 10
2684 6195 10
2685 512 10
2686 9579 10
2687 930 10
2688 9536 10
2689 6321 10
2690 6305 10
2691 6718 10
2692 8752 10
2693 5139 10
2694 6586 10
2695 5206 10
2696 9339 10
2697 5823 10
2698 5127 10
2699 6056 10
2700 7011 10
2701 6001 10
2702 6468 10
2703 8139 10
2704 8302 10
2705 5655 10
2706 6780 10
2707 5870 10
2708 6346 10
2709 8032 10
2710 2000 10
2711 6525 10
2712 6358 10
2713 5669 10
2714 2365 10
2715 5652 10
2716 6367 10
2717 243 10
2718 5068 10
2719 6653 10
2720 6725 10
2721 7009 10
2722 6435 10
2723 9351 10
2724 180 10
2725 8307 10
2726 5834 10
2727 8392 10
2728 6294 10
2729 9572 10
2730 9000 10
2731 2424 10
2732 1977 10
2733 8791 10
2734 5013 10
2735 2245 10
2736 66 10
2737 785 10
2738 7116 10
2739 6774 10
2740 8008 10
2741 6847 10
2742 6306 10
2743 533 10
2744 5667 10
2745 8441 10
2746 6889 10
2747 6095 10
2748 9449 10
2749 582 10
2750 6170 10
2751 6974 10
2752 6333 10
2753 320 10
2754 8280 10
2755 6372 10
2756 5261 10
2757 264 10
2758 6614 10
2759 9614 10
2760 5413 10
2761 9216 10
2762 6970 10
2763 6622 10
2764 8368 10
2765 2502 10
2766 7712 10
2767 5974 10
2768 5739 10
2769 8713 10
2770 5045 10
2771 7824 10
2772 5559 10
2773 4941 10
2774 6091 10
2775 2359 10
2776 266 10
2777 6562 10
2778 253 10
2779 5803 10
2780 6570 10
2781 6081 10
2782 6232 10
2783 6321 10
2784 467 10
2785 8523 10
2786 7892 10
2787 8714 10
2788 9585 10
2789 230 10
2790 6709 10
2791 6483 10
2792 7 10
2793 334 10
2794 5197 10
2795 5827 10
2796 6624 10
2797 9707 10
2798 6928 10
2799 5646 10
2800 343 10
2801 8636 10
2802 5312 10
2803 5701 10
2804 2289 10
2805 6515 10
2806 8780 10
2807 7878 10
2808 7497 10
2809 9675 10
2810 6359 10
2811 6220 10
2812 59 10
2813 5634 10
2814 6512 10
2815 5492 10
2816 5482 10
2817 6841 10
2818 8012 10
2819 5541 10
2820 2360 10
2821 7789 10
2822 6132 10
2823 9505 10
2824 6700 10
2825 874 10
2826 315 10
2827 6028 10
2828 6840 10
2829 32 10
2830 8815 10
2831 6659 10
2832 9140 10
2833 7267 10
2834 5139 10
2835 245 10
2836 6264 10
2837 9362 10
2838 5626 10
2839 6032 10
2840 9290 10
2841 8530 10
2842 8722 10
2843 6757 10
2844 5057 10
2845 6287 10
2846 9099 10
2847 8817 10
2848 2154 10
2849 8427 10
2850 6162 10
2851 6653 10
2852 7958 10
2853 6538 10
2854 9003 10
2855 31 10
2856 6252 10
2857 450 10
2858 6817 10
2859 2406 10
2860 553 10
2861 6414 10
2862 9625 10
2863 6130 10
2864 5002 10
2865 6397 10
2866 6642 10
2867 8 10
2868 33 10
2869 6048 10
2870 8413 10
2871 7137 10
2872 6982 10
2873 9290 10
2874 8479 10
2875 2303 10
2876 6418 10
2877 956 10
2878 8660 10
2879 8718 10
2880 7950 10
2881 12 10
2882 5868 10
2883 6395 10
2884 2417 10
2885 6894 10
2886 9442 10
2887 5814 10
2888 13 10
2889 9633 10
2890 2689 10
2891 6373 10
2892 96 10
2893 467 10
2894 5933 10
2895 2266 10
2896 6743 10
2897 6599 10
2898 6647 10
2899 1986 10
2900 810 10
2901 5643 10
2902 8582 10
2903 9466 10
2904 8287 10
2905 987 10
2906 363 10
2907 5821 10
2908 2092 10
2909 6453 10
2910 6229 10
2911 685 10
2912 6305 10
2913 6023 10
2914 7818 10
2915 6571 10
2916 6249 10
2917 5507 10
2918 2755 10
2919 6642 10
2920 6320 10
2921 5960 10
2922 9671 10
2923 5543 10
2924 5863 10
2925 968 10
2926 8845 10
2927 5375 10
2928 7729 10
2929 5734 10
2930 5591 10
2931 98 10
2932 6647 10
2933 6184 10
2934 2758 10
2935 8821 10
2936 6188 10
2937 5905 10
2938 5976 10
2939 8581 10
2940 9664 10
2941 8660 10
2942 6177 10
2943 600 10
2944 9578 10
2945 6665 10
2946 5449 10
2947 6616 10
2948 7353 10
2949 59 10
2950 5501 10
2951 6722 10
2952 9505 10
2953 8376 10
2954 8195 10
2955 26 10
2956 2085 10
2957 9330 10
2958 8289 10
2959 8574 10
2960 660 10
2961 7112 10
2962 7200 10
2963 6843 10
2964 5611 10
2965 600 10
2966 74 10
2967 2485 10
2968 7564 10
2969 6862 10
2970 5629 10
2971 7891 10
2972 5647 10
2973 2477 10
2974 8021 10
2975 5286 10
2976 8169 10
2977 8072 10
2978 5607 10
2979 6287 10
2980 5153 10
2981 8013 10
2982 40 10
2983 5417 10
2984 2937 10
2985 8732 10
2986 2437 10
2987 6044 10
2988 7272 10
2989 6238 10
2990 7265 10
2991 6649 10
2992 5195 10
2993 8574 10
2994 6088 10
2995 6650 10
2996 8299 10
2997 5364 10
2998 148 10
2999 720 10
3000 5607 10
