100
1 279 50 294 47
2 805 46 806 10 825 34 861 50
3 290 50 310 44 340 40
4 729 11 734 50
5 9 40 18 42
6 622 40 641 50 644 50 654 50 658 50 665 15 668 50 673 50
7 754 8
8 648 50 655 50 676 50 692 50 696 40 715 6 720 50 721 50 742 50 748 50 754 42 759 50
9 700 50 707 50 709 50 710 27
10 993 5
11 712 7
12 634 50 636 29
13 579 50 581 50 587 50 589 40 591 14
14 963 23
15 797 50 805 4
16 694 26 698 50
17 245 50 283 50 293 50 298 50 306 50 308 18
18 667 50 675 50 680 50 683 7 689 50 694 24
19 653 50 662 50 671 1 674 50 677 50 682 50 683 43 704 50 706 50 710 23
20 817 50 825 16 826 50
21 624 10
22 715 10
23 681 10
24 723 10
25 701 10
26 651 10
27 589 10
28 258 10
29 722 10
30 699 10
31 665 10
32 708 10
33 104 10
34 686 10
35 556 10
36 716 10
37 695 10
38 713 10
39 708 10
40 340 10
41 622 10
42 739 10
43 64 10
44 258 10
45 656 10
46 608 10
47 606 10
48 35 10
49 608 10
50 507 10
51 323 10
52 490 10
53 691 10
54 104 10
55 729 10
56 712 10
57 713 10
58 691 10
59 64 10
60 722 10
61 4 10
62 308 10
63 696 10
64 671 10
65 9 10
66 714 10
67 651 10
68 699 10
69 656 10
70 323 10
71 146 10
72 13 2 18 8
73 90 10
74 650 10
75 56 10
76 716 10
77 249 10
78 650 10
79 681 10
80 726 10
81 726 10
82 90 10
83 532 10
84 739 10
85 35 10
86 714 10
87 507 10
88 723 10
89 504 10
90 626 10
91 686 10
92 249 7 294 3
93 636 10
94 701 10
95 695 10
96 624 10
97 490 10
98 626 10
99 718 10
100 13 10
